# Bundle file v0.3
9 495
0 0 0
0 0 0
0 0 0
0 0 0
0 0 0
0 0 0
0 0 0
0 0 0
0 0 0
0 0 0
0 0 0
0 0 0
0 0 0
0 0 0
0 0 0
0 0 0
0 0 0
0 0 0
0 0 0
0 0 0
0 0 0
0 0 0
0 0 0
0 0 0
0 0 0
6.8586637794e+02 -1.2629648743e-01 -4.7763998755e-02
9.7118971452e-01 9.6201192414e-02 2.1802722074e-01
-8.5135430227e-02 9.9458437995e-01 -5.9614341208e-02
-2.2258143886e-01 3.9334993781e-02 9.7412024994e-01
1.1302229465e+00 -3.5095590750e-01 2.1333967712e-01
6.8429707938e+02 -1.1007963595e-01 -3.1057289987e-02
9.9997386941e-01 3.2046199522e-03 -6.4800397844e-03
-3.2858391765e-03 9.9991569369e-01 -1.2562196503e-02
6.4392364106e-03 1.2583160614e-02 9.9990009516e-01
-9.4722130598e-02 -7.2086119356e-02 1.5982734323e-01
6.8472100722e+02 -1.3048679847e-01 2.8687716588e-02
9.9737028333e-01 5.4621356709e-02 4.7634287182e-02
-5.1673901723e-02 9.9679589056e-01 -6.1055388351e-02
-5.0816589859e-02 5.8433380504e-02 9.9699709841e-01
4.6184613605e-01 -7.2650885161e-01 -2.2028396129e-01
6.8381712133e+02 -1.2324491215e-01 -1.9502521534e-02
-9.2486549205e-01 -3.4243301504e-01 -1.6541901892e-01
2.8928647247e-01 -9.1584328259e-01 2.7846798485e-01
-2.4685452894e-01 2.0969194537e-01 9.4609308717e-01
-3.5225395865e-01 2.3676427765e+00 -4.3256719254e-01
1.8504717567e+00 -1.0927854433e+00 -6.6641083577e+00
203 182 70
3 6 325 186.6000 -113.1000 7 505 185.2800 -144.2900 5 350 138.2300 -120.9300
2.1185013129e+00 -8.3398292387e-01 -6.1347465326e+00
221 195 83
4 6 501 232.6100 -94.2900 7 513 231.0500 -133.6600 5 517 191.1200 -107.2700 8 744 -98.2100 198.0700
2.1185013129e+00 -8.3398292387e-01 -6.1347465326e+00
221 195 83
4 6 500 232.6100 -94.2900 7 512 231.0500 -133.6600 5 516 191.1200 -107.2700 8 745 -98.2100 198.0700
2.1379874772e+00 -8.2437396491e-01 -6.0989875874e+00
177 153 51
4 6 778 235.9600 -93.7600 7 766 234.5900 -133.5800 5 514 194.9400 -107.2800 8 1065 -101.3500 199.5400
2.1388775550e+00 -7.2694274915e-01 -6.1167252203e+00
214 189 76
4 6 508 235.6200 -82.6500 7 523 234.7100 -123.2200 5 356 195.4300 -96.4200 8 734 -104.6000 190.6000
2.1468713816e+00 -6.5299677215e-01 -6.0876437549e+00
215 190 73
4 6 328 237.6100 -74.5900 7 359 237.4300 -116.4400 5 360 198.5000 -89.2900 8 529 -109.1800 186.1600
2.1267774076e+00 -7.6437904096e-01 -6.1187959081e+00
215 191 85
4 6 781 234.1700 -86.8000 7 775 233.2700 -126.8800 5 745 193.5500 -100.3000 8 1052 -101.9900 193.4200
2.4398306936e+00 -4.4428482465e-01 -5.3154199884e+00
226 182 185
4 6 163 308.2400 -59.3400 7 183 306.7600 -113.6100 5 173 277.9200 -82.6000 8 262 -171.1900 217.4600
2.1007899246e+00 -9.2603976142e-01 -6.1751405782e+00
212 189 70
4 6 326 228.6500 -104.2400 7 355 227.0900 -141.5600 5 351 186.2800 -115.9600 8 541 -92.3400 203.0300
1.8545441746e+00 -1.0557511879e+00 -6.6729267018e+00
41 28 0
3 6 771 186.9200 -109.1800 7 757 185.5800 -140.7200 5 720 138.6900 -116.9200
1.8545441746e+00 -1.0557511879e+00 -6.6729267018e+00
41 28 0
3 6 772 186.9200 -109.1800 7 758 185.5800 -140.7200 5 721 138.6900 -116.9200
2.4504331481e+00 -3.3517164681e-01 -5.3098047700e+00
234 192 195
3 6 528 309.9400 -45.2700 7 533 309.3700 -101.2900 5 541 281.1000 -69.8300
2.4431789626e+00 -3.8337410617e-01 -5.3257817379e+00
239 180 181
3 6 793 308.0600 -51.3800 7 794 307.1300 -106.4500 5 762 278.5400 -75.1900
2.0457967011e+00 -6.0338223187e-01 -6.2713901038e+00
218 186 68
3 6 46 220.4100 -65.7700 7 51 220.6100 -106.8200 5 27 179.9500 -81.0800
-8.1356419665e-01 4.9930575230e-01 -4.5307261634e+00
21 27 43
3 6 54 -136.5500 75.8500 7 57 -78.7900 13.0600 5 33 -102.4000 82.8100
-8.1205643388e-01 4.9965039249e-01 -4.5295665478e+00
21 27 43
4 6 55 -136.5500 75.8500 7 58 -78.7900 13.0600 5 34 -102.4000 82.8100 8 76 149.5900 63.6800
-8.1356419665e-01 4.9930575230e-01 -4.5307261634e+00
21 27 43
3 6 56 -136.5500 75.8500 7 59 -78.7900 13.0600 5 35 -102.4000 82.8100
-7.7992847664e-01 -2.2135346085e-01 -4.9848356228e+00
23 24 28
3 6 66 -118.7900 -32.0500 7 75 -74.9800 -79.7100 5 49 -112.1700 -31.7400
8.6928096857e-01 5.6364145421e-02 -5.5898860710e+00
210 178 197
3 6 49 101.7700 6.5300 7 54 124.9700 -43.6100 5 51 95.8400 -4.6000
9.2651124999e-02 3.3804597944e-01 -5.4533423417e+00
152 22 32
4 6 53 4.8600 43.2200 7 83 38.3700 -7.9800 5 54 8.7600 41.3300 8 96 43.9400 69.6800
-8.5618469881e-01 6.0636794979e-01 -4.5530106574e+00
192 205 242
4 6 78 -142.5900 91.8000 7 88 -83.9200 29.0700 5 57 -107.5000 101.5400 8 89 152.4500 45.4800
1.0394854776e+00 -7.0336610938e-03 -5.4455765197e+00
180 117 131
3 6 90 126.8000 -0.7900 7 102 147.4500 -54.0300 5 76 122.0400 -16.8300
1.3078685556e+00 2.0110563311e-01 -5.4983999082e+00
188 119 130
3 6 70 159.9400 25.2800 7 80 178.0800 -30.7200 5 77 153.2900 8.0100
9.9728727996e-01 5.4677511102e-01 -5.4527360414e+00
213 193 208
3 6 74 121.3300 70.0900 7 84 147.0700 11.8600 5 82 123.8300 55.4500
9.9728727996e-01 5.4677511102e-01 -5.4527360414e+00
213 193 208
3 6 75 121.3300 70.0900 7 85 147.0700 11.8600 5 83 123.8300 55.4500
3.8928972315e-01 4.7200803474e-01 -5.3358790471e+00
72 2 3
3 6 96 43.5500 61.2900 7 111 77.0400 6.2200 5 84 52.9100 54.8800
-7.9725547613e-01 3.7769262671e-01 -4.5820672719e+00
187 201 240
3 6 73 -132.4300 56.4800 7 110 -77.1000 -4.1500 5 85 -102.0400 61.3800
8.2997890473e-01 5.3938710509e-01 -5.4543191226e+00
95 0 2
3 6 132 99.6900 69.1700 7 147 127.5700 12.0000 5 108 103.5100 56.9400
4.7752015981e-01 9.5333617997e-01 -5.4982959795e+00
163 18 29
3 6 104 53.8900 121.5400 7 113 87.7400 64.4300 5 113 63.7400 115.6700
2.2639925912e+00 -1.0746181829e+00 -5.7885242344e+00
202 197 106
3 6 117 262.0000 -128.6800 7 128 257.7300 -168.6300 5 120 220.9400 -142.5500
9.9253444585e-01 4.9437471233e-02 -5.5202921611e+00
72 5 8
3 6 178 118.7500 4.5900 7 198 140.4500 -45.7800 5 140 114.0100 -6.6900
4.4243043210e-02 4.2705451172e-01 -5.4364631573e+00
225 56 94
3 6 128 -1.7000 54.5100 7 202 32.7700 3.3400 5 150 4.0200 53.7400
4.4243043210e-02 4.2705451172e-01 -5.4364631573e+00
225 56 94
3 6 129 -1.7000 54.5100 7 203 32.7700 3.3400 5 151 4.0200 53.7400
-5.1477547659e-01 4.2855393170e-01 -4.6013715062e+00
108 54 70
3 6 190 -88.7600 64.1400 7 145 -35.6600 0.9700 5 153 -54.9500 65.0900
1.9233388816e-01 6.2242930598e-01 -5.3516004240e+00
217 202 221
3 6 134 17.6700 81.4400 7 149 53.6900 25.9700 5 156 28.5500 77.8500
-8.6084028125e-01 4.9562096599e-01 -4.5119042811e+00
18 20 30
3 6 133 -144.3300 74.7400 7 206 -86.2600 12.5400 5 157 -110.1000 84.1500
4.2308600615e-01 1.0387465367e+00 -5.5037478626e+00
171 150 172
4 6 139 46.7000 132.2400 7 157 81.7400 75.0300 5 163 57.8600 127.6000 8 149 -23.5700 0.6800
2.4453228332e+00 -4.4516848947e-01 -5.3245597193e+00
226 182 185
3 6 164 308.2400 -59.3400 7 184 306.7600 -113.6100 5 174 277.9200 -82.6000
9.0446680075e-01 -6.4811607344e-02 -5.5271034867e+00
51 9 18
3 6 242 107.6200 -8.8500 7 256 129.1300 -58.8000 5 198 101.5000 -20.9700
8.2344575379e-01 1.2673027175e-01 -5.6328581840e+00
139 29 46
3 6 248 95.5400 14.7800 7 263 118.5500 -34.3900 5 206 89.8800 5.3600
-4.3240393133e-01 3.0314226108e-01 -4.5501446618e+00
157 99 113
4 6 186 -77.4700 45.5000 7 269 -24.4800 -18.2400 5 208 -42.0100 42.7400 8 335 103.7300 103.6900
1.0415237441e+00 6.3325800188e-01 -5.4725244677e+00
44 9 7
4 6 194 125.6800 80.3800 7 148 152.5500 21.9900 5 214 129.4700 65.8900 8 161 -75.0800 66.8900
1.5473503755e-01 5.5318359016e-01 -5.3368241502e+00
82 11 26
3 6 193 12.9700 72.6000 7 283 48.4200 17.4500 5 217 23.2900 69.1500
-5.2941326807e-01 4.6980612602e-01 -4.5928020160e+00
235 181 195
3 6 192 -91.0500 70.9400 7 277 -37.4700 6.7600 5 218 -56.6200 72.0500
-8.9847363000e-01 4.4981743237e-01 -4.5538342726e+00
183 230 255
4 6 258 -149.1900 67.5700 7 278 -91.4000 6.6400 5 222 -117.6500 75.7400 8 322 164.9400 65.3500
-8.3356656794e-01 5.6488122342e-01 -4.4286612444e+00
179 225 255
3 6 264 -142.4100 86.7700 7 290 -84.4100 23.2000 5 224 -102.1800 95.9100
-8.5699535358e-01 6.2320049933e-01 -4.5357969962e+00
243 231 243
3 6 266 -142.9300 95.1500 7 293 -84.1800 31.5200 5 225 -107.9100 104.4700
-7.6659669481e-01 7.2430371506e-01 -4.4888423087e+00
225 165 177
4 6 273 -130.7700 111.6500 7 296 -70.8500 45.9700 5 226 -90.6000 120.5900 8 312 132.3200 36.5600
9.5359026122e-01 -1.7441815240e-02 -5.5445960913e+00
66 13 22
3 6 358 113.6800 -2.4400 7 381 134.6200 -53.5200 5 273 106.9800 -15.3900
1.2234277838e+00 9.3498945948e-02 -5.4463010369e+00
95 35 39
3 6 247 150.5600 11.3200 7 261 169.3300 -43.5800 5 275 145.0500 -4.7300
1.1054848746e+00 9.9510303444e-02 -5.4978614577e+00
172 101 113
3 6 361 133.9200 11.7800 7 262 154.3900 -41.2100 5 276 128.7700 -2.2400
6.6351518696e-01 1.9030279984e-01 -5.5853862513e+00
115 4 13
3 6 253 76.3100 23.5200 7 268 101.9800 -26.8800 5 283 73.4000 14.4700
9.0643284379e-01 5.8101633850e-01 -5.4423638992e+00
104 11 16
4 6 260 110.2900 74.3800 7 281 137.0500 16.5800 5 296 114.2400 61.6900 8 217 -57.9000 69.9400
-4.7575929294e-02 5.8412718392e-01 -5.3469111127e+00
108 9 22
3 6 263 -13.8400 76.4200 7 287 23.5600 22.9300 5 297 -3.4300 76.3000
-8.2376625351e-01 4.6781598565e-01 -4.5433296187e+00
255 254 254
4 6 259 -137.4700 70.8400 7 279 -80.3100 8.8500 5 298 -104.9900 77.5000 8 323 153.5300 66.9600
5.6042115284e-01 9.1510603739e-01 -5.5058718389e+00
153 14 28
4 6 403 64.1100 116.7400 7 429 96.8800 59.5500 5 304 73.7400 108.4200 8 449 -33.4000 19.1300
-8.6419732554e-01 7.3396498772e-01 -4.5054042080e+00
227 167 179
3 6 401 -144.7900 112.9700 7 421 -85.0800 47.8700 5 312 -106.8300 124.0400
-9.6868059543e-01 7.3277224819e-01 -4.5178150732e+00
133 74 96
3 6 602 -160.5600 112.1700 7 422 -100.0800 48.4600 5 313 -125.0400 125.9000
4.5341859461e-01 1.0831792069e+00 -5.4975770091e+00
166 22 33
4 6 277 50.8700 137.9600 7 302 85.7600 80.2600 5 314 62.4300 133.1100 8 298 -28.8500 -2.9700
1.5507443867e+00 1.2279897486e+00 -5.2493223636e+00
69 31 28
3 6 199 198.3500 161.6800 7 218 225.5000 90.9100 5 315 208.4500 136.3100
1.5507443867e+00 1.2279897486e+00 -5.2493223636e+00
69 31 28
3 6 200 198.3500 161.6800 7 219 225.5000 90.9100 5 316 208.4500 136.3100
1.7082191369e+00 -3.3078578708e+00 -1.2265855230e+01
97 90 106
4 6 465 93.8900 -180.3500 7 490 74.5800 -179.1000 5 339 -11.2100 -169.6600 8 683 63.6800 127.9600
-1.1661476578e+00 -2.7539656831e+00 -1.2513045636e+01
72 44 55
3 6 743 -64.8700 -144.9100 7 759 -77.0200 -140.7000 5 347 -171.7400 -129.6700
2.1255138813e+00 -8.0331835488e-01 -6.1331022047e+00
214 191 78
3 6 503 233.2600 -91.1100 7 515 232.1800 -130.3400 5 354 192.3100 -104.1700
-7.8188164105e-01 -1.6215321072e-01 -4.9646436779e+00
251 253 255
3 6 342 -119.6400 -23.7800 7 373 -74.8000 -72.5900 5 386 -111.6600 -22.9300
9.1510852340e-01 -2.9047785547e-02 -5.5820629549e+00
173 134 153
3 6 355 108.0300 -4.3700 7 380 129.1000 -54.1500 5 389 100.6800 -15.4400
2.0637287087e+00 5.7241343100e-01 -6.2116700169e+00
110 64 25
3 6 378 225.1000 63.6400 7 403 234.3100 12.2600 5 407 198.4400 44.8200
-8.0440520739e-01 4.0515168100e-01 -4.5453088638e+00
165 217 254
3 6 377 -134.6600 61.0800 7 577 -78.2700 -0.4800 5 418 -102.3700 66.3900
-9.2534743549e-01 4.2334085371e-01 -4.5616315022e+00
168 156 197
3 6 578 -152.6700 63.5200 7 580 -95.2000 2.8500 5 426 -123.0400 71.9300
-5.7198658754e-01 5.9782059333e-01 -4.5231769732e+00
170 104 126
4 6 390 -99.1500 91.5100 7 410 -42.6700 25.7000 5 431 -59.9500 94.9700 8 484 110.4900 60.6000
-8.1506751773e-01 7.0689081405e-01 -4.4952280002e+00
178 107 123
4 6 601 -137.4800 108.8600 7 594 -77.8900 43.7100 5 440 -98.7500 118.7400 8 632 141.8800 36.5900
-8.5653090227e-01 7.0350883462e-01 -4.4934276475e+00
174 107 127
4 6 398 -144.2200 108.2800 7 595 -84.0300 43.5200 5 441 -106.1400 118.9800 8 466 147.8700 35.3400
-8.5732704395e-01 7.0403863432e-01 -4.4985624705e+00
174 107 127
3 6 399 -144.2200 108.2800 7 596 -84.0300 43.5200 5 442 -106.1400 118.9800
1.6631009121e+00 1.3459645747e+00 -5.3934535138e+00
69 30 30
3 6 286 207.3700 172.1500 7 309 232.5100 102.9500 5 458 213.2100 146.8100
9.7270760297e-01 1.5358438486e+00 -5.6599490634e+00
140 24 34
3 6 414 113.4100 189.1300 7 618 145.2800 127.9800 5 463 122.5300 177.5000
2.4548659352e+00 -2.8240056502e+00 -1.0045036669e+01
103 99 121
3 6 460 164.3500 -188.9000 7 696 145.7100 -195.7400 5 485 69.7500 -183.3900
2.2124975099e+00 -2.9348853146e+00 -1.0799877102e+01
108 101 117
3 6 463 137.9600 -182.4300 7 712 119.4800 -186.1600 5 491 39.9900 -175.1500
2.3252852679e+00 -2.4948423588e+00 -1.0398654658e+01
64 53 67
3 6 736 150.9200 -161.1700 7 738 133.9100 -168.0200 5 502 56.9700 -155.7600
2.2430097693e+00 -2.3043067600e+00 -1.0734419307e+01
74 53 61
3 6 483 141.6100 -144.0100 7 752 124.6900 -150.7000 5 506 47.1300 -137.8600
2.1968309053e+00 -2.3107939020e+00 -1.0789727537e+01
124 120 134
3 6 484 137.8000 -143.6700 7 498 121.4600 -149.9500 5 507 43.2600 -137.3900
2.1968309053e+00 -2.3107939020e+00 -1.0789727537e+01
124 120 134
3 6 485 137.8000 -143.6700 7 497 121.4600 -149.9500 5 508 43.2600 -137.3900
2.4251852517e+00 -5.4486683446e-01 -5.3778031066e+00
240 184 195
3 6 513 302.5900 -71.4800 7 779 300.5400 -123.5000 5 526 270.7100 -93.1500
2.4416108021e+00 -5.1074743978e-01 -5.3178930924e+00
242 193 212
3 6 514 307.9500 -67.8900 7 525 306.0200 -121.2200 5 527 277.0600 -90.6100
2.0962493654e+00 -6.4983736155e-01 -6.2023855643e+00
164 169 117
3 6 512 227.9100 -72.6900 7 527 228.0200 -113.2400 5 530 187.7600 -86.5100
2.4496845656e+00 -4.3098383167e-01 -5.2976819198e+00
234 173 188
3 6 518 310.2900 -57.8900 7 791 308.8600 -112.5000 5 532 280.5600 -81.6000
2.1419669599e+00 -5.6185996658e-01 -6.0908643371e+00
177 147 41
4 6 787 237.2300 -64.2700 7 795 237.6900 -106.8000 5 533 199.0300 -79.4500 8 1022 -111.8600 178.3500
9.6010591850e-01 1.9664060973e-02 -5.5453165969e+00
171 124 141
3 6 832 114.4000 1.7300 7 838 135.7200 -49.2300 5 572 108.2900 -10.2500
-4.5833864263e-01 -1.9958531239e-02 -4.6886351719e+00
226 178 187
3 6 354 -79.0200 -4.8900 7 833 -30.5300 -61.1300 5 573 -54.7100 -8.4200
-4.4995400527e-01 2.2284146606e-02 -4.6563743645e+00
219 171 182
3 6 551 -78.1400 1.6000 7 837 -29.0700 -56.4700 5 577 -52.1400 -1.8000
-4.1128840471e-01 9.7585300951e-02 -4.6076521926e+00
157 101 112
3 6 558 -73.0800 13.0400 7 845 -23.2100 -46.7400 5 584 -43.3900 9.1800
-4.1128840471e-01 9.7585300951e-02 -4.6076521926e+00
157 101 112
3 6 557 -73.0800 13.0400 7 844 -23.2100 -46.7400 5 585 -43.3900 9.1800
-8.3776506637e-01 9.0899539546e-02 -4.5733028153e+00
215 151 168
4 6 556 -139.1800 12.3200 7 848 -84.6100 -45.1800 5 586 -113.5800 13.9200 8 927 170.8900 114.6500
-4.1818763660e-01 2.5044413502e-01 -4.5624897137e+00
157 99 112
4 6 565 -74.9200 36.9300 7 861 -22.9900 -25.6000 5 589 -40.9100 34.0200 8 670 104.0600 110.4400
-8.2927402776e-01 2.3516325654e-01 -4.6089035453e+00
245 182 191
3 6 563 -136.7600 34.3900 7 568 -81.9300 -24.0700 5 592 -110.1400 38.0400
1.4264548086e-01 5.8050346801e-01 -5.3170770626e+00
233 218 230
4 6 586 11.2700 76.3000 7 901 47.6200 21.0200 5 610 22.7400 73.2000 8 883 25.0400 50.4200
1.6977724676e-01 5.9904784947e-01 -5.3174767484e+00
229 219 231
4 6 587 14.9100 78.6900 7 904 51.1600 23.0200 5 611 26.8000 75.4800 8 639 21.3600 49.1200
-8.1063191408e-01 6.2246233834e-01 -4.5309697774e+00
241 217 230
3 6 595 -136.0800 95.0200 7 918 -77.2300 31.0600 5 621 -100.0200 103.6400
3.9841467651e-01 9.0301468104e-01 -5.4836082297e+00
203 132 150
4 6 922 44.0800 115.4800 7 942 78.2200 58.9300 5 626 53.8200 110.7300 8 846 -14.9900 15.9800
-8.9290629984e-01 7.1826457480e-01 -4.4990460150e+00
232 172 179
3 6 917 -149.8700 110.2100 7 932 -88.9900 46.0800 5 631 -112.0200 122.1800
4.5353864006e-01 1.0106697537e+00 -5.4965772145e+00
152 22 54
4 6 606 50.7300 128.8600 7 609 85.2000 71.4200 5 633 61.6100 123.5400 8 609 -25.9800 5.1900
2.6527438136e+00 -3.1865110365e+00 -9.5577038564e+00
111 103 121
4 6 644 185.4800 -223.5100 7 655 164.8300 -229.7600 5 651 90.3100 -218.4400 8 1098 -8.3900 212.2300
2.3534266289e+00 -3.4939533705e+00 -1.0418630901e+01
100 95 114
3 6 641 151.1400 -224.7200 7 660 130.3500 -227.0800 5 653 51.5500 -217.1600
2.4460869515e+00 -3.3440342376e+00 -1.0193167903e+01
115 112 130
4 6 655 160.5600 -219.9600 7 664 140.0300 -223.6500 5 655 62.5700 -213.2400 8 1057 12.7200 196.1100
2.4638610545e+00 -3.0241414928e+00 -1.0113383138e+01
117 106 126
3 6 681 163.5200 -200.7800 7 683 144.1500 -206.2500 5 670 67.5100 -194.8800
2.3550871028e+00 -2.6176860373e+00 -1.0464191197e+01
73 58 66
3 6 723 151.8100 -167.8100 7 724 134.2000 -174.2300 5 688 56.6400 -162.4800
2.0290155196e+00 -2.1617602737e+00 -1.1195078529e+01
107 92 111
3 6 752 122.9300 -128.8600 7 764 107.3300 -134.7700 5 717 27.4000 -122.1100
1.8402532687e+00 -2.3258132447e+00 -1.1840820356e+01
97 86 99
3 6 750 105.4300 -131.0500 7 765 89.0800 -134.0300 5 718 6.5000 -122.2000
1.9907575652e+00 -1.9659068534e+00 -1.1361845799e+01
107 91 101
3 6 769 119.0600 -115.3200 7 783 103.8600 -121.0600 5 736 23.9300 -108.0600
2.4488057615e+00 -6.3968583978e-01 -5.3068199925e+00
247 142 75
3 6 782 309.1400 -84.5800 7 760 305.9400 -136.5400 5 739 276.5400 -106.0900
2.1296114236e+00 -7.6513280748e-01 -6.1245554857e+00
215 191 85
3 6 780 234.1700 -86.8000 7 774 233.2700 -126.8800 5 744 193.5500 -100.3000
2.4505154482e+00 -4.7017440062e-01 -5.3038397463e+00
249 179 194
3 6 788 309.8500 -62.9000 7 789 308.3300 -116.9100 5 754 279.5600 -86.1000
2.4671789495e+00 -2.9179942787e-01 -5.2449531550e+00
215 78 123
3 6 800 315.6700 -40.2000 7 799 315.6400 -97.9600 5 770 288.0200 -65.8200
9.0492824409e-01 3.2553744059e-02 -5.5474838692e+00
223 194 208
3 6 833 107.3500 3.3500 7 843 129.3900 -47.1700 5 837 101.9300 -8.2200
1.1119408759e-01 5.6613023260e-01 -5.3151989815e+00
239 225 235
3 6 885 6.9600 74.4000 7 898 43.7400 19.5200 5 875 18.4300 71.6300
-6.4981076670e-02 5.5595176369e-01 -5.3148851807e+00
209 176 193
3 6 880 -16.4700 73.1100 7 899 21.9200 19.3900 5 881 -5.3800 72.9100
1.5342477740e+00 1.0217065046e+00 -5.1619930247e+00
159 96 109
3 6 608 199.9700 136.6000 7 946 225.4100 66.1700 5 905 210.1700 111.0600
5.7059955114e-01 9.5098557126e-01 -5.5071323928e+00
212 136 155
4 6 928 65.7700 120.9200 7 944 98.6100 63.3400 5 906 74.6500 113.9500 8 848 -36.1400 15.7800
9.7635490577e-01 -2.6213351114e-01 -5.3901869966e+00
215 148 157
2 6 18 118.9300 -35.6200 7 22 140.4300 -84.7100
1.1477776944e-02 5.0095282317e-01 -5.3982534775e+00
243 238 244
2 6 26 -5.9000 65.0700 7 28 29.6900 12.3300
-2.1845455533e-01 5.6529719225e-01 -5.1443030045e+00
34 19 22
2 6 27 -37.8100 76.9500 7 41 3.4700 20.6400
1.9207831085e+00 7.8719149584e-01 -6.1811797895e+00
192 132 142
2 6 28 209.9400 88.2100 7 29 223.5500 35.6000
-3.5527888539e-02 2.9197935377e-01 -5.4807976360e+00
235 234 242
2 6 51 -12.2400 37.0000 7 82 22.1000 -11.8000
3.4329226140e-02 1.4303047630e+00 -5.8120611861e+00
161 15 26
2 6 62 -1.6200 173.0500 7 65 33.5400 120.4400
-1.2238378759e+00 -2.8839113864e+00 -1.2413586350e+01
58 58 69
2 6 64 -68.4500 -153.9600 7 71 -81.1300 -149.2000
-1.7835552136e-02 1.8258044687e-01 -5.6349079299e+00
198 32 51
2 6 69 -9.6600 22.4600 7 141 22.0600 -23.2300
1.3886120671e+00 3.1575808964e-01 -5.6263867118e+00
67 9 9
2 6 72 166.1700 38.8200 7 81 183.7100 -16.3600
-2.9066370128e+00 3.0251904767e+00 -1.1963027686e+01
23 21 26
2 6 81 -167.3800 177.4400 7 123 -161.1700 181.1500
3.3912026052e-01 -3.3867084754e+00 -1.3032148434e+01
9 9 9
2 6 86 17.1200 -172.9700 7 97 -0.7100 -168.5900
7.7460392095e-01 7.7898888459e-02 -5.6272133504e+00
238 230 239
2 6 91 89.6100 9.2400 7 104 112.8700 -40.1400
-1.0078732297e-01 2.2133099023e-01 -5.5409666559e+00
230 212 229
2 6 93 -20.9200 27.2100 7 143 13.8800 -18.7400
2.2666754615e+00 -1.0764373788e+00 -5.7951692178e+00
202 197 106
2 6 116 262.0000 -128.6800 7 127 257.7300 -168.6300
1.1592366455e+00 1.2131270214e-01 -5.4891445852e+00
189 123 137
2 6 124 141.0400 14.7800 7 138 161.0400 -39.2100
3.0409504863e-01 4.9328230100e-01 -5.3443558397e+00
230 208 219
2 6 131 32.6600 64.5500 7 205 66.1500 9.1600
-1.0649200829e-02 7.3260973139e-01 -5.4064034427e+00
91 1 7
3 6 137 -8.9500 94.8200 7 215 28.7100 41.2500 8 152 38.0500 23.8700
1.5249153955e+00 1.3680991239e+00 -5.3523329737e+00
169 119 130
2 6 144 191.3200 176.8500 7 161 218.5200 107.3100
8.0498949395e-01 -4.8335288314e+00 -1.4389007702e+01
42 42 51
2 6 149 37.3100 -223.5300 7 174 14.2700 -213.7600
2.3126613365e+00 -3.5253724359e+00 -1.0594651435e+01
37 33 48
3 6 151 146.0100 -222.8700 7 170 125.2200 -224.9000 8 249 26.7100 190.6300
2.3126613365e+00 -3.5253724359e+00 -1.0594651435e+01
37 33 48
3 6 152 146.0100 -222.8700 7 171 125.2200 -224.9000 8 248 26.7100 190.6300
2.8930150758e+00 -2.8086794330e+00 -8.8852603466e+00
60 49 63
2 6 153 217.4100 -212.3200 7 172 197.1100 -222.7500
2.5743721999e+00 -2.6526017755e+00 -9.7067834442e+00
64 55 67
2 6 155 178.5100 -183.5600 7 176 159.8000 -192.4800
2.3436423601e+00 -1.9657893290e+00 -8.0566177494e+00
188 174 148
2 6 156 195.3200 -165.5100 7 177 182.7600 -183.2800
4.7325715527e-01 -3.1862879257e+00 -1.2839145251e+01
104 81 65
2 6 157 24.1400 -165.6100 7 179 7.6100 -161.4800
2.4599133429e+00 -3.2752764260e-01 -5.2820421547e+00
224 181 194
2 6 166 312.7800 -44.4600 7 185 311.9800 -101.1900
2.4599133429e+00 -3.2752764260e-01 -5.2820421547e+00
224 181 194
2 6 167 312.7800 -44.4600 7 186 311.9800 -101.1900
2.1650972108e+00 -2.9396611508e-01 -6.0948839797e+00
220 184 47
2 6 169 239.9500 -33.7900 7 252 242.3100 -79.4200
6.0522925507e-01 1.6204674632e+00 -5.7925947147e+00
67 1 0
3 6 205 66.8200 195.4300 7 225 100.5600 138.7800 8 188 -60.6000 -66.0700
2.5843889512e+00 -3.0877211428e+00 -9.7498990078e+00
53 42 52
3 6 212 177.5100 -212.5000 7 230 157.5000 -218.7600 8 540 -4.3800 199.5300
2.5779927222e+00 -3.0788666844e+00 -9.7252578274e+00
53 42 52
2 6 213 177.5100 -212.5000 7 231 157.5000 -218.7600
2.2338082142e+00 -1.8706919524e+00 -8.3356565948e+00
178 171 140
2 6 216 180.2600 -152.1900 7 236 168.6800 -169.1100
1.4749363549e+00 -2.5317971525e+00 -1.2187640774e+01
110 84 65
2 6 219 81.9200 -138.5500 7 238 65.5400 -139.4900
1.3504395580e+00 -2.4878577364e+00 -1.2213104638e+01
18 29 45
2 6 220 74.8400 -135.7500 7 239 58.7900 -136.6300
1.9890835440e+00 -2.1169814231e+00 -1.1354848544e+01
54 41 43
2 6 223 118.8900 -124.4200 7 243 103.3100 -129.7300
2.4279110311e+00 -5.4919369986e-01 -5.3228972599e+00
225 190 208
3 6 231 305.7000 -72.8100 7 358 303.8600 -125.5800 8 769 -165.6100 226.0300
2.0124232574e+00 3.2423392692e-01 -6.3031885474e+00
147 111 50
2 6 254 216.2500 35.8100 7 391 224.1000 -12.5200
5.0888133377e-01 8.2112511919e-01 -5.4468103390e+00
148 19 29
2 6 267 58.6500 105.6500 7 419 91.3400 48.1500
1.6643790737e+00 1.3454373736e+00 -5.3968870052e+00
69 30 30
2 6 285 207.3700 172.1500 7 308 232.5100 102.9500
2.2515249884e+00 -3.7704098065e+00 -1.0688527059e+01
84 79 97
2 6 295 140.6600 -236.1100 7 458 119.3200 -236.4000
2.4515887462e+00 -3.2009488998e+00 -1.0198402818e+01
98 89 106
3 6 303 160.9700 -210.7500 7 332 141.1600 -214.7600 8 532 9.6000 188.9000
2.7584523835e+00 -2.7601886079e+00 -9.1696897800e+00
56 43 54
2 6 304 201.4100 -202.3600 7 333 182.0100 -212.0700
1.6906203723e+00 -3.5928944329e+00 -1.2255476717e+01
10 10 12
2 6 305 92.7700 -196.0800 7 338 72.6800 -193.7400
1.6987877577e+00 -3.6114258429e+00 -1.2312915151e+01
10 10 12
3 6 306 92.7700 -196.0800 7 339 72.6800 -193.7400 8 514 69.2400 140.2500
2.6168966282e+00 -2.7628878085e+00 -9.6248616306e+00
59 47 61
2 6 308 182.6300 -192.8600 7 334 163.5300 -201.3000
2.6168966282e+00 -2.7628878085e+00 -9.6248616306e+00
59 47 61
2 6 309 182.6300 -192.8600 7 335 163.5300 -201.3000
2.4291750001e+00 -2.8803603094e+00 -1.0199273538e+01
59 52 64
2 6 311 160.2200 -189.6000 7 336 141.2800 -195.6000
2.4291750001e+00 -2.8803603094e+00 -1.0199273538e+01
59 52 64
2 6 312 160.2200 -189.6000 7 337 141.2800 -195.6000
1.5965142944e+00 -2.7142926956e+00 -1.2416164106e+01
47 38 45
2 6 317 87.1800 -145.7400 7 501 69.4800 -146.0400
1.9094090936e+00 -2.2733548563e+00 -1.1524613627e+01
52 42 42
2 6 320 112.2200 -131.8500 7 511 96.4800 -135.7400
1.8556946785e+00 -1.0965644688e+00 -6.6824691912e+00
203 182 70
2 6 324 186.6000 -113.1000 7 504 185.2800 -144.2900
2.4305827500e+00 -5.5164587129e-01 -5.3287683222e+00
227 196 213
2 6 329 305.8200 -73.0300 7 357 303.8600 -125.5800
2.4565818893e+00 -3.8080920988e-01 -5.2773534995e+00
236 188 201
2 6 333 312.3500 -51.5600 7 530 311.4800 -107.3600
2.4622381419e+00 -3.2309445339e-01 -5.2540672180e+00
245 191 207
2 6 336 314.5400 -44.2500 7 532 314.0500 -101.2600
2.0774978760e+00 -2.5467579969e-01 -6.0743826752e+00
114 69 10
2 6 340 231.1500 -29.3800 7 545 234.6600 -75.4600
-4.7892265480e-01 -7.1411139487e-02 -4.7222259784e+00
229 178 190
2 6 351 -81.2200 -12.2900 7 550 -34.1500 -67.5700
-3.8618060952e-01 1.8697244246e-01 -4.5937242213e+00
225 164 172
2 6 366 -69.3800 26.8600 7 562 -19.0000 -34.4600
5.0201642429e-01 2.1827176362e-01 -5.5940008525e+00
125 4 14
2 6 367 56.0400 27.1300 7 387 83.1700 -22.8100
2.0476771473e+00 2.7323271050e-01 -6.3193382379e+00
84 49 7
2 6 369 219.5600 30.1600 7 389 226.4500 -17.8100
-3.2944775866e-01 4.1133812495e-01 -4.5962705397e+00
207 155 168
2 6 376 -60.6800 61.2300 7 576 -8.9600 -2.6000
2.1098953092e+00 5.9574577623e-01 -6.2028506961e+00
176 139 90
2 6 379 230.3400 66.5400 7 404 239.6700 14.3100
3.9457340681e-01 5.3619544595e-01 -5.3870339414e+00
156 27 44
2 6 380 43.9100 69.3300 7 583 77.1100 14.4000
-5.4582778195e-01 5.5044302007e-01 -4.5388160144e+00
189 126 143
2 6 382 -94.9600 83.6700 7 406 -39.2200 18.6400
-5.4582778195e-01 5.5044302007e-01 -4.5388160144e+00
189 126 143
2 6 383 -94.9600 83.6700 7 407 -39.2200 18.6400
3.2199307533e-01 6.6174023596e-01 -5.2638097500e+00
219 197 209
2 6 385 35.3700 87.8100 7 587 71.3000 29.8200
4.6256589211e-01 6.7839517062e-01 -5.3210875534e+00
246 224 228
2 6 387 53.3700 88.8100 7 413 87.9100 31.2900
4.6256589211e-01 6.7839517062e-01 -5.3210875534e+00
246 224 228
2 6 388 53.3700 88.8100 7 414 87.9100 31.2900
-5.7109123937e-01 5.9841375677e-01 -4.5219748739e+00
170 104 126
2 6 391 -99.1500 91.5100 7 411 -42.6700 25.7000
5.3964165745e-01 7.8929861375e-01 -5.4827275547e+00
205 172 197
2 6 393 62.3200 100.9800 7 597 93.8800 43.9900
-6.5289657845e-01 6.5679780798e-01 -4.5004925341e+00
233 178 193
2 6 394 -112.4100 100.9800 7 415 -54.2800 34.9100
-6.9186727791e-01 6.8875481161e-01 -4.5020366495e+00
226 172 182
2 6 396 -118.4000 105.9200 7 417 -59.7800 39.9300
-9.4660828292e-01 7.0649390153e-01 -4.5085285787e+00
229 167 180
2 6 400 -157.5600 108.3600 7 418 -97.1900 44.5100
1.2031399430e+00 1.0679457067e+00 -5.1367179807e+00
184 132 143
2 6 407 156.3300 144.2200 7 433 187.0800 74.7500
2.7182162065e+00 -3.0188307425e+00 -9.3588743726e+00
52 45 57
3 6 435 194.2100 -216.4800 7 468 173.7300 -224.2500 8 1096 -18.2000 211.2400
2.4179511218e+00 -3.3041013076e+00 -1.0289054441e+01
101 97 119
3 6 439 157.3800 -215.3900 7 473 137.1500 -218.9000 8 737 14.4300 190.7400
2.3555728819e+00 -3.2947678699e+00 -1.0391070515e+01
105 97 118
3 6 440 151.9800 -212.6800 7 477 131.9100 -215.9000 8 729 18.6400 186.3200
2.1142067607e+00 -3.4591174541e+00 -1.1054565262e+01
53 51 65
2 6 443 128.2600 -209.7500 7 681 108.3000 -210.5100
2.0977376140e+00 -3.3984252132e+00 -1.1072549341e+01
85 78 96
2 6 445 127.1500 -205.7500 7 479 107.3900 -206.7500
2.0442343414e+00 -3.3513334012e+00 -1.1236198590e+01
39 35 49
3 6 448 122.3000 -199.8000 7 481 102.6500 -200.8500 8 706 42.2900 160.3700
2.6943526098e+00 -2.6653472264e+00 -9.4270426217e+00
57 41 47
2 6 457 191.8500 -190.1200 7 482 173.0500 -199.5900
2.6943526098e+00 -2.6653472264e+00 -9.4270426217e+00
57 41 47
2 6 458 191.8500 -190.1200 7 483 173.0500 -199.5900
2.3207404161e+00 -2.7951867054e+00 -1.0532793413e+01
57 46 54
2 6 466 148.4100 -178.2000 7 715 130.2500 -183.3700
1.5853855010e+00 -3.3689388802e+00 -1.2632426986e+01
88 85 103
2 6 467 84.7100 -178.1300 7 491 65.0500 -175.8900
2.3723487510e+00 -2.0546335694e+00 -7.9817109618e+00
187 178 144
2 6 470 199.2500 -174.6200 7 484 186.2400 -192.0100
2.4662786808e+00 -2.5179594953e+00 -9.9848128143e+00
67 55 65
2 6 473 166.4400 -169.5500 7 719 149.0600 -177.7600
1.6439355972e+00 -3.0053909084e+00 -1.2439749427e+01
54 48 60
2 6 479 89.3300 -161.3900 7 495 70.8800 -160.5900
2.2347447613e+00 -1.9416605483e+00 -8.2851628067e+00
113 98 80
2 6 480 181.3700 -158.8600 7 492 169.3000 -175.6900
2.0352644129e+00 -2.3393322061e+00 -1.1265626888e+01
63 47 57
2 6 486 122.2200 -139.0700 7 506 106.2600 -143.5200
2.2432502476e+00 -2.1935179029e+00 -1.0634659581e+01
121 118 134
2 6 488 142.7600 -138.3000 7 503 127.0100 -145.6500
2.0894572131e+00 -8.1620521882e-01 -6.2134963686e+00
216 192 86
2 6 504 226.5100 -90.9700 7 516 225.4300 -129.8000
2.4351473360e+00 -5.7791018500e-01 -5.4035921188e+00
221 70 104
2 6 511 302.3600 -75.1600 7 776 299.8200 -126.6000
2.4329006434e+00 -4.9798369948e-01 -5.3696383192e+00
239 180 193
2 6 516 304.1000 -65.5000 7 786 302.3600 -118.4300
1.9994432565e+00 -5.1986882636e-01 -6.3967781759e+00
228 191 78
2 6 519 211.3600 -55.9900 7 534 212.3600 -96.1800
2.1817663076e+00 -4.3311037187e-01 -6.0257849220e+00
229 196 57
2 6 525 244.3800 -50.1900 7 535 245.4900 -95.3000
2.1817663076e+00 -4.3311037187e-01 -6.0257849220e+00
229 196 57
2 6 526 244.3800 -50.1900 7 536 245.4900 -95.3000
8.4178721161e-01 -3.3727687543e-01 -5.4063091240e+00
169 46 60
2 6 529 101.5700 -44.8000 7 806 122.9900 -93.0300
2.1327703074e+00 -3.2666087904e-01 -6.0792544959e+00
97 62 2
2 6 532 236.9600 -37.6000 7 816 239.4100 -83.0000
2.4672666058e+00 -2.6796959743e-01 -5.2360456433e+00
232 191 210
2 6 533 316.2300 -37.2500 7 800 316.3700 -95.2000
2.1079491856e+00 -2.8994834865e-01 -6.0841060696e+00
120 75 14
2 6 535 234.1000 -33.3600 7 818 237.0300 -79.0400
2.4675408915e+00 -2.1641595066e-01 -5.2737009096e+00
240 192 195
2 6 536 314.3600 -30.0900 7 543 314.5900 -88.4400
2.0684820076e+00 2.8763974798e-01 -6.2751474671e+00
176 139 48
3 6 562 223.2400 31.6400 7 571 230.2300 -16.5600 8 660 -132.1600 95.1600
-3.0999431232e-01 4.2879044966e-01 -4.6356650237e+00
171 123 144
2 6 577 -57.0900 63.4700 7 578 -6.3000 0.0600
-2.9786255018e-01 4.5546653337e-01 -4.6591896541e+00
220 191 199
2 6 581 -54.8200 67.3200 7 581 -4.6100 3.8600
-9.4177006489e-01 4.6393628325e-01 -4.5565669189e+00
173 160 195
2 6 583 -155.4700 69.8000 7 582 -97.3800 9.2300
1.8197851846e-01 5.7827671265e-01 -5.3192069438e+00
73 21 45
2 6 585 16.3300 75.8800 7 900 52.5200 20.6200
4.0040854197e-01 6.2242955517e-01 -5.3326835333e+00
243 214 219
2 6 588 45.2300 81.4500 7 586 79.4200 24.6500
1.9085946604e-01 6.6726954777e-01 -5.3583001476e+00
71 6 13
2 6 591 17.5600 87.1700 7 588 53.5200 31.5900
-5.4533633648e-01 5.9283157758e-01 -4.5447044356e+00
237 174 184
2 6 592 -94.5900 90.2700 7 909 -38.9600 24.7200
-8.1841057721e-01 6.8197569627e-01 -4.4901735121e+00
228 165 173
2 6 597 -138.4900 104.9800 7 590 -78.5600 39.9700
-8.7306224323e-01 7.6345083449e-01 -4.5125209928e+00
157 100 122
2 6 605 -146.0000 117.2000 7 601 -85.9000 52.3200
-3.7651419912e+00 3.7861142479e+00 -1.1639142529e+01
146 93 86
2 6 619 -219.3700 225.4000 7 1037 -212.5600 230.5400
2.1290307680e+00 -3.8061850734e+00 -1.1007393555e+01
51 45 59
2 6 630 129.3300 -231.3900 7 652 108.0600 -230.9300
2.1677512844e+00 -3.7510899353e+00 -1.0894207166e+01
89 87 105
2 6 631 132.9900 -230.5400 7 653 111.9700 -230.4100
9.4985697395e-01 -4.9393307083e+00 -1.4271791765e+01
48 48 57
2 6 632 44.3900 -230.3300 7 670 20.9900 -220.5000
2.1596523911e+00 -3.6444143680e+00 -1.0870081090e+01
88 85 102
2 6 642 132.9600 -224.5500 7 662 112.2300 -225.0200
2.5976317990e+00 -3.2345227821e+00 -9.7694260079e+00
59 54 71
3 6 650 177.7900 -222.0100 7 657 157.1700 -227.3700 8 752 -1.8300 206.5900
2.8788617431e+00 -2.8944694496e+00 -8.8951157953e+00
56 47 62
2 6 658 215.9600 -218.4100 7 656 195.2900 -228.3200
2.3059418320e+00 -3.3717391432e+00 -1.0589717117e+01
99 95 118
3 6 662 146.0200 -213.4700 7 677 125.7000 -215.8900 8 1030 24.3600 183.3600
2.2476021715e+00 -3.4054608887e+00 -1.0788427502e+01
56 46 58
2 6 666 139.7500 -211.5600 7 680 119.4700 -213.4300
2.7348523827e+00 -2.8870460092e+00 -9.3582624439e+00
117 110 126
3 6 674 195.6500 -207.1000 7 676 175.8600 -215.8000 8 1079 -21.9300 204.4600
2.2844507518e+00 -3.1818190137e+00 -1.0535961008e+01
53 46 61
2 6 679 145.5500 -202.6500 7 686 126.1400 -206.0100
2.4354913170e+00 -3.0528583366e+00 -1.0180612170e+01
68 59 74
2 6 680 160.5500 -201.3400 7 684 141.1900 -206.3400
2.0819962356e+00 -3.3137198518e+00 -1.1180302934e+01
88 81 97
2 6 685 125.2000 -198.6200 7 692 105.5400 -199.8900
1.5717444422e+00 -3.7449369835e+00 -1.2624590150e+01
36 26 32
3 6 688 83.7200 -198.2300 7 699 63.1600 -194.6600 8 959 78.4400 137.1800
2.4176519581e+00 -2.9749671104e+00 -1.0218109403e+01
100 93 109
2 6 691 158.9600 -195.5000 7 691 139.8800 -200.8200
1.9094818732e+00 -3.3968593734e+00 -1.1684566841e+01
52 47 68
2 6 692 109.9400 -194.6600 7 697 90.2400 -194.3500
1.9094818732e+00 -3.3968593734e+00 -1.1684566841e+01
52 47 68
2 6 693 109.9400 -194.6600 7 698 90.2400 -194.3500
2.5665532690e+00 -2.7240024484e+00 -9.7448779682e+00
47 34 47
2 6 698 177.0200 -187.8800 7 695 158.4000 -195.9900
2.0248234756e+00 -3.1856969556e+00 -1.1399445926e+01
90 78 86
2 6 699 119.6200 -187.2500 7 708 100.4400 -188.4700
1.7687046274e+00 -3.3670104119e+00 -1.2066157728e+01
44 36 49
3 6 701 99.0300 -186.5400 7 713 79.2300 -185.6000 8 957 61.1100 136.2800
2.3615522887e+00 -2.8090856982e+00 -1.0306934296e+01
57 46 60
2 6 704 154.2200 -183.0600 7 705 135.9200 -188.8700
1.9104049349e+00 -3.0673256131e+00 -1.1656423665e+01
57 49 60
2 6 712 110.5400 -176.2200 7 722 91.8900 -177.1800
1.9082401150e+00 -2.9877652708e+00 -1.1614019906e+01
89 85 99
2 6 718 110.8700 -172.2800 7 726 92.5100 -173.6200
1.9082401150e+00 -2.9877652708e+00 -1.1614019906e+01
89 85 99
2 6 719 110.8700 -172.2800 7 727 92.5100 -173.6200
2.4112337137e+00 -2.4699982260e+00 -1.0198849887e+01
106 99 115
2 6 732 159.5500 -162.6900 7 732 142.3300 -170.5200
2.4112337137e+00 -2.4699982260e+00 -1.0198849887e+01
106 99 115
2 6 733 159.5500 -162.6900 7 733 142.3300 -170.5200
2.3274319251e+00 -2.4974633605e+00 -1.0408035971e+01
64 53 67
2 6 735 150.9200 -161.1700 7 737 133.9100 -168.0200
2.3274319251e+00 -2.4974633605e+00 -1.0408035971e+01
64 53 67
2 6 737 150.9200 -161.1700 7 739 133.9100 -168.0200
1.2173021080e+00 -2.9781878404e+00 -1.3703722144e+01
74 67 78
2 6 744 60.2100 -144.4700 7 756 41.5100 -140.8000
2.0723648002e+00 -2.1652369376e+00 -1.1152718020e+01
68 55 68
2 6 751 126.0600 -129.7200 7 763 110.2000 -135.6300
2.2678654804e+00 -1.0739940374e+00 -5.7974863277e+00
197 196 106
2 6 753 262.0900 -128.3000 7 736 257.7200 -168.3400
2.2508722590e+00 -1.9933599570e+00 -1.0654944302e+01
71 60 79
2 6 758 143.1800 -125.2500 7 768 128.1000 -133.3900
2.1131634810e+00 -1.9804429209e+00 -1.0897697980e+01
91 79 87
2 6 760 131.5700 -121.4300 7 771 116.6000 -128.7600
2.1131634810e+00 -1.9804429209e+00 -1.0897697980e+01
91 79 87
2 6 761 131.5700 -121.4300 7 772 116.6000 -128.7600
1.9506309449e+00 -2.0011034265e+00 -1.1427774554e+01
62 50 55
2 6 768 116.0000 -116.6100 7 782 100.7200 -122.1600
2.4396500602e+00 -4.5870041281e-01 -5.3531994166e+00
233 187 193
2 6 790 305.8500 -60.7300 7 790 304.5100 -114.3500
2.1953251012e+00 -2.2585281001e-01 -6.0050217069e+00
175 144 33
2 6 814 246.9600 -26.5500 7 823 249.6600 -74.0700
2.4735242832e+00 -1.7738827100e-01 -5.2629204477e+00
237 192 205
2 6 816 315.6900 -25.1300 7 815 316.4100 -84.0700
2.1192377122e+00 5.2392440049e-01 -6.1602109589e+00
139 84 16
2 6 860 233.0600 58.9300 7 882 241.6500 6.4900
-7.0283295703e-01 4.4620804257e-01 -4.5438148749e+00
182 160 191
2 6 874 -119.0900 67.4600 7 878 -62.9900 4.5900
-8.9609552347e-01 4.8869977106e-01 -4.5275420348e+00
147 198 228
2 6 884 -149.4800 74.0700 7 891 -90.9200 12.3000
-7.7199118006e-01 6.1208041377e-01 -4.5203413330e+00
235 199 217
2 6 899 -130.4000 93.5100 7 916 -71.9800 29.3300
5.4154998883e-01 8.3410599312e-01 -5.4581260889e+00
202 159 176
2 6 912 62.7600 107.1000 7 935 95.0700 49.4700
-6.7472530428e-01 7.0825846042e-01 -4.5019807325e+00
146 87 107
2 6 915 -115.6900 109.0000 7 927 -57.1300 42.6500
3.9919423637e-01 9.0353391758e-01 -5.4835485505e+00
203 132 150
2 6 921 44.0800 115.4800 7 941 78.2200 58.9300
-7.7698382380e-01 7.8104220897e-01 -4.5151762322e+00
216 161 173
2 6 926 -131.1300 119.8900 7 938 -71.5100 54.2200
5.3247636086e-01 1.0411354428e+00 -5.5206656109e+00
142 34 59
3 6 929 60.7000 131.9600 7 951 94.3200 74.5200 8 827 -35.3900 3.8100
-3.7564276569e+00 3.3391455316e+00 -1.1598125682e+01
144 80 72
2 6 951 -220.4700 200.4400 7 985 -214.1000 205.3800
-5.1406721380e+00 3.3997904382e+00 -1.1381501096e+01
128 72 58
2 6 958 -302.8900 204.9400 7 1001 -297.7800 214.9700
-5.1406721380e+00 3.3997904382e+00 -1.1381501096e+01
128 72 58
2 6 959 -302.8900 204.9400 7 1002 -297.7800 214.9700
-5.2904192234e+00 3.3897895190e+00 -1.1315829125e+01
125 72 64
2 6 960 -312.8700 205.0800 7 639 -307.9200 215.6100
-5.2904192234e+00 3.3897895190e+00 -1.1315829125e+01
125 72 64
2 6 961 -312.8700 205.0800 7 640 -307.9200 215.6100
-3.6770972267e+00 3.4846294358e+00 -1.1678964316e+01
129 57 41
2 6 963 -214.2400 207.6000 7 995 -207.8600 212.4500
-3.7619443623e+00 3.4997687691e+00 -1.1726892390e+01
130 57 30
2 6 964 -218.0200 207.6600 7 996 -212.0800 212.7500
-4.8412192253e+00 3.4742812889e+00 -1.1356723566e+01
130 72 56
2 6 975 -286.7500 210.2100 7 1006 -280.6900 219.2100
-3.6450617481e+00 3.5610663509e+00 -1.1654019167e+01
132 53 30
2 6 980 -212.7200 212.4600 7 1005 -206.1600 217.1000
-4.7178039397e+00 3.5811717612e+00 -1.1413107181e+01
134 72 65
2 6 985 -278.1900 215.7700 7 1023 -272.1000 224.3100
-4.6775910047e+00 3.6669293694e+00 -1.1386277787e+01
135 75 58
2 6 992 -276.4700 221.1600 7 1036 -269.9000 229.7600
-3.3642294661e+00 3.7737724100e+00 -1.1679135807e+01
143 85 86
2 6 994 -196.1600 224.4100 7 1033 -188.7600 228.3900
2.3092009223e+00 -1.5793493508e+00 -5.6301425969e+00
214 38 63
2 6 21 272.4100 -192.2800 5 12 227.0900 -203.4800
7.0782367652e-01 2.7068191813e-01 -5.5019578093e+00
204 29 53
2 6 24 83.2600 34.5700 5 21 83.1600 23.4800
7.0782367652e-01 2.7068191813e-01 -5.5019578093e+00
204 29 53
2 6 25 83.2600 34.5700 5 22 83.1600 23.4800
-6.7371129629e-01 -2.7730777496e-01 -4.9950772841e+00
235 183 196
2 6 48 -103.9900 -41.0300 5 48 -96.7200 -40.2700
-7.2188268967e-01 5.4042678156e-01 -4.5306460642e+00
162 189 226
2 6 76 -122.3300 82.8800 5 87 -86.2600 87.4700
2.0659236030e+00 1.0695790917e+00 -5.8473586211e+00
212 176 116
2 6 79 238.8400 126.9200 5 112 224.1600 100.4300
-3.0771129147e+00 3.5400947450e+00 -1.4272685230e+01
29 26 34
2 6 145 -147.0300 176.2100 5 236 -238.7800 219.9500
8.0244617375e-01 -7.8953626552e-03 -5.6204007782e+00
81 4 10
2 6 176 93.1200 -1.7300 5 201 86.0300 -11.3600
-2.9155258082e+00 3.8220767503e+00 -1.6266842921e+01
96 85 103
2 6 201 -121.8400 166.7400 5 233 -219.2500 209.9500
1.1972264071e+00 -2.4912442094e+00 -1.2864899256e+01
25 29 49
2 6 222 63.0200 -128.6700 5 246 -40.4800 -116.5400
1.8694052006e+00 -9.8775962687e-01 -6.6397746510e+00
203 178 60
2 6 225 189.4500 -102.4000 5 247 142.0800 -111.2500
1.2568642048e+00 -5.8683487994e-02 -5.2792961983e+00
215 151 156
2 6 240 159.1300 -9.2300 5 271 156.1000 -26.2400
7.1494690334e-01 7.0171191922e-02 -5.6766548030e+00
199 45 81
2 6 246 81.4800 8.3100 5 277 74.2900 -0.4500
3.0518990018e-01 1.2561523685e-01 -5.5149885147e+00
204 42 82
2 6 249 31.5500 15.7400 5 280 30.9900 9.9200
7.2639861593e-01 1.6148444815e-01 -5.6027695448e+00
111 13 20
2 6 252 83.9900 19.6500 5 282 79.8700 10.5000
-5.1532404499e-01 3.8688360686e-01 -4.5638047312e+00
211 160 172
2 6 256 -89.7600 58.2300 5 213 -54.8100 58.1200
5.0721665543e-01 8.6384368740e-01 -5.5003132790e+00
138 12 28
2 6 272 57.7200 109.9700 5 301 66.2600 103.6900
-8.3341485956e-01 7.3547378601e-01 -4.4990477172e+00
224 165 176
3 6 274 -140.0400 113.3900 5 311 -101.7500 123.9300 8 309 143.1800 31.6200
1.9733938333e+00 -2.2401149181e+00 -1.1508249366e+01
104 96 105
2 6 323 116.3000 -130.1100 5 349 19.1300 -121.9800
8.4145579119e-01 1.1489221051e-02 -5.5942708515e+00
223 197 213
2 6 360 98.4700 0.8100 5 391 91.9800 -9.7400
2.1151396175e+00 5.3178703779e-01 -6.1417606918e+00
149 93 24
3 6 375 233.2100 60.1100 5 404 206.4300 39.4300 8 490 -150.4700 79.7600
1.0655074814e+00 5.8463982826e-01 -5.4016334318e+00
102 6 13
2 6 381 131.2000 75.2100 5 414 135.1600 59.7200
-7.1508586689e-01 8.9455652054e-01 -4.5685231851e+00
158 124 143
2 6 406 -119.8700 136.1200 5 456 -79.8500 146.7200
2.8365683432e+00 -3.0460294246e+00 -9.0451303168e+00
122 117 137
3 6 430 209.2100 -226.0200 5 471 116.5300 -221.7000 8 1129 -28.5000 225.8500
2.6249241841e+00 -3.1746339041e+00 -9.6815478495e+00
117 111 132
2 6 433 181.2900 -220.0300 5 474 85.9500 -214.5300
2.2123045693e+00 -2.9348154527e+00 -1.0799695437e+01
108 101 117
2 6 462 137.9600 -182.4300 5 490 39.9900 -175.1500
2.5404986759e+00 -2.5054534585e+00 -9.8598811505e+00
120 114 129
2 6 471 173.5800 -170.9000 5 497 81.5300 -166.8600
2.4715879596e+00 -2.5240299754e+00 -1.0008474207e+01
67 55 65
2 6 474 166.4400 -169.5500 5 499 73.7800 -165.0900
2.1900742228e+00 -1.3870304905e+00 -5.8738194682e+00
201 153 45
2 6 477 248.9500 -162.9300 5 492 204.4800 -173.7000
2.1900742228e+00 -1.3870304905e+00 -5.8738194682e+00
201 153 45
2 6 478 248.9500 -162.9300 5 493 204.4800 -173.7000
2.2492879235e+00 -2.3069961343e+00 -1.0748779979e+01
74 53 61
2 6 482 141.6100 -144.0100 5 505 47.1300 -137.8600
2.0938036710e+00 -7.7861674970e-01 -6.1955002163e+00
217 194 83
2 6 507 227.6400 -87.0500 5 355 186.2300 -100.2100
2.1333166626e+00 -6.8058254248e-01 -6.1281732105e+00
163 137 40
2 6 509 234.6400 -76.9100 5 359 194.6700 -91.5300
2.1727221266e+00 -4.5953261918e-01 -6.0208801202e+00
225 194 63
2 6 521 243.4800 -53.3600 5 374 207.0700 -69.6400
-7.6260118875e-01 3.7250406404e-01 -4.5757664489e+00
245 237 249
2 6 573 -127.4800 55.5800 5 415 -96.3300 60.1500
1.0460651467e+00 4.9214790770e-01 -5.4186928240e+00
201 41 74
2 6 576 128.2700 63.0000 5 408 130.7800 48.0600
2.8287632556e+00 -3.1511833891e+00 -9.2221531620e+00
116 113 136
2 6 633 204.5000 -229.2000 5 649 110.5900 -224.3200
2.4047035950e+00 -3.3484224918e+00 -1.0229640542e+01
51 47 63
3 6 656 157.4100 -219.5200 5 476 59.3300 -212.5900 8 1054 15.7000 194.6700
2.8127441281e+00 -2.8934007207e+00 -9.1265502826e+00
115 100 121
2 6 663 205.9700 -213.0800 5 659 114.2100 -209.2200
2.6816126244e+00 -2.9845337084e+00 -9.4704093978e+00
32 30 45
3 6 665 189.5700 -211.6800 5 660 96.0000 -207.0400 8 1080 -15.3800 205.0700
2.5451485733e+00 -3.0655342919e+00 -9.9502838635e+00
115 109 126
2 6 675 171.4500 -207.0200 5 664 75.7900 -201.0400
2.2762171609e+00 -3.1829062168e+00 -1.0670544814e+01
113 109 127
2 6 682 143.3000 -200.1200 5 674 44.4300 -192.8100
2.5021794198e+00 -2.5740182012e+00 -9.9194188124e+00
67 61 76
2 6 714 169.8600 -174.5800 5 495 77.3000 -170.0300
2.3229636124e+00 -2.7281085779e+00 -1.0498576841e+01
116 108 123
2 6 716 149.1300 -174.5700 5 681 53.3800 -168.3700
2.3549041204e+00 -2.4826133568e+00 -1.0313109594e+01
104 104 123
2 6 734 154.1400 -161.6100 5 695 60.5100 -156.6600
2.4375322675e+00 -2.3795684596e+00 -1.0060686313e+01
111 103 121
2 6 738 163.5100 -159.0600 5 696 71.5700 -154.6300
1.9913524701e+00 -1.9659495432e+00 -1.1361026934e+01
107 91 101
2 6 770 119.0600 -115.3200 5 737 23.9300 -108.0600
2.4264587241e+00 -5.2603302006e-01 -5.3336937263e+00
208 106 133
2 6 785 305.2300 -69.6100 5 750 274.1700 -91.9600
2.4264587241e+00 -5.2603302006e-01 -5.3336937263e+00
208 106 133
2 6 786 305.2300 -69.6100 5 751 274.1700 -91.9600
2.4187539209e+00 -4.6645566464e-01 -5.3597211339e+00
206 60 87
2 6 789 303.0200 -61.5900 5 755 272.4400 -84.3200
2.4489627596e+00 -4.0666813642e-01 -5.3140018592e+00
208 95 123
2 6 791 309.3800 -54.4800 5 759 279.6000 -78.2400
2.1947764709e+00 -4.1858759570e-01 -5.9734993174e+00
167 135 16
2 6 795 247.9200 -49.0700 5 771 212.3500 -66.1400
-7.1953794392e-01 -2.5608558608e-01 -4.9192239194e+00
165 188 229
2 6 802 -112.2600 -38.9800 5 795 -102.5000 -37.6600
2.4619526076e+00 -1.9371623274e-01 -5.2733465208e+00
215 80 98
2 6 810 313.7100 -27.2600 5 779 286.9500 -53.3800
2.4619526076e+00 -1.9371623274e-01 -5.2733465208e+00
215 80 98
2 6 811 313.7100 -27.2600 5 780 286.9500 -53.3800
2.2149162775e+00 -1.6143910018e-02 -5.9224341389e+00
167 136 16
2 6 829 252.8100 -2.5300 5 820 222.2300 -22.5700
2.3979484055e+00 9.0774669946e-02 -5.4130205225e+00
184 158 92
2 6 837 298.5100 9.9600 5 826 274.3800 -16.9400
-5.5943506024e-01 4.3025357035e-01 -4.5923094996e+00
220 158 170
2 6 868 -95.9200 64.3300 5 872 -61.9700 66.1700
2.2829396445e-01 6.3734736547e-01 -5.3243272791e+00
187 157 176
2 6 890 22.5500 83.7200 5 891 34.5500 79.4900
-6.4711582589e-01 8.7350302453e-01 -4.5784362498e+00
132 93 111
2 6 931 -109.2300 132.7900 5 913 -69.0900 141.4500
-2.3712793990e+00 2.9796781135e+00 -1.1686463358e+01
91 86 95
2 6 940 -139.8100 179.4700 5 641 -217.0500 222.2800
1.5765542458e+00 3.7182161047e-01 -5.8646138410e+00
205 41 51
2 7 4 196.5500 -9.2700 5 7 165.1700 27.8000
-2.3721015162e+00 1.6187861575e+00 -1.2050652425e+01
124 105 114
2 7 92 -134.9400 98.5300 5 91 -224.1600 134.0800
1.8333663263e+00 -1.0726193897e+00 -6.6233801183e+00
226 207 90
2 7 98 185.1900 -143.7600 5 67 138.4200 -119.5500
-6.6428374696e-01 3.1806161211e-01 -4.6741732102e+00
223 153 168
2 7 106 -57.4100 -12.8700 5 55 -82.4900 49.3400
-6.6428374696e-01 3.1806161211e-01 -4.6741732102e+00
223 153 168
2 7 107 -57.4100 -12.8700 5 56 -82.4900 49.3400
1.3205164200e+00 1.2342270026e-01 -5.3995365658e+00
132 26 23
2 7 137 182.9000 -40.7900 5 141 159.2800 -2.5400
9.5415799848e-01 1.5313302304e-01 -5.6382579255e+00
135 14 22
2 7 139 133.5500 -32.2700 5 207 105.0200 6.9800
-8.2210271140e-01 1.9795682874e-01 -4.5876781666e+00
223 160 168
2 7 140 -81.6000 -29.7000 5 105 -109.1400 31.7800
1.3875764913e+00 1.2632368520e+00 -5.2237094536e+00
200 144 155
2 7 159 207.1500 97.0700 5 164 191.8600 144.2400
-1.8450116121e+00 1.9078818321e+00 -1.1341699722e+01
121 100 115
3 7 164 -108.9900 117.9400 5 165 -191.8100 154.8200 8 102 167.9100 -199.9500
-4.0763113315e-01 -1.3282027405e-01 -4.9196191777e+00
251 208 218
2 7 192 -25.0100 -71.7000 5 195 -53.4500 -23.8000
1.1349963981e+00 6.5334804472e-02 -5.3666323321e+00
134 59 62
2 7 197 161.9900 -47.2700 5 202 138.5500 -8.2300
7.5984675346e-01 -2.1964097815e+00 -1.1914822213e+01
150 127 125
2 7 246 29.6000 -123.8500 5 248 -55.1900 -110.7500
-6.9653378420e-01 2.9968399654e-01 -4.5691337212e+00
217 152 166
2 7 271 -62.8500 -16.3600 5 210 -86.3200 46.8700
3.9602005688e-01 6.2428319369e-01 -5.3496835901e+00
249 236 236
2 7 291 78.6200 24.7400 5 219 55.1300 75.2200
2.0670893268e+00 -1.7240231705e+00 -8.7535173175e+00
197 186 164
2 7 353 148.6400 -148.9500 5 346 81.9700 -132.6000
1.8647420453e+00 -1.0020747243e+00 -6.6298473027e+00
234 210 88
2 7 356 188.4400 -136.9100 5 352 141.9100 -112.6200
2.1466120641e+00 -5.8904937776e-01 -6.0471344104e+00
243 216 80
3 7 360 239.6200 -111.0700 5 363 201.6400 -82.9900 8 528 -112.5800 182.7800
2.1782203479e+00 -4.9048747495e-01 -5.9705270064e+00
190 158 35
3 7 363 247.1200 -102.2700 5 368 210.0300 -74.0600 8 527 -121.4100 179.2000
2.1848256073e+00 -4.9190602238e-01 -5.9815457996e+00
190 158 35
2 7 364 247.1200 -102.2700 5 369 210.0300 -74.0600
-4.4821481612e-01 3.3755643410e-01 -4.5479403102e+00
186 125 131
3 7 390 -26.5500 -12.9600 5 410 -44.2000 49.1200 8 662 104.3600 98.9500
-4.8476863400e-01 4.0113674866e-01 -4.5561039397e+00
149 91 108
2 7 394 -31.2600 -3.7100 5 416 -49.4800 60.5300
-8.2431965966e-01 7.6886216972e-01 -4.5174562088e+00
184 119 134
2 7 425 -78.5300 52.7200 5 447 -99.6300 129.1000
2.2493927293e+00 -2.1983561492e+00 -1.0650999943e+01
153 149 170
2 7 502 127.0100 -145.6500 5 509 49.6000 -132.9600
2.0688236571e+00 -7.8556466333e-01 -6.2319259890e+00
184 192 135
2 7 521 223.0300 -126.0000 5 520 182.0100 -100.1300
2.0688236571e+00 -7.8556466333e-01 -6.2319259890e+00
184 192 135
2 7 522 223.0300 -126.0000 5 521 182.0100 -100.1300
2.1592032338e+00 -5.4440580025e-01 -6.0658748782e+00
246 219 83
3 7 531 240.4300 -105.6100 5 535 202.2300 -78.2700 8 719 -115.0300 178.5000
1.1563172246e+00 -3.0234436010e-01 -5.2866199781e+00
163 93 103
2 7 538 163.9700 -93.0800 5 543 140.3000 -56.9900
1.2391887722e+00 -9.7173841811e-02 -5.2653984616e+00
156 83 91
2 7 549 176.4200 -69.2100 5 555 154.2500 -31.4100
-4.6570089318e-01 3.1724367826e-01 -4.5545563121e+00
247 197 208
2 7 572 -29.3000 -15.7400 5 599 -47.4900 46.0400
2.5302402485e+00 -2.9161291424e+00 -9.9003483958e+00
140 131 150
2 7 689 152.3400 -204.4000 5 673 76.9800 -192.8100
2.4493979487e+00 -2.5707002545e+00 -1.0068565451e+01
128 115 128
2 7 717 146.2900 -179.3100 5 682 70.7800 -166.9800
2.3002963189e+00 -2.6902482443e+00 -1.0526777710e+01
80 68 82
2 7 721 129.5600 -177.3000 5 683 51.7000 -165.5600
2.0932638323e+00 -8.7635114507e-01 -6.1873315579e+00
200 170 46
2 7 761 226.2600 -136.2500 5 730 185.4600 -110.7700
2.0932638323e+00 -8.7635114507e-01 -6.1873315579e+00
200 170 46
2 7 762 226.2600 -136.2500 5 731 185.4600 -110.7700
2.1374116595e+00 -8.2416933255e-01 -6.0981749295e+00
200 173 44
3 7 767 234.5900 -133.5800 5 515 194.9400 -107.2800 8 1064 -101.3500 199.5400
2.0983653106e+00 -8.0913871885e-01 -6.1557063140e+00
196 170 45
2 7 769 228.6500 -130.5300 5 518 188.3300 -104.2000
2.0983653106e+00 -8.0913871885e-01 -6.1557063140e+00
196 170 45
2 7 770 228.6500 -130.5300 5 519 188.3300 -104.2000
1.8915441653e+00 -2.0544971413e+00 -1.1582415762e+01
74 49 49
2 7 780 95.6100 -122.9000 5 735 14.4200 -110.1300
2.1856630952e+00 -4.5525349631e-01 -5.9773055786e+00
206 173 42
3 7 797 247.7800 -98.5800 5 540 210.7300 -70.0700 8 1019 -123.4500 176.0200
-8.2804740607e-01 -3.6842843679e-01 -5.1735348406e+00
236 189 200
2 7 805 -80.2500 -93.5400 5 377 -122.7400 -49.6200
2.1751197574e+00 -3.4032011780e-01 -6.0266193090e+00
206 171 32
2 7 814 245.6400 -85.5200 5 544 208.4800 -56.7200
-8.6867829490e-01 -2.0891604901e-01 -4.9847828308e+00
157 204 237
2 7 821 -86.4600 -77.3500 5 805 -125.6100 -28.8100
-8.7647508706e-01 -1.6375112403e-01 -4.9408056210e+00
119 141 190
2 7 824 -87.7000 -72.3600 5 563 -125.9500 -22.4700
8.9647565071e-01 1.3480536581e-01 -5.6161547083e+00
150 41 66
2 7 855 127.5400 -34.5000 5 844 98.9900 5.3300
-8.4867026164e-01 2.9849136481e-01 -4.5886266469e+00
228 166 183
3 7 864 -84.4100 -15.0200 5 601 -112.3900 49.1300 8 656 163.9400 86.0500
-6.2484907803e-01 3.7260126365e-01 -4.5654362550e+00
202 130 146
3 7 870 -51.9000 -6.3500 5 870 -73.1800 57.8500 8 657 128.3100 86.3600
3.5480703842e-01 6.1410075893e-01 -5.3082377366e+00
155 106 126
2 7 905 74.1400 23.9000 5 882 51.4600 74.4700
3.6798570429e-01 6.3752822225e-01 -5.3181978774e+00
247 224 229
2 7 913 75.7700 26.7000 5 613 53.0600 77.4300
-9.9414167606e-01 7.8005161372e-01 -4.5586988783e+00
249 196 203
2 7 939 -102.9000 55.6500 5 912 -128.8300 133.4600
1.6143203616e+00 1.3690358859e+00 -5.3708631794e+00
189 140 135
2 7 960 228.0200 106.4800 5 915 209.5100 150.6900
8.9230296883e-01 4.9539221691e-01 -5.4009262052e+00
213 195 202
2 6 97 108.1500 63.2900 8 163 -55.4500 80.4000
8.9230296883e-01 4.9539221691e-01 -5.4009262052e+00
213 195 202
2 6 98 108.1500 63.2900 8 162 -55.4500 80.4000
2.5154170378e+00 -3.1264403705e+00 -9.9867602915e+00
65 50 61
2 6 441 168.7600 -210.1200 8 1050 2.6200 192.7700
1.8363184280e+00 -3.6289309797e+00 -1.1900575953e+01
90 91 111
2 6 446 103.6700 -204.0500 8 972 61.0600 152.9800
1.8363184280e+00 -3.6289309797e+00 -1.1900575953e+01
90 91 111
2 6 447 103.6700 -204.0500 8 971 61.0600 152.9800
-4.3949255369e-01 2.5217905459e-01 -4.5397721101e+00
225 173 182
2 6 566 -78.5400 37.2500 8 671 107.0400 110.9300
4.9423333944e-01 1.0478896620e+00 -5.5137814304e+00
140 30 54
2 6 932 55.8100 133.0200 8 825 -31.7100 1.8800
1.5964448362e+00 2.7982134852e+00 -7.2249737430e+00
141 136 153
2 7 69 169.5900 220.7500 8 63 -152.1000 -166.3500
-5.1657474649e-01 3.7946819588e-01 -4.5493619424e+00
240 193 203
2 7 144 -36.2300 -6.3600 8 221 112.3300 90.6500
-7.4850945657e-02 6.5912320488e-01 -5.3857515719e+00
233 45 74
2 7 151 21.5200 32.8400 8 157 49.6000 30.9500
-2.7514928608e+00 9.7100106871e-01 -1.2337195248e+01
117 96 105
2 7 217 -155.3800 62.6400 8 136 232.1600 -163.9200
6.0415700931e-01 1.6205968740e+00 -5.7887302021e+00
96 5 3
2 7 226 100.5600 138.7800 8 187 -60.6000 -66.0700
2.4523354317e+00 -5.7797593890e-01 -5.3014403471e+00
255 64 99
2 7 241 307.3500 -129.4700 8 384 -167.1300 230.4700
2.4523354317e+00 -5.7797593890e-01 -5.3014403471e+00
255 64 99
2 7 242 307.3500 -129.4700 8 383 -167.1300 230.4700
1.4680186831e-01 5.5033265148e-01 -5.3114646506e+00
104 39 63
2 7 282 48.4200 17.4500 8 213 26.1000 54.2800
8.4110020845e-01 6.8324662995e-01 -5.4964346551e+00
234 44 79
2 7 292 128.4400 29.4100 8 478 -54.6800 54.4700
4.2693388509e-01 8.4485818697e-01 -5.4812916400e+00
180 37 58
2 7 298 81.3400 51.7500 8 305 -15.8500 23.5600
1.1763995545e+00 1.3472821460e+00 -5.5960992046e+00
75 43 27
2 7 310 169.3500 105.3000 8 148 -115.5000 -9.9700
2.5588360516e+00 -3.2579666844e+00 -9.8716892305e+00
128 117 139
2 7 330 152.7800 -226.2300 8 542 1.8300 203.8300
1.1098419765e+00 -2.7987824121e-01 -5.2715490955e+00
244 181 190
2 7 366 158.9400 -90.6900 8 523 -48.7100 174.0000
2.0891659610e-01 5.3312214934e-01 -5.3175624603e+00
150 99 104
2 7 405 55.6700 14.8500 8 481 19.3800 58.0600
5.5806468177e-01 9.1816490172e-01 -5.5013901620e+00
194 28 51
2 7 428 96.8800 59.5500 8 450 -33.4000 19.1300
1.4925110308e+00 1.2303391805e+00 -5.2211107396e+00
185 130 132
2 7 435 219.1900 91.8700 8 455 -160.1800 27.0500
1.5072138083e-01 1.1878104629e+00 -5.5680957471e+00
117 3 7
2 7 436 49.1400 94.3600 8 297 2.7300 -28.3000
5.6966565237e-01 1.3373814362e+00 -5.7952423973e+00
78 0 0
2 7 440 94.6300 106.5400 8 435 -44.7900 -36.2200
-3.1991498882e-01 1.6640762123e+00 -9.3594074538e+00
6 6 4
2 7 441 -15.0000 110.0400 8 408 71.0200 -142.1900
1.2820520533e+00 2.4249024173e+00 -7.8616495612e+00
19 14 17
2 7 451 126.7600 178.0800 8 280 -94.3900 -147.6300
1.6032470552e+00 -4.4858114164e+00 -1.2666684679e+01
92 88 103
2 7 465 61.9300 -230.2300 8 710 88.4400 168.0100
2.4287124582e+00 -3.4521816203e+00 -1.0199702065e+01
126 118 137
2 7 466 138.5000 -229.7900 8 747 16.2000 201.0900
2.0240188292e+00 -3.8323992178e+00 -1.1366733004e+01
117 113 130
2 7 469 98.0500 -224.2600 8 720 52.5400 178.8500
1.7163477929e+00 -4.2500473992e+00 -1.2397830332e+01
60 44 54
2 7 470 70.5800 -224.1300 8 1000 78.8300 166.1200
1.9774108245e+00 -3.2061395991e+00 -1.1469311884e+01
74 62 78
2 7 487 97.0500 -188.1700 8 700 44.5500 146.4700
2.0717477350e+00 -8.8857094727e-01 -6.2246587512e+00
242 216 84
2 7 510 222.7700 -136.6100 8 742 -89.8000 196.8900
2.0825035139e+00 -7.7325831768e-01 -6.1749782469e+00
240 220 94
2 7 519 226.7800 -126.3300 8 732 -96.2600 190.3000
4.6669365971e-01 8.3683855115e-01 -5.4957380584e+00
230 194 214
2 7 599 85.7100 50.4800 8 625 -19.6700 25.2700
4.6669365971e-01 8.3683855115e-01 -5.4957380584e+00
230 194 214
2 7 600 85.7100 50.4800 8 626 -19.6700 25.2700
-3.1666965137e-01 1.6081087446e+00 -9.3857332414e+00
72 59 60
2 7 611 -15.2300 105.7300 8 572 72.1100 -138.2200
-6.0263369339e-01 1.6600459464e+00 -9.9275649543e+00
14 12 15
2 7 612 -35.3300 107.0200 8 571 93.2200 -151.9800
1.5759642151e+00 2.3308490210e+00 -7.3337758159e+00
115 95 82
2 7 628 162.9700 176.7700 8 575 -130.3000 -126.1700
1.5759642151e+00 2.3308490210e+00 -7.3337758159e+00
115 95 82
2 7 629 162.9700 176.7700 8 576 -130.3000 -126.1700
2.5490751050e+00 -3.3019123442e+00 -9.9421181872e+00
124 118 149
2 7 658 150.7100 -227.1900 8 1072 3.9500 203.5700
2.6220745012e+00 -3.1655823624e+00 -9.6510736564e+00
146 138 160
2 7 661 161.2900 -226.0000 8 1086 -5.8900 207.4300
1.7478204981e+00 -4.1535466919e+00 -1.2224502949e+01
106 103 119
2 7 666 73.7600 -222.8700 8 1001 75.0600 166.7400
2.7107019733e+00 -2.9842077653e+00 -9.4271497350e+00
124 114 122
2 7 668 172.1200 -220.2600 8 1085 -17.7300 206.8900
2.2308507512e+00 -3.1491756901e+00 -1.0744765968e+01
117 110 129
2 7 694 120.2300 -199.6600 8 1002 25.2500 166.9200
1.7781322747e+00 -3.1013908958e+00 -1.2025638391e+01
110 102 119
2 7 731 81.0700 -172.4500 8 943 55.6100 125.2000
-8.3669410765e-01 9.1816179523e-02 -4.5708285171e+00
236 173 188
2 7 847 -84.6100 -45.1800 8 928 170.8900 114.6500
-4.8608913394e-01 4.2924703528e-01 -4.5846262132e+00
196 138 152
2 7 875 -31.3300 0.9700 8 910 105.8900 83.1700
4.5577505853e-01 8.9187389445e-01 -5.4913281805e+00
235 153 173
2 7 940 84.8700 57.1800 8 853 -20.9300 18.9100
5.8103096200e-01 1.0340104085e+00 -5.5221958805e+00
162 28 49
2 7 948 100.0200 73.2200 8 610 -40.3400 6.2500
4.4759744516e-01 1.0346615413e+00 -5.5072006763e+00
223 201 224
2 7 952 84.4600 74.3100 8 824 -25.9000 1.9700
2.4650526603e+00 -2.4807839397e-01 -5.2544164463e+00
227 157 174
2 5 125 287.8900 -60.4300 8 255 -185.1100 203.5400
2.5373816948e+00 1.4038216389e-03 -5.2390140675e+00
221 180 195
2 5 134 299.2100 -30.8700 8 176 -204.5100 182.9600
2.4463948893e+00 -3.2551263103e-01 -5.2658949500e+00
205 169 184
2 5 178 284.0800 -69.4700 8 256 -179.3400 209.5900
2.4905362519e+00 -2.9886126656e-01 -5.2175884739e+00
213 36 57
2 5 179 292.2500 -67.3700 8 260 -186.9900 211.1000
2.4704560051e+00 -1.6421287796e-01 -5.2202553741e+00
220 180 189
2 5 185 292.0900 -50.8300 8 252 -191.0700 197.9200
2.4482461610e+00 -2.8403107046e-02 -5.2385792186e+00
214 39 53
2 5 192 290.5600 -33.8600 8 245 -194.2500 183.4600
2.5066723213e+00 1.4435492652e-01 -5.1294456144e+00
220 188 205
2 5 199 307.1700 -14.3700 8 351 -213.0800 174.4800
2.5066723213e+00 1.4435492652e-01 -5.1294456144e+00
220 188 205
2 5 200 307.1700 -14.3700 8 350 -213.0800 174.4800
2.4656983104e+00 -5.0099428388e-01 -5.2855828390e+00
214 37 60
2 5 252 281.8200 -90.2300 8 377 -172.5900 224.8500
-2.9393060332e+00 -5.7412191912e-01 -1.4441131131e+01
103 100 125
2 5 281 -251.5100 9.6600 8 594 245.4500 -98.1500
-6.5772965341e-01 6.5706080573e-01 -4.4934735351e+00
220 167 180
2 5 303 -72.6900 107.1400 8 315 120.2500 50.3600
-9.2999211433e-01 6.8142870498e-01 -4.4905478877e+00
158 96 117
2 5 309 -119.0800 116.7500 8 464 160.1600 35.3400
2.7233946369e+00 -2.8951984940e+00 -9.4352975189e+00
87 79 92
2 5 336 100.7600 -202.1400 8 748 -19.8100 201.8700
2.1572686300e+00 -7.0073489898e-01 -6.0653306486e+00
161 135 39
2 5 358 200.1000 -94.8400 8 738 -108.7500 191.5100
2.1660659632e+00 -4.9708722565e-01 -6.0300532753e+00
213 182 65
2 5 370 205.4200 -73.5800 8 524 -118.4000 176.4400
2.4741032743e+00 -8.9551379007e-02 -5.2390449817e+00
228 185 199
2 5 380 292.2000 -41.5000 8 731 -193.8900 189.8300
-2.9550882049e+00 -6.0488991561e-01 -1.4603153550e+01
105 101 122
2 5 395 -251.0500 8.5500 8 595 245.4500 -98.1500
-2.1794498787e+00 3.5587853866e-01 -1.1962299739e+01
30 23 27
2 5 412 -219.9100 55.6900 8 416 212.6000 -115.9500
-2.1794498787e+00 3.5587853866e-01 -1.1962299739e+01
30 23 27
2 5 413 -219.9100 55.6900 8 415 212.6000 -115.9500
-7.0347382016e-01 4.4486318599e-01 -4.5401586028e+00
168 140 174
2 5 425 -84.7700 71.5000 8 649 136.5400 75.0100
4.1796252892e-01 1.1013805891e+00 -5.5094768275e+00
204 168 181
2 5 449 57.8600 135.9000 8 436 -25.2600 -6.7700
4.1796252892e-01 1.1013805891e+00 -5.5094768275e+00
204 168 181
2 5 450 57.8600 135.9000 8 437 -25.2600 -6.7700
2.8239578801e+00 -3.0321303696e+00 -9.0192218317e+00
81 74 89
2 5 470 116.5300 -221.7000 8 1130 -28.5000 225.8500
2.1478317651e+00 -7.4516095873e-01 -6.0711362221e+00
159 131 35
2 5 522 198.3100 -99.4400 8 1056 -106.0900 194.7000
2.1478317651e+00 -7.4516095873e-01 -6.0711362221e+00
159 131 35
2 5 523 198.3100 -99.4400 8 1055 -106.0900 194.7000
2.4570754101e+00 -3.8040230587e-01 -5.2738546970e+00
226 180 196
2 5 539 283.6200 -75.9700 8 763 -177.6600 214.4400
2.4634523665e+00 -3.2266262189e-01 -5.2535160114e+00
229 182 199
2 5 542 286.5600 -69.4300 8 1093 -181.7700 210.5300
2.4719387542e+00 1.9909114329e-02 -5.2226335921e+00
229 167 175
2 5 558 294.7500 -28.3500 8 1026 -199.5000 180.3500
2.4719387542e+00 1.9909114329e-02 -5.2226335921e+00
229 167 175
2 5 559 294.7500 -28.3500 8 1025 -199.5000 180.3500
2.5109271122e+00 1.7672062397e-01 -5.1110729528e+00
208 43 65
2 5 570 309.3800 -10.5500 8 1014 -216.0500 172.5300
2.5234156246e+00 2.7075522071e-01 -5.0901864321e+00
190 71 99
2 5 578 313.6400 0.8600 8 995 -222.7400 164.7300
-1.9133440077e+00 4.6296023444e-01 -1.1555377840e+01
41 29 37
2 5 606 -204.5100 61.3900 8 586 197.9600 -114.1100
-1.8212287052e+00 5.2015698203e-01 -1.1411017455e+01
39 29 37
2 5 608 -198.8900 64.7600 8 585 192.2400 -114.6000
-1.0228526249e+00 6.2208558207e-01 -4.5148037895e+00
177 111 130
2 5 624 -136.4600 107.9300 8 634 176.5900 38.4700
3.9706610484e-01 9.0258538134e-01 -5.4816590216e+00
183 112 129
2 5 627 53.8200 110.7300 8 845 -14.9900 15.9800
5.6551754494e-01 9.8118811270e-01 -5.5101754887e+00
134 8 22
2 5 629 75.0000 117.7700 8 615 -36.2400 11.8400
2.7158319038e+00 -2.8169013951e+00 -9.3463810665e+00
41 31 41
2 5 667 102.5200 -198.8800 8 1067 -22.8300 200.9700
2.1099306841e+00 -8.6996497102e-01 -6.1603796750e+00
205 177 65
2 5 734 188.4000 -110.5900 8 1063 -95.6200 199.5000
2.4754847577e+00 -2.6791076004e-01 -5.2407549829e+00
235 185 202
2 5 772 289.4300 -63.1000 8 1082 -186.0100 206.5400
2.4685489696e+00 -1.7671799857e-01 -5.2492474649e+00
230 182 190
2 5 783 289.4300 -51.8600 8 1059 -189.1300 197.4000
2.4887172848e+00 -2.4817683859e-02 -5.1820841885e+00
190 82 110
2 5 799 298.8200 -34.4700 8 1038 -200.9800 187.3800
2.4887172848e+00 -2.4817683859e-02 -5.1820841885e+00
190 82 110
2 5 800 298.8200 -34.4700 8 1037 -200.9800 187.3800
2.5162299708e+00 1.5303463832e-01 -5.0968549203e+00
232 168 187
2 5 829 310.7300 -13.6900 8 1020 -216.1200 175.7800
2.5204620657e+00 1.9576656029e-01 -5.0820858893e+00
249 156 168
2 5 835 312.9400 -8.5400 8 1016 -219.3000 172.5300
2.5204620657e+00 1.9576656029e-01 -5.0820858893e+00
249 156 168
2 5 836 312.9400 -8.5400 8 1015 -219.3000 172.5300
9.8822365126e-01 1.5580992843e+00 -5.6423981421e+00
190 117 131
2 5 917 125.5000 180.3400 8 819 -103.8100 -41.3000
