# Bundle file v0.3
9 398
0 0 0
0 0 0
0 0 0
0 0 0
0 0 0
0 0 0
0 0 0
0 0 0
0 0 0
0 0 0
0 0 0
0 0 0
0 0 0
0 0 0
0 0 0
0 0 0
0 0 0
0 0 0
0 0 0
0 0 0
0 0 0
0 0 0
0 0 0
0 0 0
0 0 0
6.9107258866e+02 -1.0171999467e-01 -3.7874285692e-02
9.6940094006e-01 9.4417939380e-02 2.2659891908e-01
-8.3074999095e-02 9.9478904163e-01 -5.9104206076e-02
-2.3099861889e-01 3.8470967935e-02 9.7219320235e-01
1.2176506947e+00 -3.5848430149e-01 -1.1738588864e-02
6.9137642806e+02 -1.0032823786e-01 -3.4187345160e-02
9.9999855663e-01 1.6976725019e-03 -6.8135737372e-05
-1.6983441748e-03 9.9993234263e-01 -1.1507640151e-02
4.8594923241e-05 1.1507739259e-02 9.9993378260e-01
-2.2033508053e-02 -7.1888117850e-02 -5.8318587931e-02
6.9483566981e+02 -1.1799608629e-01 3.0591599345e-02
9.9701025730e-01 5.3271102351e-02 5.5970853990e-02
-4.9718598091e-02 9.9677097020e-01 -6.3053104366e-02
-5.9149030811e-02 6.0081799414e-02 9.9643944599e-01
5.5406873577e-01 -7.5870559598e-01 -4.8960845354e-01
0 0 0
0 0 0
0 0 0
0 0 0
0 0 0
1.8661081553e+00 -1.1177415457e+00 -6.6839196617e+00
203 182 70
3 6 325 186.6000 -113.1000 7 505 185.2800 -144.2900 5 350 138.2300 -120.9300
2.1433994320e+00 -8.5485992717e-01 -6.1487871165e+00
221 195 83
3 6 501 232.6100 -94.2900 7 513 231.0500 -133.6600 5 517 191.1200 -107.2700
2.1433994320e+00 -8.5485992717e-01 -6.1487871165e+00
221 195 83
3 6 500 232.6100 -94.2900 7 512 231.0500 -133.6600 5 516 191.1200 -107.2700
2.1627549490e+00 -8.4502500756e-01 -6.1112889413e+00
177 153 51
3 6 778 235.9600 -93.7600 7 766 234.5900 -133.5800 5 514 194.9400 -107.2800
2.1626685038e+00 -7.4445066700e-01 -6.1265418037e+00
214 189 76
3 6 508 235.6200 -82.6500 7 523 234.7100 -123.2200 5 356 195.4300 -96.4200
2.1707454033e+00 -6.6886070715e-01 -6.0976291429e+00
215 190 73
3 6 328 237.6100 -74.5900 7 359 237.4300 -116.4400 5 360 198.5000 -89.2900
2.1540453544e+00 -7.8407511113e-01 -6.1371086461e+00
215 191 85
3 6 781 234.1700 -86.8000 7 775 233.2700 -126.8800 5 745 193.5500 -100.3000
2.4865435534e+00 -4.5923399988e-01 -5.3350469517e+00
226 182 185
3 6 163 308.2400 -59.3400 7 183 306.7600 -113.6100 5 173 277.9200 -82.6000
2.1226658737e+00 -9.4872422674e-01 -6.1857870183e+00
212 189 70
3 6 326 228.6500 -104.2400 7 355 227.0900 -141.5600 5 351 186.2800 -115.9600
1.8702858139e+00 -1.0796533980e+00 -6.6924625160e+00
41 28 0
3 6 771 186.9200 -109.1800 7 757 185.5800 -140.7200 5 720 138.6900 -116.9200
1.8702858139e+00 -1.0796533980e+00 -6.6924625160e+00
41 28 0
3 6 772 186.9200 -109.1800 7 758 185.5800 -140.7200 5 721 138.6900 -116.9200
2.4920465750e+00 -3.4563142476e-01 -5.3196678081e+00
234 192 195
3 6 528 309.9400 -45.2700 7 533 309.3700 -101.2900 5 541 281.1000 -69.8300
2.4842822132e+00 -3.9534472213e-01 -5.3357708887e+00
239 180 181
3 6 793 308.0600 -51.3800 7 794 307.1300 -106.4500 5 762 278.5400 -75.1900
2.0675936223e+00 -6.1691838717e-01 -6.2841037491e+00
218 186 68
3 6 46 220.4100 -65.7700 7 51 220.6100 -106.8200 5 27 179.9500 -81.0800
-8.9027469950e-01 5.2364509713e-01 -4.5355154127e+00
21 27 43
3 6 54 -136.5500 75.8500 7 57 -78.7900 13.0600 5 33 -102.4000 82.8100
-8.9027469950e-01 5.2364509713e-01 -4.5355154127e+00
21 27 43
3 6 55 -136.5500 75.8500 7 58 -78.7900 13.0600 5 34 -102.4000 82.8100
-8.9027469950e-01 5.2364509713e-01 -4.5355154127e+00
21 27 43
3 6 56 -136.5500 75.8500 7 59 -78.7900 13.0600 5 35 -102.4000 82.8100
-8.5188598923e-01 -2.2437659953e-01 -5.0029331054e+00
23 24 28
3 6 66 -118.7900 -32.0500 7 75 -74.9800 -79.7100 5 49 -112.1700 -31.7400
8.5881305471e-01 6.2289057583e-02 -5.6007546121e+00
210 178 197
3 6 49 101.7700 6.5300 7 54 124.9700 -43.6100 5 51 95.8400 -4.6000
5.8967923423e-02 3.5538955861e-01 -5.4686599310e+00
152 22 32
3 6 53 4.8600 43.2200 7 83 38.3700 -7.9800 5 54 8.7600 41.3300
-9.3195672924e-01 6.3343459457e-01 -4.5416863158e+00
192 205 242
3 6 78 -142.5900 91.8000 7 88 -83.9200 29.0700 5 57 -107.5000 101.5400
1.0338465515e+00 -3.6149763173e-03 -5.4518579463e+00
180 117 131
3 6 90 126.8000 -0.7900 7 102 147.4500 -54.0300 5 76 122.0400 -16.8300
1.3108379273e+00 2.1102437033e-01 -5.5030571209e+00
188 119 130
3 6 70 159.9400 25.2800 7 80 178.0800 -30.7200 5 77 153.2900 8.0100
9.9112267914e-01 5.6865685957e-01 -5.4592974799e+00
213 193 208
3 6 74 121.3300 70.0900 7 84 147.0700 11.8600 5 82 123.8300 55.4500
9.9112267914e-01 5.6865685957e-01 -5.4592974799e+00
213 193 208
3 6 75 121.3300 70.0900 7 85 147.0700 11.8600 5 83 123.8300 55.4500
3.6285869946e-01 4.9273664448e-01 -5.3468092681e+00
72 2 3
3 6 96 43.5500 61.2900 7 111 77.0400 6.2200 5 84 52.9100 54.8800
-8.7305403267e-01 3.9722492442e-01 -4.5883927672e+00
187 201 240
3 6 73 -132.4300 56.4800 7 110 -77.1000 -4.1500 5 85 -102.0400 61.3800
8.1852341149e-01 5.6139569694e-01 -5.4625726083e+00
95 0 2
3 6 132 99.6900 69.1700 7 147 127.5700 12.0000 5 108 103.5100 56.9400
4.5546043791e-01 9.8988270328e-01 -5.5119195467e+00
163 18 29
3 6 104 53.8900 121.5400 7 113 87.7400 64.4300 5 113 63.7400 115.6700
2.2944037165e+00 -1.1053425915e+00 -5.8031184897e+00
202 197 106
3 6 117 262.0000 -128.6800 7 128 257.7300 -168.6300 5 120 220.9400 -142.5500
9.8562647172e-01 5.4891759607e-02 -5.5282193680e+00
72 5 8
3 6 178 118.7500 4.5900 7 198 140.4500 -45.7800 5 140 114.0100 -6.6900
6.6235230033e-03 4.4681725948e-01 -5.4545709782e+00
225 56 94
3 6 128 -1.7000 54.5100 7 202 32.7700 3.3400 5 150 4.0200 53.7400
6.6235230033e-03 4.4681725948e-01 -5.4545709782e+00
225 56 94
3 6 129 -1.7000 54.5100 7 203 32.7700 3.3400 5 151 4.0200 53.7400
-5.7932347710e-01 4.4966274944e-01 -4.6044994521e+00
108 54 70
3 6 190 -88.7600 64.1400 7 145 -35.6600 0.9700 5 153 -54.9500 65.0900
1.5953909975e-01 6.4876440470e-01 -5.3655112572e+00
217 202 221
3 6 134 17.6700 81.4400 7 149 53.6900 25.9700 5 156 28.5500 77.8500
-9.3958292094e-01 5.1988478593e-01 -4.5166070102e+00
18 20 30
3 6 133 -144.3300 74.7400 7 206 -86.2600 12.5400 5 157 -110.1000 84.1500
3.9782110582e-01 1.0770400919e+00 -5.5121645314e+00
171 150 172
3 6 139 46.7000 132.2400 7 157 81.7400 75.0300 5 163 57.8600 127.6000
2.4865435534e+00 -4.5923399988e-01 -5.3350469517e+00
226 182 185
3 6 164 308.2400 -59.3400 7 184 306.7600 -113.6100 5 174 277.9200 -82.6000
8.9470507182e-01 -6.3022833785e-02 -5.5364057996e+00
51 9 18
3 6 242 107.6200 -8.8500 7 256 129.1300 -58.8000 5 198 101.5000 -20.9700
8.1177160401e-01 1.3507920174e-01 -5.6449615543e+00
139 29 46
3 6 248 95.5400 14.7800 7 263 118.5500 -34.3900 5 206 89.8800 5.3600
-4.9454480879e-01 3.1891101589e-01 -4.5406063362e+00
157 99 113
3 6 186 -77.4700 45.5000 7 269 -24.4800 -18.2400 5 208 -42.0100 42.7400
1.0289460998e+00 6.5526162909e-01 -5.4554923953e+00
44 9 7
3 6 194 125.6800 80.3800 7 148 152.5500 21.9900 5 214 129.4700 65.8900
1.2045994968e-01 5.7720325251e-01 -5.3508925875e+00
82 11 26
3 6 193 12.9700 72.6000 7 283 48.4200 17.4500 5 217 23.2900 69.1500
-5.9453117033e-01 4.9254873299e-01 -4.5958467076e+00
235 181 195
3 6 192 -91.0500 70.9400 7 277 -37.4700 6.7600 5 218 -56.6200 72.0500
-9.7803966414e-01 4.7152476130e-01 -4.5506705521e+00
183 230 255
3 6 258 -149.1900 67.5700 7 278 -91.4000 6.6400 5 222 -117.6500 75.7400
-9.1197886856e-01 5.9192421495e-01 -4.4308375367e+00
179 225 255
3 6 264 -142.4100 86.7700 7 290 -84.4100 23.2000 5 224 -102.1800 95.9100
-9.3505780305e-01 6.5241325667e-01 -4.5411610572e+00
243 231 243
3 6 266 -142.9300 95.1500 7 293 -84.1800 31.5200 5 225 -107.9100 104.4700
-8.4408114642e-01 7.5730532225e-01 -4.4967269095e+00
225 165 177
3 6 273 -130.7700 111.6500 7 296 -70.8500 45.9700 5 226 -90.6000 120.5900
9.4547076638e-01 -1.4113153543e-02 -5.5536204740e+00
66 13 22
3 6 358 113.6800 -2.4400 7 381 134.6200 -53.5200 5 273 106.9800 -15.3900
1.2235753718e+00 9.9993306051e-02 -5.4506396898e+00
95 35 39
3 6 247 150.5600 11.3200 7 261 169.3300 -43.5800 5 275 145.0500 -4.7300
1.1020982525e+00 1.0643172729e-01 -5.5042133627e+00
172 101 113
3 6 361 133.9200 11.7800 7 262 154.3900 -41.2100 5 276 128.7700 -2.2400
6.4677831241e-01 2.0096232052e-01 -5.5985545137e+00
115 4 13
3 6 253 76.3100 23.5200 7 268 101.9800 -26.8800 5 283 73.4000 14.4700
9.0078351961e-01 6.0537749533e-01 -5.4544278449e+00
104 11 16
3 6 260 110.2900 74.3800 7 281 137.0500 16.5800 5 296 114.2400 61.6900
-8.8721052921e-02 6.0962338993e-01 -5.3641206627e+00
108 9 22
3 6 263 -13.8400 76.4200 7 287 23.5600 22.9300 5 297 -3.4300 76.3000
-9.0112677509e-01 4.9181586403e-01 -4.5596354288e+00
255 254 254
3 6 259 -137.4700 70.8400 7 279 -80.3100 8.8500 5 298 -104.9900 77.5000
5.3737221320e-01 9.4746957638e-01 -5.4997570506e+00
153 14 28
3 6 403 64.1100 116.7400 7 429 96.8800 59.5500 5 304 73.7400 108.4200
-9.4258534109e-01 7.6751149269e-01 -4.5098809540e+00
227 167 179
3 6 401 -144.7900 112.9700 7 421 -85.0800 47.8700 5 312 -106.8300 124.0400
-1.0509235863e+00 7.6633466840e-01 -4.5236981366e+00
133 74 96
3 6 602 -160.5600 112.1700 7 422 -100.0800 48.4600 5 313 -125.0400 125.9000
4.3103661265e-01 1.1242893821e+00 -5.5128440362e+00
166 22 33
3 6 277 50.8700 137.9600 7 302 85.7600 80.2600 5 314 62.4300 133.1100
1.5638415081e+00 1.2714985992e+00 -5.2538716254e+00
69 31 28
3 6 199 198.3500 161.6800 7 218 225.5000 90.9100 5 315 208.4500 136.3100
1.5638415081e+00 1.2714985992e+00 -5.2538716254e+00
69 31 28
3 6 200 198.3500 161.6800 7 219 225.5000 90.9100 5 316 208.4500 136.3100
1.7153945319e+00 -3.3093062277e+00 -1.2224375784e+01
97 90 106
3 6 465 93.8900 -180.3500 7 490 74.5800 -179.1000 5 339 -11.2100 -169.6600
-1.1679478121e+00 -2.7524198064e+00 -1.2510337471e+01
72 44 55
3 6 743 -64.8700 -144.9100 7 759 -77.0200 -140.7000 5 347 -171.7400 -129.6700
2.1497668063e+00 -8.2331310937e-01 -6.1459618820e+00
214 191 78
3 6 503 233.2600 -91.1100 7 515 232.1800 -130.3400 5 354 192.3100 -104.1700
-8.5404503015e-01 -1.6300747292e-01 -4.9821501577e+00
251 253 255
3 6 342 -119.6400 -23.7800 7 373 -74.8000 -72.5900 5 386 -111.6600 -22.9300
9.0586031734e-01 -2.5998125131e-02 -5.5921817964e+00
173 134 153
3 6 355 108.0300 -4.3700 7 380 129.1000 -54.1500 5 389 100.6800 -15.4400
2.0875047187e+00 5.9184042023e-01 -6.2213987025e+00
110 64 25
3 6 378 225.1000 63.6400 7 403 234.3100 12.2600 5 407 198.4400 44.8200
-8.8080277757e-01 4.2578007072e-01 -4.5505633126e+00
165 217 254
3 6 377 -134.6600 61.0800 7 577 -78.2700 -0.4800 5 418 -102.3700 66.3900
-1.0061988164e+00 4.4482621858e-01 -4.5686381132e+00
168 156 197
3 6 578 -152.6700 63.5200 7 580 -95.2000 2.8500 5 426 -123.0400 71.9300
-6.3884113960e-01 6.2620383997e-01 -4.5287765914e+00
170 104 126
3 6 390 -99.1500 91.5100 7 410 -42.6700 25.7000 5 431 -59.9500 94.9700
-8.9150320475e-01 7.4024739534e-01 -4.5044882418e+00
178 107 123
3 6 601 -137.4800 108.8600 7 594 -77.8900 43.7100 5 440 -98.7500 118.7400
-9.3559708836e-01 7.3643402600e-01 -4.5027469546e+00
174 107 127
3 6 398 -144.2200 108.2800 7 595 -84.0300 43.5200 5 441 -106.1400 118.9800
-9.3559708836e-01 7.3643402600e-01 -4.5027469546e+00
174 107 127
3 6 399 -144.2200 108.2800 7 596 -84.0300 43.5200 5 442 -106.1400 118.9800
1.6798052200e+00 1.3923238275e+00 -5.4009517655e+00
69 30 30
3 6 286 207.3700 172.1500 7 309 232.5100 102.9500 5 458 213.2100 146.8100
9.6765275102e-01 1.5886982168e+00 -5.6736458473e+00
140 24 34
3 6 414 113.4100 189.1300 7 618 145.2800 127.9800 5 463 122.5300 177.5000
2.4706855331e+00 -2.8503217052e+00 -1.0051274163e+01
103 99 121
3 6 460 164.3500 -188.9000 7 696 145.7100 -195.7400 5 485 69.7500 -183.3900
2.2254158490e+00 -2.9548809277e+00 -1.0798632719e+01
108 101 117
3 6 463 137.9600 -182.4300 7 712 119.4800 -186.1600 5 491 39.9900 -175.1500
2.3402411325e+00 -2.5145811320e+00 -1.0400172650e+01
64 53 67
3 6 736 150.9200 -161.1700 7 738 133.9100 -168.0200 5 502 56.9700 -155.7600
2.2573488110e+00 -2.3192790462e+00 -1.0731026117e+01
74 53 61
3 6 483 141.6100 -144.0100 7 752 124.6900 -150.7000 5 506 47.1300 -137.8600
2.2109404813e+00 -2.3255594815e+00 -1.0786737141e+01
124 120 134
3 6 484 137.8000 -143.6700 7 498 121.4600 -149.9500 5 507 43.2600 -137.3900
2.2109404813e+00 -2.3255594815e+00 -1.0786737141e+01
124 120 134
3 6 485 137.8000 -143.6700 7 497 121.4600 -149.9500 5 508 43.2600 -137.3900
2.4649674041e+00 -5.6188751622e-01 -5.3886315939e+00
240 184 195
3 6 513 302.5900 -71.4800 7 779 300.5400 -123.5000 5 526 270.7100 -93.1500
2.4827920025e+00 -5.2705556856e-01 -5.3288285365e+00
242 193 212
3 6 514 307.9500 -67.8900 7 525 306.0200 -121.2200 5 527 277.0600 -90.6100
2.1195511226e+00 -6.6504159952e-01 -6.2147135860e+00
164 169 117
3 6 512 227.9100 -72.6900 7 527 228.0200 -113.2400 5 530 187.7600 -86.5100
2.4913988337e+00 -4.4473185052e-01 -5.3081272630e+00
234 173 188
3 6 518 310.2900 -57.8900 7 791 308.8600 -112.5000 5 532 280.5600 -81.6000
2.1695154227e+00 -5.7569327887e-01 -6.1073945144e+00
177 147 41
3 6 787 237.2300 -64.2700 7 795 237.6900 -106.8000 5 533 199.0300 -79.4500
9.5222222917e-01 2.4211921756e-02 -5.5541461335e+00
171 124 141
3 6 832 114.4000 1.7300 7 838 135.7200 -49.2300 5 572 108.2900 -10.2500
-5.2066834902e-01 -1.6316368574e-02 -4.6937975662e+00
226 178 187
3 6 354 -79.0200 -4.8900 7 833 -30.5300 -61.1300 5 573 -54.7100 -8.4200
-5.1217886468e-01 2.7511000590e-02 -4.6603440367e+00
219 171 182
3 6 551 -78.1400 1.6000 7 837 -29.0700 -56.4700 5 577 -52.1400 -1.8000
-4.7231981909e-01 1.0563211489e-01 -4.6096149378e+00
157 101 112
3 6 558 -73.0800 13.0400 7 845 -23.2100 -46.7400 5 584 -43.3900 9.1800
-4.7231981909e-01 1.0563211489e-01 -4.6096149378e+00
157 101 112
3 6 557 -73.0800 13.0400 7 844 -23.2100 -46.7400 5 585 -43.3900 9.1800
-9.1649420189e-01 9.9004847822e-02 -4.5841309918e+00
215 151 168
3 6 556 -139.1800 12.3200 7 848 -84.6100 -45.1800 5 586 -113.5800 13.9200
-4.7972097395e-01 2.6438040182e-01 -4.5606671752e+00
157 99 112
3 6 565 -74.9200 36.9300 7 861 -22.9900 -25.6000 5 589 -40.9100 34.0200
-9.0628832184e-01 2.4915837320e-01 -4.6164307874e+00
245 182 191
3 6 563 -136.7600 34.3900 7 568 -81.9300 -24.0700 5 592 -110.1400 38.0400
1.0817634165e-01 6.0567166482e-01 -5.3320616628e+00
233 218 230
3 6 586 11.2700 76.3000 7 901 47.6200 21.0200 5 610 22.7400 73.2000
1.3617058730e-01 6.2448836519e-01 -5.3253456112e+00
229 219 231
3 6 587 14.9100 78.6900 7 904 51.1600 23.0200 5 611 26.8000 75.4800
-8.8695657679e-01 6.5159714058e-01 -4.5356193637e+00
241 217 230
3 6 595 -136.0800 95.0200 7 918 -77.2300 31.0600 5 621 -100.0200 103.6400
3.7475363314e-01 9.3883570817e-01 -5.5014708694e+00
203 132 150
3 6 922 44.0800 115.4800 7 942 78.2200 58.9300 5 626 53.8200 110.7300
-9.7250368559e-01 7.5124169516e-01 -4.5036189136e+00
232 172 179
3 6 917 -149.8700 110.2100 7 932 -88.9900 46.0800 5 631 -112.0200 122.1800
4.2913935816e-01 1.0479903658e+00 -5.5043170966e+00
152 22 54
3 6 606 50.7300 128.8600 7 609 85.2000 71.4200 5 633 61.6100 123.5400
2.6774763770e+00 -3.2292021622e+00 -9.5914854927e+00
111 103 121
3 6 644 185.4800 -223.5100 7 655 164.8300 -229.7600 5 651 90.3100 -218.4400
2.3664471367e+00 -3.5224272305e+00 -1.0424337598e+01
100 95 114
3 6 641 151.1400 -224.7200 7 660 130.3500 -227.0800 5 653 51.5500 -217.1600
2.4568850759e+00 -3.3706246338e+00 -1.0190591413e+01
115 112 130
3 6 655 160.5600 -219.9600 7 664 140.0300 -223.6500 5 655 62.5700 -213.2400
2.4792029682e+00 -3.0517135742e+00 -1.0119589805e+01
117 106 126
3 6 681 163.5200 -200.7800 7 683 144.1500 -206.2500 5 670 67.5100 -194.8800
2.3698609020e+00 -2.6378513694e+00 -1.0464472902e+01
73 58 66
3 6 723 151.8100 -167.8100 7 724 134.2000 -174.2300 5 688 56.6400 -162.4800
2.0424022219e+00 -2.1722934923e+00 -1.1188321736e+01
107 92 111
3 6 752 122.9300 -128.8600 7 764 107.3300 -134.7700 5 717 27.4000 -122.1100
1.8526319449e+00 -2.3325328135e+00 -1.1825366014e+01
97 86 99
3 6 750 105.4300 -131.0500 7 765 89.0800 -134.0300 5 718 6.5000 -122.2000
2.0042282945e+00 -1.9735280484e+00 -1.1351931134e+01
107 91 101
3 6 769 119.0600 -115.3200 7 783 103.8600 -121.0600 5 736 23.9300 -108.0600
2.4905581025e+00 -6.6050201726e-01 -5.3191955519e+00
247 142 75
3 6 782 309.1400 -84.5800 7 760 305.9400 -136.5400 5 739 276.5400 -106.0900
2.1540453544e+00 -7.8407511113e-01 -6.1371086461e+00
215 191 85
3 6 780 234.1700 -86.8000 7 774 233.2700 -126.8800 5 744 193.5500 -100.3000
2.4922435948e+00 -4.8523062329e-01 -5.3146847666e+00
249 179 194
3 6 788 309.8500 -62.9000 7 789 308.3300 -116.9100 5 754 279.5600 -86.1000
2.5104472605e+00 -3.0118273548e-01 -5.2551651414e+00
215 78 123
3 6 800 315.6700 -40.2000 7 799 315.6400 -97.9600 5 770 288.0200 -65.8200
8.9537338492e-01 3.7598953126e-02 -5.5570022670e+00
223 194 208
3 6 833 107.3500 3.3500 7 843 129.3900 -47.1700 5 837 101.9300 -8.2200
7.5315337733e-02 5.9071408958e-01 -5.3294086101e+00
239 225 235
3 6 885 6.9600 74.4000 7 898 43.7400 19.5200 5 875 18.4300 71.6300
-1.0700186610e-01 5.8052290913e-01 -5.3315587360e+00
209 176 193
3 6 880 -16.4700 73.1100 7 899 21.9200 19.3900 5 881 -5.3800 72.9100
1.5463740779e+00 1.0586754857e+00 -5.1634447560e+00
159 96 109
3 6 608 199.9700 136.6000 7 946 225.4100 66.1700 5 905 210.1700 111.0600
5.5265839108e-01 9.8805932776e-01 -5.5261816746e+00
212 136 155
3 6 928 65.7700 120.9200 7 944 98.6100 63.3400 5 906 74.6500 113.9500
9.6797901649e-01 -2.6697503574e-01 -5.3953729025e+00
215 148 157
2 6 18 118.9300 -35.6200 7 22 140.4300 -84.7100
-2.7377480802e-02 5.2301807596e-01 -5.4124779447e+00
243 238 244
2 6 26 -5.9000 65.0700 7 28 29.6900 12.3300
-2.6701329787e-01 5.9032130069e-01 -5.1559845268e+00
34 19 22
2 6 27 -37.8100 76.9500 7 41 3.4700 20.6400
1.9438884127e+00 8.1339805101e-01 -6.1998006048e+00
192 132 142
2 6 28 209.9400 88.2100 7 29 223.5500 35.6000
-7.5728523903e-02 3.0701826238e-01 -5.4963782794e+00
235 234 242
2 6 51 -12.2400 37.0000 7 82 22.1000 -11.8000
4.0207599995e-04 1.4812518722e+00 -5.8358839382e+00
161 15 26
2 6 62 -1.6200 173.0500 7 65 33.5400 120.4400
-1.2211943111e+00 -2.8690713611e+00 -1.2349878248e+01
58 58 69
2 6 64 -68.4500 -153.9600 7 71 -81.1300 -149.2000
-5.6558068829e-02 1.9399924203e-01 -5.6527698153e+00
198 32 51
2 6 69 -9.6600 22.4600 7 141 22.0600 -23.2300
1.3949322440e+00 3.2921578719e-01 -5.6353300561e+00
67 9 9
2 6 72 166.1700 38.8200 7 81 183.7100 -16.3600
-2.8739305779e+00 3.0178451052e+00 -1.1800337855e+01
23 21 26
2 6 81 -167.3800 177.4400 7 123 -161.1700 181.1500
3.4502640855e-01 -3.3698568940e+00 -1.2949354051e+01
9 9 9
2 6 86 17.1200 -172.9700 7 97 -0.7100 -168.5900
7.6112760049e-01 8.4742232984e-02 -5.6384413267e+00
238 230 239
2 6 91 89.6100 9.2400 7 104 112.8700 -40.1400
-1.4283508276e-01 2.3411535805e-01 -5.5581907025e+00
230 212 229
2 6 93 -20.9200 27.2100 7 143 13.8800 -18.7400
2.2981364631e+00 -1.1078725847e+00 -5.8123009833e+00
202 197 106
2 6 116 262.0000 -128.6800 7 127 257.7300 -168.6300
1.1577419143e+00 1.2886506958e-01 -5.4958587143e+00
189 123 137
2 6 124 141.0400 14.7800 7 138 161.0400 -39.2100
2.7478678445e-01 5.1466221215e-01 -5.3548200379e+00
230 208 219
2 6 131 32.6600 64.5500 7 205 66.1500 9.1600
-4.9916958639e-02 7.6315766242e-01 -5.4314641020e+00
91 1 7
2 6 137 -8.9500 94.8200 7 215 28.7100 41.2500
1.5375358760e+00 1.4163872925e+00 -5.3606097137e+00
169 119 130
2 6 144 191.3200 176.8500 7 161 218.5200 107.3100
8.1361987009e-01 -4.7912423542e+00 -1.4257405643e+01
42 42 51
2 6 149 37.3100 -223.5300 7 174 14.2700 -213.7600
2.3122480806e+00 -3.5362724292e+00 -1.0551137897e+01
37 33 48
2 6 151 146.0100 -222.8700 7 170 125.2200 -224.9000
2.3122480806e+00 -3.5362724292e+00 -1.0551137897e+01
37 33 48
2 6 152 146.0100 -222.8700 7 171 125.2200 -224.9000
2.9230631016e+00 -2.8532717225e+00 -8.9196840017e+00
60 49 63
2 6 153 217.4100 -212.3200 7 172 197.1100 -222.7500
2.5945732235e+00 -2.6826822412e+00 -9.7233930936e+00
64 55 67
2 6 155 178.5100 -183.5600 7 176 159.8000 -192.4800
2.3673896741e+00 -2.0020435055e+00 -8.0877252721e+00
188 174 148
2 6 156 195.3200 -165.5100 7 177 182.7600 -183.2800
4.7837987681e-01 -3.1726204201e+00 -1.2762692354e+01
104 81 65
2 6 157 24.1400 -165.6100 7 179 7.6100 -161.4800
2.5009523629e+00 -3.3750535854e-01 -5.2893019572e+00
224 181 194
2 6 166 312.7800 -44.4600 7 185 311.9800 -101.1900
2.5009523629e+00 -3.3750535854e-01 -5.2893019572e+00
224 181 194
2 6 167 312.7800 -44.4600 7 186 311.9800 -101.1900
2.1933909834e+00 -3.0007010109e-01 -6.1112340118e+00
220 184 47
2 6 169 239.9500 -33.7900 7 252 242.3100 -79.4200
5.9077648025e-01 1.6782222069e+00 -5.8206572397e+00
67 1 0
2 6 205 66.8200 195.4300 7 225 100.5600 138.7800
2.5978133607e+00 -3.1147367721e+00 -9.7459839515e+00
53 42 52
2 6 212 177.5100 -212.5000 7 230 157.5000 -218.7600
2.5978133607e+00 -3.1147367721e+00 -9.7459839515e+00
53 42 52
2 6 213 177.5100 -212.5000 7 231 157.5000 -218.7600
2.2544820247e+00 -1.9021154521e+00 -8.3639745355e+00
178 171 140
2 6 216 180.2600 -152.1900 7 236 168.6800 -169.1100
1.4809693823e+00 -2.5286211690e+00 -1.2133578122e+01
110 84 65
2 6 219 81.9200 -138.5500 7 238 65.5400 -139.4900
1.3561275265e+00 -2.4839243379e+00 -1.2157716666e+01
18 29 45
2 6 220 74.8400 -135.7500 7 239 58.7900 -136.6300
1.9988612914e+00 -2.1220099063e+00 -1.1326798465e+01
54 41 43
2 6 223 118.8900 -124.4200 7 243 103.3100 -129.7300
2.4625125871e+00 -5.6550404545e-01 -5.3231676428e+00
225 190 208
2 6 231 305.7000 -72.8100 7 358 303.8600 -125.5800
2.0368767353e+00 3.3662638749e-01 -6.3215842835e+00
147 111 50
2 6 254 216.2500 35.8100 7 391 224.1000 -12.5200
4.8751000923e-01 8.5304208013e-01 -5.4591367227e+00
148 19 29
2 6 267 58.6500 105.6500 7 419 91.3400 48.1500
1.6814351049e+00 1.3924063751e+00 -5.4056733962e+00
69 30 30
2 6 285 207.3700 172.1500 7 308 232.5100 102.9500
2.2630387895e+00 -3.7983347662e+00 -1.0693097946e+01
84 79 97
2 6 295 140.6600 -236.1100 7 458 119.3200 -236.4000
2.4704179204e+00 -3.2365124469e+00 -1.0224212932e+01
98 89 106
2 6 303 160.9700 -210.7500 7 332 141.1600 -214.7600
2.7842832417e+00 -2.7995191369e+00 -9.1980303060e+00
56 43 54
2 6 304 201.4100 -202.3600 7 333 182.0100 -212.0700
1.6961293886e+00 -3.5925823157e+00 -1.2207217403e+01
10 10 12
2 6 305 92.7700 -196.0800 7 338 72.6800 -193.7400
1.6961293886e+00 -3.5925823157e+00 -1.2207217403e+01
10 10 12
2 6 306 92.7700 -196.0800 7 339 72.6800 -193.7400
2.6380204754e+00 -2.7957280312e+00 -9.6443374816e+00
59 47 61
2 6 308 182.6300 -192.8600 7 334 163.5300 -201.3000
2.6380204754e+00 -2.7957280312e+00 -9.6443374816e+00
59 47 61
2 6 309 182.6300 -192.8600 7 335 163.5300 -201.3000
2.4452320406e+00 -2.9066454008e+00 -1.0207383366e+01
59 52 64
2 6 311 160.2200 -189.6000 7 336 141.2800 -195.6000
2.4452320406e+00 -2.9066454008e+00 -1.0207383366e+01
59 52 64
2 6 312 160.2200 -189.6000 7 337 141.2800 -195.6000
1.6027189113e+00 -2.7091864508e+00 -1.2354633256e+01
47 38 45
2 6 317 87.1800 -145.7400 7 501 69.4800 -146.0400
1.9182291865e+00 -2.2774747394e+00 -1.1492306261e+01
52 42 42
2 6 320 112.2200 -131.8500 7 511 96.4800 -135.7400
1.8724199071e+00 -1.1220696468e+00 -6.7058775284e+00
203 182 70
2 6 324 186.6000 -113.1000 7 504 185.2800 -144.2900
2.4703307818e+00 -5.6897202049e-01 -5.3379128899e+00
227 196 213
2 6 329 305.8200 -73.0300 7 357 303.8600 -125.5800
2.4976113177e+00 -3.9262194525e-01 -5.2850045112e+00
236 188 201
2 6 333 312.3500 -51.5600 7 530 311.4800 -107.3600
2.5036091466e+00 -3.3303528541e-01 -5.2610911224e+00
245 191 207
2 6 336 314.5400 -44.2500 7 532 314.0500 -101.2600
2.1032554706e+00 -2.5949030027e-01 -6.0899843496e+00
114 69 10
2 6 340 231.1500 -29.3800 7 545 234.6600 -75.4600
-5.4140774257e-01 -6.9078800716e-02 -4.7243350490e+00
229 178 190
2 6 351 -81.2200 -12.2900 7 550 -34.1500 -67.5700
-4.4601797213e-01 1.9867591323e-01 -4.5923041809e+00
225 164 172
2 6 366 -69.3800 26.8600 7 562 -19.0000 -34.4600
4.7995908632e-01 2.3005408786e-01 -5.6067775707e+00
125 4 14
2 6 367 56.0400 27.1300 7 387 83.1700 -22.8100
2.0729481971e+00 2.8409740727e-01 -6.3377327196e+00
84 49 7
2 6 369 219.5600 30.1600 7 389 226.4500 -17.8100
-3.8680331032e-01 4.3148945741e-01 -4.5954352137e+00
207 155 168
2 6 376 -60.6800 61.2300 7 576 -8.9600 -2.6000
2.1378266538e+00 6.1589772177e-01 -6.2206643066e+00
176 139 90
2 6 379 230.3400 66.5400 7 404 239.6700 14.3100
3.6863061327e-01 5.5883318074e-01 -5.3980577909e+00
156 27 44
2 6 380 43.9100 69.3300 7 583 77.1100 14.4000
-6.1188015945e-01 5.7636811187e-01 -4.5401053071e+00
189 126 143
2 6 382 -94.9600 83.6700 7 406 -39.2200 18.6400
-6.1188015945e-01 5.7636811187e-01 -4.5401053071e+00
189 126 143
2 6 383 -94.9600 83.6700 7 407 -39.2200 18.6400
2.9318660238e-01 6.8900913252e-01 -5.2733929297e+00
219 197 209
2 6 385 35.3700 87.8100 7 587 71.3000 29.8200
4.3887697966e-01 7.0587924546e-01 -5.3310158308e+00
246 224 228
2 6 387 53.3700 88.8100 7 413 87.9100 31.2900
4.3887697966e-01 7.0587924546e-01 -5.3310158308e+00
246 224 228
2 6 388 53.3700 88.8100 7 414 87.9100 31.2900
-6.3823742592e-01 6.2628093945e-01 -4.5234688131e+00
170 104 126
2 6 391 -99.1500 91.5100 7 411 -42.6700 25.7000
5.1936914657e-01 8.1998626420e-01 -5.4952535163e+00
205 172 197
2 6 393 62.3200 100.9800 7 597 93.8800 43.9900
-7.2340715761e-01 6.8713521428e-01 -4.5029530836e+00
233 178 193
2 6 394 -112.4100 100.9800 7 415 -54.2800 34.9100
-7.6386338226e-01 7.2041424955e-01 -4.5053032123e+00
226 172 182
2 6 396 -118.4000 105.9200 7 417 -59.7800 39.9300
-1.0285816923e+00 7.3924479185e-01 -4.5157503202e+00
229 167 180
2 6 400 -157.5600 108.3600 7 418 -97.1900 44.5100
1.2046919348e+00 1.1078888872e+00 -5.1403806824e+00
184 132 143
2 6 407 156.3300 144.2200 7 433 187.0800 74.7500
2.7434576392e+00 -3.0617453706e+00 -9.3922051112e+00
52 45 57
2 6 435 194.2100 -216.4800 7 468 173.7300 -224.2500
2.4320254863e+00 -3.3330454761e+00 -1.0296054509e+01
101 97 119
2 6 439 157.3800 -215.3900 7 473 137.1500 -218.9000
2.3736094729e+00 -3.3274560592e+00 -1.0412671259e+01
105 97 118
2 6 440 151.9800 -212.6800 7 477 131.9100 -215.9000
2.1238477296e+00 -3.4779375764e+00 -1.1045371873e+01
53 51 65
2 6 443 128.2600 -209.7500 7 681 108.3000 -210.5100
2.1072734558e+00 -3.4164453819e+00 -1.1062247401e+01
85 78 96
2 6 445 127.1500 -205.7500 7 479 107.3900 -206.7500
2.0483480863e+00 -3.3578789634e+00 -1.1194843644e+01
39 35 49
2 6 448 122.3000 -199.8000 7 481 102.6500 -200.8500
2.7177858812e+00 -2.6995699396e+00 -9.4496484997e+00
57 41 47
2 6 457 191.8500 -190.1200 7 482 173.0500 -199.5900
2.7177858812e+00 -2.6995699396e+00 -9.4496484997e+00
57 41 47
2 6 458 191.8500 -190.1200 7 483 173.0500 -199.5900
2.3345644462e+00 -2.8159565634e+00 -1.0532234480e+01
57 46 54
2 6 466 148.4100 -178.2000 7 715 130.2500 -183.3700
1.5908519474e+00 -3.3621314668e+00 -1.2567581404e+01
88 85 103
2 6 467 84.7100 -178.1300 7 491 65.0500 -175.8900
2.3969318672e+00 -2.0936226446e+00 -8.0142010284e+00
187 178 144
2 6 470 199.2500 -174.6200 7 484 186.2400 -192.0100
2.4841012998e+00 -2.5427159850e+00 -9.9948361469e+00
67 55 65
2 6 473 166.4400 -169.5500 7 719 149.0600 -177.7600
1.6499417204e+00 -3.0007818418e+00 -1.2379609194e+01
54 48 60
2 6 479 89.3300 -161.3900 7 495 70.8800 -160.5900
2.2554520407e+00 -1.9749178700e+00 -8.3141995845e+00
113 98 80
2 6 480 181.3700 -158.8600 7 492 169.3000 -175.6900
2.0453151333e+00 -2.3469578282e+00 -1.1241907072e+01
63 47 57
2 6 486 122.2200 -139.0700 7 506 106.2600 -143.5200
2.2567955148e+00 -2.2070543200e+00 -1.0627491752e+01
121 118 134
2 6 488 142.7600 -138.3000 7 503 127.0100 -145.6500
2.1141768740e+00 -8.3692702087e-01 -6.2321106790e+00
216 192 86
2 6 504 226.5100 -90.9700 7 516 225.4300 -129.8000
2.4745553861e+00 -5.9578500978e-01 -5.4138499877e+00
221 70 104
2 6 511 302.3600 -75.1600 7 776 299.8200 -126.6000
2.4724751158e+00 -5.1333071458e-01 -5.3789347514e+00
239 180 193
2 6 516 304.1000 -65.5000 7 786 302.3600 -118.4300
2.0215522751e+00 -5.3119001000e-01 -6.4157564180e+00
228 191 78
2 6 519 211.3600 -55.9900 7 534 212.3600 -96.1800
2.2104721223e+00 -4.4355171922e-01 -6.0415218550e+00
229 196 57
2 6 525 244.3800 -50.1900 7 535 245.4900 -95.3000
2.2104721223e+00 -4.4355171922e-01 -6.0415218550e+00
229 196 57
2 6 526 244.3800 -50.1900 7 536 245.4900 -95.3000
8.2884924292e-01 -3.4429459975e-01 -5.4120193534e+00
169 46 60
2 6 529 101.5700 -44.8000 7 806 122.9900 -93.0300
2.1600611370e+00 -3.3370267961e-01 -6.0952857307e+00
97 62 2
2 6 532 236.9600 -37.6000 7 816 239.4100 -83.0000
2.5090122047e+00 -2.7611968735e-01 -5.2427087530e+00
232 191 210
2 6 533 316.2300 -37.2500 7 800 316.3700 -95.2000
2.1345368038e+00 -2.9584199256e-01 -6.1000077374e+00
120 75 14
2 6 535 234.1000 -33.3600 7 818 237.0300 -79.0400
2.5090113898e+00 -2.2270240612e-01 -5.2805007488e+00
240 192 195
2 6 536 314.3600 -30.0900 7 543 314.5900 -88.4400
2.1049803544e+00 2.9849871250e-01 -6.3244174481e+00
176 139 48
2 6 562 223.2400 31.6400 7 571 230.2300 -16.5600
-3.6625140923e-01 4.4954689511e-01 -4.6357300674e+00
171 123 144
2 6 577 -57.0900 63.4700 7 578 -6.3000 0.0600
-3.5342421448e-01 4.7719676823e-01 -4.6598603482e+00
220 191 199
2 6 581 -54.8200 67.3200 7 581 -4.6100 3.8600
-1.0231731089e+00 4.8706715375e-01 -4.5633523756e+00
173 160 195
2 6 583 -155.4700 69.8000 7 582 -97.3800 9.2300
1.4855314170e-01 6.0281500557e-01 -5.3307954450e+00
73 21 45
2 6 585 16.3300 75.8800 7 900 52.5200 20.6200
3.7454894516e-01 6.4807724179e-01 -5.3428983372e+00
243 214 219
2 6 588 45.2300 81.4500 7 586 79.4200 24.6500
1.5811365498e-01 6.9477235501e-01 -5.3709245848e+00
71 6 13
2 6 591 17.5600 87.1700 7 588 53.5200 31.5900
-6.1126013114e-01 6.2039877249e-01 -4.5464009383e+00
237 174 184
2 6 592 -94.5900 90.2700 7 909 -38.9600 24.7200
-8.9554872089e-01 7.1359875047e-01 -4.4948975029e+00
228 165 173
2 6 597 -138.4900 104.9800 7 590 -78.5600 39.9700
-9.5202384067e-01 7.9833296470e-01 -4.5191579888e+00
157 100 122
2 6 605 -146.0000 117.2000 7 601 -85.9000 52.3200
-3.7082507161e+00 3.7558873825e+00 -1.1438466003e+01
146 93 86
2 6 619 -219.3700 225.4000 7 1037 -212.5600 230.5400
2.1385072567e+00 -3.8286248889e+00 -1.1003068683e+01
51 45 59
2 6 630 129.3300 -231.3900 7 652 108.0600 -230.9300
2.1779110857e+00 -3.7750928737e+00 -1.0892641567e+01
89 87 105
2 6 631 132.9900 -230.5400 7 653 111.9700 -230.4100
9.5724277419e-01 -4.8994059574e+00 -1.4147592719e+01
48 48 57
2 6 632 44.3900 -230.3300 7 670 20.9900 -220.5000
2.1699123330e+00 -3.6678522094e+00 -1.0868049127e+01
88 85 102
2 6 642 132.9600 -224.5500 7 662 112.2300 -225.0200
2.6142753811e+00 -3.2671990577e+00 -9.7784355194e+00
59 54 71
2 6 650 177.7900 -222.0100 7 657 157.1700 -227.3700
2.9085331227e+00 -2.9404415278e+00 -8.9303402008e+00
56 47 62
2 6 658 215.9600 -218.4100 7 656 195.2900 -228.3200
2.3236970027e+00 -3.4043963554e+00 -1.0613166105e+01
99 95 118
2 6 662 146.0200 -213.4700 7 677 125.7000 -215.8900
2.2591675214e+00 -3.4282797399e+00 -1.0786380343e+01
56 46 58
2 6 666 139.7500 -211.5600 7 680 119.4700 -213.4300
2.7455585466e+00 -2.9098500625e+00 -9.3386764481e+00
117 110 126
2 6 674 195.6500 -207.1000 7 676 175.8600 -215.8000
2.2973996391e+00 -3.2063617731e+00 -1.0538532969e+01
53 46 61
2 6 679 145.5500 -202.6500 7 686 126.1400 -206.0100
2.4515291491e+00 -3.0814737089e+00 -1.0190853939e+01
68 59 74
2 6 680 160.5500 -201.3400 7 684 141.1900 -206.3400
2.0912729969e+00 -3.3294262810e+00 -1.1166021969e+01
88 81 97
2 6 685 125.2000 -198.6200 7 692 105.5400 -199.8900
1.5775466179e+00 -3.7404906389e+00 -1.2568812833e+01
36 26 32
2 6 688 83.7200 -198.2300 7 699 63.1600 -194.6600
2.4334134870e+00 -3.0020926065e+00 -1.0226696451e+01
100 93 109
2 6 691 158.9600 -195.5000 7 691 139.8800 -200.8200
1.9166563268e+00 -3.4051105858e+00 -1.1654962066e+01
52 47 68
2 6 692 109.9400 -194.6600 7 697 90.2400 -194.3500
1.9166563268e+00 -3.4051105858e+00 -1.1654962066e+01
52 47 68
2 6 693 109.9400 -194.6600 7 698 90.2400 -194.3500
2.5864615751e+00 -2.7546308160e+00 -9.7615973974e+00
47 34 47
2 6 698 177.0200 -187.8800 7 695 158.4000 -195.9900
2.0334177732e+00 -3.1971936421e+00 -1.1377365794e+01
90 78 86
2 6 699 119.6200 -187.2500 7 708 100.4400 -188.4700
1.7820250097e+00 -3.3753863580e+00 -1.2048973260e+01
44 36 49
2 6 701 99.0300 -186.5400 7 713 79.2300 -185.6000
2.3765390367e+00 -2.8330057630e+00 -1.0311931427e+01
57 46 60
2 6 704 154.2200 -183.0600 7 705 135.9200 -188.8700
1.9180271675e+00 -3.0742489168e+00 -1.1625092219e+01
57 49 60
2 6 712 110.5400 -176.2200 7 722 91.8900 -177.1800
1.9160054287e+00 -2.9948292495e+00 -1.1583480715e+01
89 85 99
2 6 718 110.8700 -172.2800 7 726 92.5100 -173.6200
1.9160054287e+00 -2.9948292495e+00 -1.1583480715e+01
89 85 99
2 6 719 110.8700 -172.2800 7 727 92.5100 -173.6200
2.4276142670e+00 -2.4915341692e+00 -1.0203773756e+01
106 99 115
2 6 732 159.5500 -162.6900 7 732 142.3300 -170.5200
2.4276142670e+00 -2.4915341692e+00 -1.0203773756e+01
106 99 115
2 6 733 159.5500 -162.6900 7 733 142.3300 -170.5200
2.3421238883e+00 -2.5167131239e+00 -1.0408345197e+01
64 53 67
2 6 735 150.9200 -161.1700 7 737 133.9100 -168.0200
2.3421238883e+00 -2.5167131239e+00 -1.0408345197e+01
64 53 67
2 6 737 150.9200 -161.1700 7 739 133.9100 -168.0200
1.2242790105e+00 -2.9556714446e+00 -1.3587703575e+01
74 67 78
2 6 744 60.2100 -144.4700 7 756 41.5100 -140.8000
2.0830842403e+00 -2.1728112246e+00 -1.1131004524e+01
68 55 68
2 6 751 126.0600 -129.7200 7 763 110.2000 -135.6300
2.2993334317e+00 -1.1053268088e+00 -5.8145782296e+00
197 196 106
2 6 753 262.0900 -128.3000 7 736 257.7200 -168.3400
2.2647083750e+00 -2.0048029241e+00 -1.0646146594e+01
71 60 79
2 6 758 143.1800 -125.2500 7 768 128.1000 -133.3900
2.1250563066e+00 -1.9891566168e+00 -1.0882267132e+01
91 79 87
2 6 760 131.5700 -121.4300 7 771 116.6000 -128.7600
2.1250563066e+00 -1.9891566168e+00 -1.0882267132e+01
91 79 87
2 6 761 131.5700 -121.4300 7 772 116.6000 -128.7600
1.9601433077e+00 -2.0045705738e+00 -1.1396671575e+01
62 50 55
2 6 768 116.0000 -116.6100 7 782 100.7200 -122.1600
2.4796204668e+00 -4.7282742379e-01 -5.3622021047e+00
233 187 193
2 6 790 305.8500 -60.7300 7 790 304.5100 -114.3500
2.2249140963e+00 -2.3019952456e-01 -6.0202810589e+00
175 144 33
2 6 814 246.9600 -26.5500 7 823 249.6600 -74.0700
2.5153632990e+00 -1.8241337964e-01 -5.2696034217e+00
237 192 205
2 6 816 315.6900 -25.1300 7 815 316.4100 -84.0700
2.1473621009e+00 5.4201206894e-01 -6.1772082155e+00
139 84 16
2 6 860 233.0600 58.9300 7 882 241.6500 6.4900
-7.7506892823e-01 4.6831372405e-01 -4.5467454355e+00
182 160 191
2 6 874 -119.0900 67.4600 7 878 -62.9900 4.5900
-9.7603644105e-01 5.1276324840e-01 -4.5330800823e+00
147 198 228
2 6 884 -149.4800 74.0700 7 891 -90.9200 12.3000
-8.4702677232e-01 6.4080800782e-01 -4.5246913598e+00
235 199 217
2 6 899 -130.4000 93.5100 7 916 -71.9800 29.3300
5.2132912516e-01 8.6636290255e-01 -5.4704672554e+00
202 159 176
2 6 912 62.7600 107.1000 7 935 95.0700 49.4700
-7.4602346602e-01 7.4066020215e-01 -4.5051395006e+00
146 87 107
2 6 915 -115.6900 109.0000 7 927 -57.1300 42.6500
3.7450816950e-01 9.3832983933e-01 -5.4978935005e+00
203 132 150
2 6 921 44.0800 115.4800 7 941 78.2200 58.9300
-8.5209868124e-01 8.1645803844e-01 -4.5206303273e+00
216 161 173
2 6 926 -131.1300 119.8900 7 938 -71.5100 54.2200
5.1333773938e-01 1.0809762337e+00 -5.5420217795e+00
142 34 59
2 6 929 60.7000 131.9600 7 951 94.3200 74.5200
-3.7083877321e+00 3.3220096684e+00 -1.1419300598e+01
144 80 72
2 6 951 -220.4700 200.4400 7 985 -214.1000 205.3800
-5.0444549070e+00 3.3634266305e+00 -1.1154052138e+01
128 72 58
2 6 958 -302.8900 204.9400 7 1001 -297.7800 214.9700
-5.0444549070e+00 3.3634266305e+00 -1.1154052138e+01
128 72 58
2 6 959 -302.8900 204.9400 7 1002 -297.7800 214.9700
-5.1886178712e+00 3.3518764908e+00 -1.1085047772e+01
125 72 64
2 6 960 -312.8700 205.0800 7 639 -307.9200 215.6100
-5.1886178712e+00 3.3518764908e+00 -1.1085047772e+01
125 72 64
2 6 961 -312.8700 205.0800 7 640 -307.9200 215.6100
-3.6269738243e+00 3.4635215487e+00 -1.1492137475e+01
129 57 41
2 6 963 -214.2400 207.6000 7 995 -207.8600 212.4500
-3.7079929785e+00 3.4764424397e+00 -1.1533513698e+01
130 57 30
2 6 964 -218.0200 207.6600 7 996 -212.0800 212.7500
-4.7579573882e+00 3.4410372357e+00 -1.1141864386e+01
130 72 56
2 6 975 -286.7500 210.2100 7 1006 -280.6900 219.2100
-3.5951812884e+00 3.5387069862e+00 -1.1466589784e+01
132 53 30
2 6 980 -212.7200 212.4600 7 1005 -206.1600 217.1000
-4.6359560703e+00 3.5457688777e+00 -1.1195767810e+01
134 72 65
2 6 985 -278.1900 215.7700 7 1023 -272.1000 224.3100
-4.5961309063e+00 3.6297099061e+00 -1.1168244982e+01
135 75 58
2 6 992 -276.4700 221.1600 7 1036 -269.9000 229.7600
-3.3179488274e+00 3.7487727617e+00 -1.1490801141e+01
143 85 86
2 6 994 -196.1600 224.4100 7 1033 -188.7600 228.3900
2.3442816813e+00 -1.6286393550e+00 -5.6549788134e+00
214 38 63
2 6 21 272.4100 -192.2800 5 12 227.0900 -203.4800
6.9215629106e-01 2.8393130914e-01 -5.5126592669e+00
204 29 53
2 6 24 83.2600 34.5700 5 21 83.1600 23.4800
6.9215629106e-01 2.8393130914e-01 -5.5126592669e+00
204 29 53
2 6 25 83.2600 34.5700 5 22 83.1600 23.4800
-7.4194601505e-01 -2.8244685597e-01 -5.0128299847e+00
235 183 196
2 6 48 -103.9900 -41.0300 5 48 -96.7200 -40.2700
-7.9495855530e-01 5.6626797552e-01 -4.5343935969e+00
162 189 226
2 6 76 -122.3300 82.8800 5 87 -86.2600 87.4700
2.0925913507e+00 1.1040382200e+00 -5.8569440705e+00
212 176 116
2 6 79 238.8400 126.9200 5 112 224.1600 100.4300
-2.9926003922e+00 3.4865290387e+00 -1.3949130152e+01
29 26 34
2 6 145 -147.0300 176.2100 5 236 -238.7800 219.9500
7.8970067138e-01 -3.9764753074e-03 -5.6324231712e+00
81 4 10
2 6 176 93.1200 -1.7300 5 201 86.0300 -11.3600
-2.8069395201e+00 3.7465390337e+00 -1.5834729171e+01
96 85 103
2 6 201 -121.8400 166.7400 5 233 -219.2500 209.9500
1.2099813756e+00 -2.4929444552e+00 -1.2852854516e+01
25 29 49
2 6 222 63.0200 -128.6700 5 246 -40.4800 -116.5400
1.8854141577e+00 -1.0100267271e+00 -6.6576458532e+00
203 178 60
2 6 225 189.4500 -102.4000 5 247 142.0800 -111.2500
1.2571839257e+00 -5.7665738752e-02 -5.2793263383e+00
215 151 156
2 6 240 159.1300 -9.2300 5 271 156.1000 -26.2400
6.9988457480e-01 7.6876637924e-02 -5.6912272231e+00
199 45 81
2 6 246 81.4800 8.3100 5 277 74.2900 -0.4500
2.7631198041e-01 1.3465122973e-01 -5.5322274894e+00
204 42 82
2 6 249 31.5500 15.7400 5 280 30.9900 9.9200
7.1152363648e-01 1.7111527949e-01 -5.6154130929e+00
111 13 20
2 6 252 83.9900 19.6500 5 282 79.8700 10.5000
-5.8038264831e-01 4.0640772892e-01 -4.5659354540e+00
211 160 172
2 6 256 -89.7600 58.2300 5 213 -54.8100 58.1200
4.8599454273e-01 8.9746785016e-01 -5.5139099236e+00
138 12 28
2 6 272 57.7200 109.9700 5 301 66.2600 103.6900
-9.1109833616e-01 7.7147190811e-01 -4.5167129085e+00
224 165 176
2 6 274 -140.0400 113.3900 5 311 -101.7500 123.9300
1.9873055285e+00 -2.2494320980e+00 -1.1502225951e+01
104 96 105
2 6 323 116.3000 -130.1100 5 349 19.1300 -121.9800
8.2985119244e-01 1.5954185938e-02 -5.6051849375e+00
223 197 213
2 6 360 98.4700 0.8100 5 391 91.9800 -9.7400
2.1397087352e+00 5.4963475520e-01 -6.1495171284e+00
149 93 24
2 6 375 233.2100 60.1100 5 404 206.4300 39.4300
1.0611369745e+00 6.0748464599e-01 -5.4057895641e+00
102 6 13
2 6 381 131.2000 75.2100 5 414 135.1600 59.7200
-7.8661534826e-01 9.3366001823e-01 -4.5722694737e+00
158 124 143
2 6 406 -119.8700 136.1200 5 456 -79.8500 146.7200
2.8700558234e+00 -3.0958269337e+00 -9.0921648567e+00
122 117 137
2 6 430 209.2100 -226.0200 5 471 116.5300 -221.7000
2.6426530870e+00 -3.2085963210e+00 -9.6933946262e+00
117 111 132
2 6 433 181.2900 -220.0300 5 474 85.9500 -214.5300
2.2254017544e+00 -2.9550010278e+00 -1.0799504119e+01
108 101 117
2 6 462 137.9600 -182.4300 5 490 39.9900 -175.1500
2.5579824494e+00 -2.5297512679e+00 -9.8648084595e+00
120 114 129
2 6 471 173.5800 -170.9000 5 497 81.5300 -166.8600
2.4882499863e+00 -2.5473628091e+00 -1.0012983568e+01
67 55 65
2 6 474 166.4400 -169.5500 5 499 73.7800 -165.0900
2.2179057477e+00 -1.4266701577e+00 -5.8923863650e+00
201 153 45
2 6 477 248.9500 -162.9300 5 492 204.4800 -173.7000
2.2179057477e+00 -1.4266701577e+00 -5.8923863650e+00
201 153 45
2 6 478 248.9500 -162.9300 5 493 204.4800 -173.7000
2.2642338418e+00 -2.3221866075e+00 -1.0747312942e+01
74 53 61
2 6 482 141.6100 -144.0100 5 505 47.1300 -137.8600
2.1167109712e+00 -7.9756832976e-01 -6.2076739091e+00
217 194 83
2 6 507 227.6400 -87.0500 5 355 186.2300 -100.2100
2.1576412340e+00 -6.9711147100e-01 -6.1392550888e+00
163 137 40
2 6 509 234.6400 -76.9100 5 359 194.6700 -91.5300
2.1987636785e+00 -4.7018503238e-01 -6.0299661525e+00
225 194 63
2 6 521 243.4800 -53.3600 5 374 207.0700 -69.6400
-8.3718946874e-01 3.9185509844e-01 -4.5817308184e+00
245 237 249
2 6 573 -127.4800 55.5800 5 415 -96.3300 60.1500
1.0409887095e+00 5.1198495840e-01 -5.4232850019e+00
201 41 74
2 6 576 128.2700 63.0000 5 408 130.7800 48.0600
2.8506241896e+00 -3.1904052888e+00 -9.2390865352e+00
116 113 136
2 6 633 204.5000 -229.2000 5 649 110.5900 -224.3200
2.4203864738e+00 -3.3785182998e+00 -1.0239585863e+01
51 47 63
2 6 656 157.4100 -219.5200 5 476 59.3300 -212.5900
2.8349239431e+00 -2.9301383877e+00 -9.1415039914e+00
115 100 121
2 6 663 205.9700 -213.0800 5 659 114.2100 -209.2200
2.7062237298e+00 -3.0232257361e+00 -9.4976894890e+00
32 30 45
2 6 665 189.5700 -211.6800 5 660 96.0000 -207.0400
2.5614676965e+00 -3.0951297287e+00 -9.9577990241e+00
115 109 126
2 6 675 171.4500 -207.0200 5 664 75.7900 -201.0400
2.2891683499e+00 -3.2061802290e+00 -1.0671949722e+01
113 109 127
2 6 682 143.3000 -200.1200 5 674 44.4300 -192.8100
2.5191344863e+00 -2.5986775614e+00 -9.9247711593e+00
67 61 76
2 6 714 169.8600 -174.5800 5 495 77.3000 -170.0300
2.3374576050e+00 -2.7492064144e+00 -1.0500056756e+01
116 108 123
2 6 716 149.1300 -174.5700 5 681 53.3800 -168.3700
2.3704399624e+00 -2.5030623758e+00 -1.0315917409e+01
104 104 123
2 6 734 154.1400 -161.6100 5 695 60.5100 -156.6600
2.4541883778e+00 -2.4009302645e+00 -1.0064601241e+01
111 103 121
2 6 738 163.5100 -159.0600 5 696 71.5700 -154.6300
2.0060965683e+00 -1.9742753890e+00 -1.1357686893e+01
107 91 101
2 6 770 119.0600 -115.3200 5 737 23.9300 -108.0600
2.4669985521e+00 -5.4267993582e-01 -5.3448061081e+00
208 106 133
2 6 785 305.2300 -69.6100 5 750 274.1700 -91.9600
2.4669985521e+00 -5.4267993582e-01 -5.3448061081e+00
208 106 133
2 6 786 305.2300 -69.6100 5 751 274.1700 -91.9600
2.4585703877e+00 -4.8092744955e-01 -5.3700233910e+00
206 60 87
2 6 789 303.0200 -61.5900 5 755 272.4400 -84.3200
2.4905940521e+00 -4.1947910082e-01 -5.3246202362e+00
208 95 123
2 6 791 309.3800 -54.4800 5 759 279.6000 -78.2400
2.2217216456e+00 -4.2826190703e-01 -5.9821587378e+00
167 135 16
2 6 795 247.9200 -49.0700 5 771 212.3500 -66.1400
-7.9016193593e-01 -2.6055213321e-01 -4.9352511278e+00
165 188 229
2 6 802 -112.2600 -38.9800 5 795 -102.5000 -37.6600
2.5046072914e+00 -1.9958237415e-01 -5.2829262758e+00
215 80 98
2 6 810 313.7100 -27.2600 5 779 286.9500 -53.3800
2.5046072914e+00 -1.9958237415e-01 -5.2829262758e+00
215 80 98
2 6 811 313.7100 -27.2600 5 780 286.9500 -53.3800
2.2431509091e+00 -1.4191653850e-02 -5.9294594316e+00
167 136 16
2 6 829 252.8100 -2.5300 5 820 222.2300 -22.5700
2.4364354684e+00 9.4775052602e-02 -5.4200483200e+00
184 158 92
2 6 837 298.5100 9.9600 5 826 274.3800 -16.9400
-6.2587257194e-01 4.5153993400e-01 -4.5959450846e+00
220 158 170
2 6 868 -95.9200 64.3300 5 872 -61.9700 66.1700
1.9652099519e-01 6.6428969860e-01 -5.3376356511e+00
187 157 176
2 6 890 22.5500 83.7200 5 891 34.5500 79.4900
-7.1603362880e-01 9.1174379735e-01 -4.5818126750e+00
132 93 111
2 6 931 -109.2300 132.7900 5 913 -69.0900 141.4500
-2.3603360017e+00 2.9882686528e+00 -1.1593084126e+01
91 86 95
2 6 940 -139.8100 179.4700 5 641 -217.0500 222.2800
1.5867907285e+00 3.8692620807e-01 -5.8710509360e+00
205 41 51
2 7 4 196.5500 -9.2700 5 7 165.1700 27.8000
-2.3669615163e+00 1.6363316944e+00 -1.1982448501e+01
124 105 114
2 7 92 -134.9400 98.5300 5 91 -224.1600 134.0800
1.8486402385e+00 -1.0973081475e+00 -6.6428713788e+00
226 207 90
2 7 98 185.1900 -143.7600 5 67 138.4200 -119.5500
-7.3406852252e-01 3.3494747859e-01 -4.6828378987e+00
223 153 168
2 7 106 -57.4100 -12.8700 5 55 -82.4900 49.3400
-7.3406852252e-01 3.3494747859e-01 -4.6828378987e+00
223 153 168
2 7 107 -57.4100 -12.8700 5 56 -82.4900 49.3400
1.3244698664e+00 1.3068078348e-01 -5.4040117008e+00
132 26 23
2 7 137 182.9000 -40.7900 5 141 159.2800 -2.5400
9.4692690918e-01 1.6219656673e-01 -5.6497914249e+00
135 14 22
2 7 139 133.5500 -32.2700 5 207 105.0200 6.9800
-8.9911124882e-01 2.1022037733e-01 -4.5959872158e+00
223 160 168
2 7 140 -81.6000 -29.7000 5 105 -109.1400 31.7800
1.3968311039e+00 1.3089000115e+00 -5.2310369389e+00
200 144 155
2 7 159 207.1500 97.0700 5 164 191.8600 144.2400
-1.8483916612e+00 1.9282258352e+00 -1.1283165842e+01
121 100 115
2 7 164 -108.9900 117.9400 5 165 -191.8100 154.8200
-4.6568282620e-01 -1.3399220050e-01 -4.9358822840e+00
251 208 218
2 7 192 -25.0100 -71.7000 5 195 -53.4500 -23.8000
1.1331383801e+00 7.0839965030e-02 -5.3722416687e+00
134 59 62
2 7 197 161.9900 -47.2700 5 202 138.5500 -8.2300
7.7193709200e-01 -2.2120316561e+00 -1.1956946669e+01
150 127 125
2 7 246 29.6000 -123.8500 5 248 -55.1900 -110.7500
-7.6862904160e-01 3.1586482729e-01 -4.5750283454e+00
217 152 166
2 7 271 -62.8500 -16.3600 5 210 -86.3200 46.8700
3.7014320648e-01 6.5041669113e-01 -5.3606750364e+00
249 236 236
2 7 291 78.6200 24.7400 5 219 55.1300 75.2200
2.0828786572e+00 -1.7483059932e+00 -8.7743721172e+00
197 186 164
2 7 353 148.6400 -148.9500 5 346 81.9700 -132.6000
1.8806314747e+00 -1.0247006981e+00 -6.6481953490e+00
234 210 88
2 7 356 188.4400 -136.9100 5 352 141.9100 -112.6200
2.1598787588e+00 -5.9928859764e-01 -6.0334905917e+00
243 216 80
2 7 360 239.6200 -111.0700 5 363 201.6400 -82.9900
2.2108057917e+00 -5.0327331916e-01 -5.9899956568e+00
190 158 35
2 7 363 247.1200 -102.2700 5 368 210.0300 -74.0600
2.2108057917e+00 -5.0327331916e-01 -5.9899956568e+00
190 158 35
2 7 364 247.1200 -102.2700 5 369 210.0300 -74.0600
-5.1012880087e-01 3.5489695983e-01 -4.5556421292e+00
186 125 131
2 7 390 -26.5500 -12.9600 5 410 -44.2000 49.1200
-5.4846633044e-01 4.2109917019e-01 -4.5585027053e+00
149 91 108
2 7 394 -31.2600 -3.7100 5 416 -49.4800 60.5300
-9.0096061976e-01 8.0370805682e-01 -4.5213384734e+00
184 119 134
2 7 425 -78.5300 52.7200 5 447 -99.6300 129.1000
2.2642079527e+00 -2.2134606318e+00 -1.0649345706e+01
153 149 170
2 7 502 127.0100 -145.6500 5 509 49.6000 -132.9600
2.0904691381e+00 -8.0412800784e-01 -6.2439551497e+00
184 192 135
2 7 521 223.0300 -126.0000 5 520 182.0100 -100.1300
2.0904691381e+00 -8.0412800784e-01 -6.2439551497e+00
184 192 135
2 7 522 223.0300 -126.0000 5 521 182.0100 -100.1300
2.1833646297e+00 -5.5711556238e-01 -6.0756617834e+00
246 219 83
2 7 531 240.4300 -105.6100 5 535 202.2300 -78.2700
1.1549880104e+00 -3.0981469747e-01 -5.2925152548e+00
163 93 103
2 7 538 163.9700 -93.0800 5 543 140.3000 -56.9900
1.2406187362e+00 -9.7617019205e-02 -5.2692639893e+00
156 83 91
2 7 549 176.4200 -69.2100 5 555 154.2500 -31.4100
-5.2874592715e-01 3.3381153160e-01 -4.5573054934e+00
247 197 208
2 7 572 -29.3000 -15.7400 5 599 -47.4900 46.0400
2.5453575829e+00 -2.9434311357e+00 -9.9041725298e+00
140 131 150
2 7 689 152.3400 -204.4000 5 673 76.9800 -192.8100
2.4647664775e+00 -2.5934842743e+00 -1.0070818700e+01
128 115 128
2 7 717 146.2900 -179.3100 5 682 70.7800 -166.9800
2.3150979964e+00 -2.7114715929e+00 -1.0529524384e+01
80 68 82
2 7 721 129.5600 -177.3000 5 683 51.7000 -165.5600
2.1157178364e+00 -8.9778017094e-01 -6.1998086824e+00
200 170 46
2 7 761 226.2600 -136.2500 5 730 185.4600 -110.7700
2.1157178364e+00 -8.9778017094e-01 -6.1998086824e+00
200 170 46
2 7 762 226.2600 -136.2500 5 731 185.4600 -110.7700
2.1608521304e+00 -8.4421655215e-01 -6.1077783808e+00
200 173 44
2 7 767 234.5900 -133.5800 5 515 194.9400 -107.2800
2.1211427376e+00 -8.2883263843e-01 -6.1675327301e+00
196 170 45
2 7 769 228.6500 -130.5300 5 518 188.3300 -104.2000
2.1211427376e+00 -8.2883263843e-01 -6.1675327301e+00
196 170 45
2 7 770 228.6500 -130.5300 5 519 188.3300 -104.2000
1.9065314520e+00 -2.0635475881e+00 -1.1579366437e+01
74 49 49
2 7 780 95.6100 -122.9000 5 735 14.4200 -110.1300
2.2143764087e+00 -4.6630694889e-01 -5.9909252038e+00
206 173 42
2 7 797 247.7800 -98.5800 5 540 210.7300 -70.0700
-8.9987995582e-01 -3.7746234532e-01 -5.2027645590e+00
236 189 200
2 7 805 -80.2500 -93.5400 5 377 -122.7400 -49.6200
2.2004953887e+00 -3.4701442900e-01 -6.0341480397e+00
206 171 32
2 7 814 245.6400 -85.5200 5 544 208.4800 -56.7200
-9.4384677924e-01 -2.1218737903e-01 -5.0080534649e+00
157 204 237
2 7 821 -86.4600 -77.3500 5 805 -125.6100 -28.8100
-9.5235373860e-01 -1.6533474021e-01 -4.9625854407e+00
119 141 190
2 7 824 -87.7000 -72.3600 5 563 -125.9500 -22.4700
8.8744747104e-01 1.4330863744e-01 -5.6281285152e+00
150 41 66
2 7 855 127.5400 -34.5000 5 844 98.9900 5.3300
-9.2640157467e-01 3.1457228402e-01 -4.6185974224e+00
228 166 183
2 7 864 -84.4100 -15.0200 5 601 -112.3900 49.1300
-6.9362299320e-01 3.9166015766e-01 -4.5749323966e+00
202 130 146
2 7 870 -51.9000 -6.3500 5 870 -73.1800 57.8500
3.2741815445e-01 6.4002956010e-01 -5.3192111686e+00
155 106 126
2 7 905 74.1400 23.9000 5 882 51.4600 74.4700
3.4108584908e-01 6.6422922751e-01 -5.3290685839e+00
247 224 229
2 7 913 75.7700 26.7000 5 613 53.0600 77.4300
-1.0767579162e+00 8.1533290571e-01 -4.5653873519e+00
249 196 203
2 7 939 -102.9000 55.6500 5 912 -128.8300 133.4600
1.6312827918e+00 1.4168262463e+00 -5.3817076957e+00
189 140 135
2 7 960 228.0200 106.4800 5 915 209.5100 150.6900
