# Bundle file v0.3
5 517
536.290573 0.0 0.0
0.320929 -0.740878 0.590004
0.395422 0.670878 0.627347
-0.860608 0.031967 0.508263
4.651869 2.853230 0.592561
667.269207 0.0 0.0
0.976552 0.098277 0.191541
-0.086567 0.993882 -0.068596
-0.197110 0.050407 0.979085
0.870260 -0.407700 0.805332
662.566411 0.0 0.0
0.999722 0.003010 -0.023405
-0.003591 0.999686 -0.024786
0.023323 0.024863 0.999419
-0.283949 -0.161499 0.742734
659.499508 0.0 0.0
0.998199 0.054739 0.024532
-0.053038 0.996455 -0.065306
-0.028019 0.063888 0.997564
0.207746 -0.725508 0.450784
658.829339 0.0 0.0
-0.927860 -0.343030 -0.146311
0.297249 -0.917195 0.265323
-0.225209 0.202692 0.952994
-0.184816 2.182056 0.290525
1.808066 -1.008220 -6.619507
203 182 70
4 2 325 186.60 -113.10 3 505 185.28 -144.29 1 350 138.23 -120.93 0 462 241.32 -146.62
2.036308 -0.752489 -6.075698
221 195 83
5 2 501 232.61 -94.29 3 513 231.05 -133.66 1 517 191.12 -107.27 4 744 -98.21 198.07 0 493 271.51 -79.03
2.036308 -0.752489 -6.075698
221 195 83
5 2 500 232.61 -94.29 3 512 231.05 -133.66 1 516 191.12 -107.27 4 745 -98.21 198.07 0 494 271.51 -79.03
2.052119 -0.743058 -6.038712
177 153 51
5 2 778 235.96 -93.76 3 766 234.59 -133.58 1 514 194.94 -107.28 4 1065 -101.35 199.54 0 795 274.38 -75.18
2.045674 -0.647960 -6.037785
214 189 76
5 2 508 235.62 -82.65 3 523 234.71 -123.22 1 356 195.43 -96.42 4 734 -104.60 190.60 0 497 267.00 -67.42
2.053524 -0.581179 -6.013509
215 190 73
5 2 328 237.61 -74.59 3 359 237.43 -116.44 1 360 198.50 -89.29 4 529 -109.18 186.16 0 501 264.25 -60.38
2.041253 -0.685745 -6.054373
215 191 85
5 2 781 234.17 -86.80 3 775 233.27 -126.88 1 745 193.55 -100.30 4 1052 -101.99 193.42 0 796 268.20 -71.78
2.313593 -0.374558 -5.287078
226 182 185
5 2 163 308.24 -59.34 3 183 306.76 -113.61 1 173 277.92 -82.60 4 262 -171.19 217.46 0 178 311.61 24.96
2.021692 -0.840049 -6.117647
212 189 70
5 2 326 228.65 -104.24 3 355 227.09 -141.56 1 351 186.28 -115.96 4 541 -92.34 203.03 0 328 274.56 -89.79
1.807886 -0.967380 -6.611684
41 28 0
4 2 771 186.92 -109.18 3 757 185.58 -140.72 1 720 138.69 -116.92 0 762 238.50 -142.42
1.807886 -0.967380 -6.611684
41 28 0
4 2 772 186.92 -109.18 3 758 185.58 -140.72 1 721 138.69 -116.92 0 763 238.50 -142.42
2.321187 -0.275177 -5.279129
234 192 195
4 2 528 309.94 -45.27 3 533 309.37 -101.29 1 541 281.10 -69.83 0 853 304.58 34.17
2.315239 -0.318784 -5.294012
239 180 181
4 2 793 308.06 -51.38 3 794 307.13 -106.45 1 762 278.54 -75.19 0 1298 306.61 29.21
1.965632 -0.538830 -6.194392
218 186 68
3 2 46 220.41 -65.77 3 51 220.61 -106.82 1 27 179.95 -81.08
-0.602910 0.480957 -4.502853
21 27 43
3 2 54 -136.55 75.85 3 57 -78.79 13.06 1 33 -102.40 82.81
-0.601556 0.481309 -4.502263
21 27 43
4 2 55 -136.55 75.85 3 58 -78.79 13.06 1 34 -102.40 82.81 4 76 149.59 63.68
-0.602910 0.480957 -4.502853
21 27 43
3 2 56 -136.55 75.85 3 59 -78.79 13.06 1 35 -102.40 82.81
-0.585013 -0.166571 -4.914313
23 24 28
3 2 66 -118.79 -32.05 3 75 -74.98 -79.71 1 49 -112.17 -31.74
0.888353 0.074506 -5.518171
210 178 197
3 2 49 101.77 6.53 3 54 124.97 -43.61 1 51 95.84 -4.60
0.188194 0.330204 -5.372937
152 22 32
4 2 53 4.86 43.22 3 83 38.37 -7.98 1 54 8.76 41.33 4 96 43.94 69.68
-0.641293 0.576002 -4.522467
192 205 242
4 2 78 -142.59 91.80 3 88 -83.92 29.07 1 57 -107.50 101.54 4 89 152.45 45.48
1.043108 0.018877 -5.385648
180 117 131
3 2 90 126.80 -0.79 3 102 147.45 -54.03 1 76 122.04 -16.83
1.285926 0.206194 -5.443144
188 119 130
3 2 70 159.94 25.28 3 80 178.08 -30.72 1 77 153.29 8.01
1.004599 0.518627 -5.395391
213 193 208
3 2 74 121.33 70.09 3 84 147.07 11.86 1 82 123.83 55.45
1.004599 0.518627 -5.395391
213 193 208
3 2 75 121.33 70.09 3 85 147.07 11.86 1 83 123.83 55.45
0.456973 0.451700 -5.271145
72 2 3
3 2 96 43.55 61.29 3 111 77.04 6.22 1 84 52.91 54.88
-0.589742 0.372445 -4.548925
187 201 240
3 2 73 -132.43 56.48 3 110 -77.10 -4.15 1 85 -102.04 61.38
0.853354 0.511864 -5.392947
95 0 2
3 2 132 99.69 69.17 3 147 127.57 12.00 1 108 103.51 56.94
0.534690 0.884913 -5.429314
163 18 29
3 2 104 53.89 121.54 3 113 87.74 64.43 1 113 63.74 115.67
2.160902 -0.958596 -5.728331
202 197 106
3 2 117 262.00 -128.68 3 128 257.73 -168.63 1 120 220.94 -142.55
1.000359 0.068990 -5.455582
72 5 8
3 2 178 118.75 4.59 3 198 140.45 -45.78 1 140 114.01 -6.69
0.144915 0.410524 -5.357025
225 56 94
3 2 128 -1.70 54.51 3 202 32.77 3.34 1 150 4.02 53.74
0.144915 0.410524 -5.357025
225 56 94
3 2 129 -1.70 54.51 3 203 32.77 3.34 1 151 4.02 53.74
-0.338967 0.417516 -4.572152
108 54 70
3 2 190 -88.76 64.14 3 145 -35.66 0.97 1 153 -54.95 65.09
0.279486 0.586893 -5.282460
217 202 221
3 2 134 17.67 81.44 3 149 53.69 25.97 1 156 28.55 77.85
-0.644449 0.477809 -4.484925
18 20 30
3 2 133 -144.33 74.74 3 206 -86.26 12.54 1 157 -110.10 84.15
0.484581 0.960886 -5.427222
171 150 172
4 2 139 46.70 132.24 3 157 81.74 75.03 1 163 57.86 127.60 4 149 -23.57 0.68
2.317439 -0.376363 -5.293842
226 182 185
3 2 164 308.24 -59.34 3 184 306.76 -113.61 1 174 277.92 -82.60
0.920646 -0.034270 -5.458941
51 9 18
3 2 242 107.62 -8.85 3 256 129.13 -58.80 1 198 101.50 -20.97
0.846565 0.137677 -5.558303
139 29 46
3 2 248 95.54 14.78 3 263 118.55 -34.39 1 206 89.88 5.36
-0.264733 0.306401 -4.529811
157 99 113
4 2 186 -77.47 45.50 3 269 -24.48 -18.24 1 208 -42.01 42.74 4 335 103.73 103.69
1.043582 0.596316 -5.412153
44 9 7
4 2 194 125.68 80.38 3 148 152.55 21.99 1 214 129.47 65.89 4 161 -75.08 66.89
0.245880 0.524660 -5.267249
82 11 26
3 2 193 12.97 72.60 3 283 48.42 17.45 1 217 23.29 69.15
-0.351789 0.454278 -4.564364
235 181 195
3 2 192 -91.05 70.94 3 277 -37.47 6.76 1 218 -56.62 72.05
-0.679028 0.436859 -4.522318
183 230 255
4 2 258 -149.19 67.57 3 278 -91.40 6.64 1 222 -117.65 75.74 4 322 164.94 65.35
-0.617999 0.539791 -4.410074
179 225 255
3 2 264 -142.41 86.77 3 290 -84.41 23.20 1 224 -102.18 95.91
-0.641702 0.591138 -4.507887
243 231 243
3 2 266 -142.93 95.15 3 293 -84.18 31.52 1 225 -107.91 104.47
-0.560012 0.681008 -4.466161
225 165 177
4 2 273 -130.77 111.65 3 296 -70.85 45.97 1 226 -90.60 120.59 4 312 132.32 36.56
0.964995 0.008283 -5.476922
66 13 22
3 2 358 113.68 -2.44 3 381 134.62 -53.52 1 273 106.98 -15.39
1.209530 0.109547 -5.391345
95 35 39
3 2 247 150.56 11.32 3 261 169.33 -43.58 1 275 145.05 -4.73
1.102650 0.114443 -5.437343
172 101 113
3 2 361 133.92 11.78 3 262 154.39 -41.21 1 276 128.77 -2.24
0.702046 0.195692 -5.509938
115 4 13
3 2 253 76.31 23.52 3 268 101.98 -26.88 1 283 73.40 14.47
0.921817 0.549299 -5.381123
104 11 16
4 2 260 110.29 74.38 3 281 137.05 16.58 1 296 114.24 61.69 4 217 -57.90 69.94
0.063787 0.552395 -5.272388
108 9 22
3 2 263 -13.84 76.42 3 287 23.56 22.93 1 297 -3.43 76.30
-0.612341 0.452928 -4.514494
255 254 254
4 2 259 -137.47 70.84 3 279 -80.31 8.85 1 298 -104.99 77.50 4 323 153.53 66.96
0.608518 0.849737 -5.432423
153 14 28
4 2 403 64.11 116.74 3 429 96.88 59.55 1 304 73.74 108.42 4 449 -33.40 19.13
-0.647337 0.689774 -4.481068
227 167 179
3 2 401 -144.79 112.97 3 421 -85.08 47.87 1 312 -106.83 124.04
-0.740637 0.688771 -4.490799
133 74 96
3 2 602 -160.56 112.17 3 422 -100.08 48.46 1 313 -125.04 125.90
0.511964 1.000912 -5.422200
166 22 33
4 2 277 50.87 137.96 3 302 85.76 80.26 1 314 62.43 133.11 4 298 -28.85 -2.97
1.504744 1.133811 -5.219530
69 31 28
3 2 199 198.35 161.68 3 218 225.50 90.91 1 315 208.45 136.31
1.504744 1.133811 -5.219530
69 31 28
3 2 200 198.35 161.68 3 219 225.50 90.91 1 316 208.45 136.31
1.688600 -3.379392 -12.470588
97 90 106
4 2 465 93.89 -180.35 3 490 74.58 -179.10 1 339 -11.21 -169.66 4 683 63.68 127.96
-1.194804 -2.828412 -12.667276
72 44 55
3 2 743 -64.87 -144.91 3 759 -77.02 -140.70 1 347 -171.74 -129.67
2.037860 -0.719157 -6.060606
214 191 78
3 2 503 233.26 -91.11 3 515 232.18 -130.34 1 354 192.31 -104.17
-0.586199 -0.113290 -4.896101
251 253 255
3 2 342 -119.64 -23.78 3 373 -74.80 -72.59 1 386 -111.66 -22.93
0.929982 -0.002663 -5.511332
173 134 153
3 2 355 108.03 -4.37 3 380 129.10 -54.15 1 389 100.68 -15.44
1.980172 0.538757 -6.145817
110 64 25
3 2 378 225.10 63.64 3 403 234.31 12.26 1 407 198.44 44.82
-0.595139 0.397134 -4.515469
165 217 254
3 2 377 -134.66 61.08 3 577 -78.27 -0.48 1 418 -102.37 66.39
-0.703179 0.413236 -4.528571
168 156 197
3 2 578 -152.67 63.52 3 580 -95.20 2.85 1 426 -123.04 71.93
-0.388114 0.568584 -4.501976
170 104 126
4 2 390 -99.15 91.51 3 410 -42.67 25.70 1 431 -59.95 94.97 4 484 110.49 60.60
-0.603206 0.665523 -4.470854
178 107 123
4 2 601 -137.48 108.86 3 594 -77.89 43.71 1 440 -98.75 118.74 4 632 141.88 36.59
-0.639961 0.662525 -4.468243
174 107 127
4 2 398 -144.22 108.28 3 595 -84.03 43.52 1 441 -106.14 118.98 4 466 147.87 35.34
-0.641030 0.663177 -4.474665
174 107 127
3 2 399 -144.22 108.28 3 596 -84.03 43.52 1 442 -106.14 118.98
1.607254 1.241231 -5.358410
69 30 30
3 2 286 207.37 172.15 3 309 232.51 102.95 1 458 213.21 146.81
0.981843 1.413230 -5.598063
140 24 34
3 2 414 113.41 189.13 3 618 145.28 127.98 1 463 122.53 177.50
2.409729 -2.783595 -10.058934
103 99 121
3 2 460 164.35 -188.90 3 696 145.71 -195.74 1 485 69.75 -183.39
2.181863 -2.931757 -10.871251
108 101 117
3 2 463 137.96 -182.43 3 712 119.48 -186.16 1 491 39.99 -175.15
2.286455 -2.478416 -10.437644
64 53 67
3 2 736 150.92 -161.17 3 738 133.91 -168.02 1 502 56.97 -155.76
2.209182 -2.306826 -10.801828
74 53 61
3 2 483 141.61 -144.01 3 752 124.69 -150.70 1 506 47.13 -137.86
2.164212 -2.315406 -10.860314
124 120 134
3 2 484 137.80 -143.67 3 498 121.46 -149.95 1 507 43.26 -137.39
2.164212 -2.315406 -10.860314
124 120 134
3 2 485 137.80 -143.67 3 497 121.46 -149.95 1 508 43.26 -137.39
2.300310 -0.467642 -5.343367
240 184 195
3 2 513 302.59 -71.48 3 779 300.54 -123.50 1 526 270.71 -93.15
2.314055 -0.435549 -5.286800
242 193 212
3 2 514 307.95 -67.89 3 525 306.02 -121.22 1 527 277.06 -90.61
2.011440 -0.580061 -6.128340
164 169 117
3 2 512 227.91 -72.69 3 527 228.02 -113.24 1 530 187.76 -86.51
2.320894 -0.363026 -5.268483
234 173 188
3 2 518 310.29 -57.89 3 791 308.86 -112.50 1 532 280.56 -81.60
2.051154 -0.497112 -6.020587
177 147 41
4 2 787 237.23 -64.27 3 795 237.69 -106.80 1 533 199.03 -79.45 4 1022 -111.86 178.35
0.970879 0.041806 -5.478083
171 124 141
3 2 832 114.40 1.73 3 838 135.72 -49.23 1 572 108.29 -10.25
-0.290738 0.017301 -4.649508
226 178 187
3 2 354 -79.02 -4.89 3 833 -30.53 -61.13 1 573 -54.71 -8.42
-0.282555 0.055322 -4.620442
219 171 182
3 2 551 -78.14 1.60 3 837 -29.07 -56.47 1 577 -52.14 -1.80
-0.247083 0.122914 -4.577221
157 101 112
3 2 558 -73.08 13.04 3 845 -23.21 -46.74 1 584 -43.39 9.18
-0.247083 0.122914 -4.577221
157 101 112
3 2 557 -73.08 13.04 3 844 -23.21 -46.74 1 585 -43.39 9.18
-0.625966 0.117261 -4.541434
215 151 168
4 2 556 -139.18 12.32 3 848 -84.61 -45.18 1 586 -113.58 13.92 4 927 170.89 114.65
-0.252362 0.259384 -4.541344
157 99 112
4 2 565 -74.92 36.93 3 861 -22.99 -25.60 1 589 -40.91 34.02 4 670 104.06 110.44
-0.618954 0.245392 -4.571679
245 182 191
3 2 563 -136.76 34.39 3 568 -81.93 -24.07 1 592 -110.14 38.04
0.235088 0.549187 -5.247095
233 218 230
4 2 586 11.27 76.30 3 901 47.62 21.02 1 610 22.74 73.20 4 883 25.04 50.42
0.259458 0.565850 -5.248122
229 219 231
4 2 587 14.91 78.69 3 904 51.16 23.02 1 611 26.80 75.48 4 639 21.36 49.12
-0.600340 0.590478 -4.504247
241 217 230
3 2 595 -136.08 95.02 3 918 -77.23 31.06 1 621 -100.02 103.64
0.462706 0.838721 -5.407860
203 132 150
4 2 922 44.08 115.48 3 942 78.22 58.93 1 626 53.82 110.73 4 846 -14.99 15.98
-0.672691 0.675855 -4.474690
232 172 179
3 2 917 -149.87 110.21 3 932 -88.99 46.08 1 631 -112.02 122.18
0.512141 0.935653 -5.421240
152 22 54
4 2 606 50.73 128.86 3 609 85.20 71.42 1 633 61.61 123.54 4 609 -25.98 5.19
2.597959 -3.114052 -9.548248
111 103 121
4 2 644 185.48 -223.51 3 655 164.83 -229.76 1 651 90.31 -218.44 4 1098 -8.39 212.23
2.318339 -3.462263 -10.458984
100 95 114
3 2 641 151.14 -224.72 3 660 130.35 -227.08 1 653 51.55 -217.16
2.406254 -3.302709 -10.220501
115 112 130
4 2 655 160.56 -219.96 3 664 140.03 -223.65 1 655 62.57 -213.24 4 1057 12.72 196.11
2.420521 -2.983441 -10.133037
117 106 126
3 2 681 163.52 -200.78 3 683 144.15 -206.25 1 670 67.51 -194.88
2.317222 -2.602678 -10.510525
73 58 66
3 2 723 151.81 -167.81 3 724 134.20 -174.23 1 688 56.64 -162.48
2.001881 -2.185761 -11.300919
107 92 111
3 2 752 122.93 -128.86 3 764 107.33 -134.77 1 717 27.40 -122.11
1.819553 -2.378225 -12.017112
97 86 99
3 2 750 105.43 -131.05 3 765 89.08 -134.03 1 718 6.50 -122.20
1.964974 -1.998930 -11.485556
107 91 101
3 2 769 119.06 -115.32 3 783 103.86 -121.06 1 736 23.93 -108.06
2.320543 -0.551941 -5.274904
247 142 75
3 2 782 309.14 -84.58 3 760 305.94 -136.54 1 739 276.54 -106.09
2.041441 -0.683996 -6.052741
215 191 85
3 2 780 234.17 -86.80 3 774 233.27 -126.88 1 744 193.55 -100.30
2.321807 -0.398580 -5.273930
249 179 194
3 2 788 309.85 -62.90 3 789 308.33 -116.91 1 754 279.56 -86.10
2.335430 -0.236269 -5.219648
215 78 123
3 2 800 315.67 -40.20 3 799 315.64 -97.96 1 770 288.02 -65.82
0.920898 0.053460 -5.478922
223 194 208
3 2 833 107.35 3.35 3 843 129.39 -47.17 1 837 101.93 -8.22
0.207048 0.536403 -5.246146
239 225 235
3 2 885 6.96 74.40 3 898 43.74 19.52 1 875 18.43 71.63
0.048700 0.527217 -5.241833
209 176 193
3 2 880 -16.47 73.11 3 899 21.92 19.39 1 881 -5.38 72.91
1.489495 0.947807 -5.136136
159 96 109
3 2 608 199.97 136.60 3 946 225.41 66.17 1 905 210.17 111.06
0.617645 0.882048 -5.433814
212 136 155
4 2 928 65.77 120.92 3 944 98.61 63.34 1 906 74.65 113.95 4 848 -36.14 15.78
0.987063 -0.210873 -5.333732
215 148 157
2 2 18 118.93 -35.62 3 22 140.43 -84.71
0.116005 0.477418 -5.321905
243 238 244
2 2 26 -5.90 65.07 3 28 29.69 12.33
-0.085969 0.536539 -5.080929
34 19 22
2 2 27 -37.81 76.95 3 41 3.47 20.64
1.843157 0.734192 -6.097482
192 132 142
2 2 28 209.94 88.21 3 29 223.55 35.60
0.072268 0.288619 -5.397301
235 234 242
2 2 51 -12.24 37.00 3 82 22.10 -11.80
0.129938 1.316929 -5.719909
161 15 26
2 2 62 -1.62 173.05 3 65 33.54 120.44
-1.247843 -2.949233 -12.542421
58 58 69
2 2 64 -68.45 -153.96 3 71 -81.13 -149.20
0.085585 0.188490 -5.542005
198 32 51
2 2 69 -9.66 22.46 3 141 22.06 -23.23
1.358192 0.308877 -5.562557
67 9 9
2 2 72 166.17 38.82 3 81 183.71 -16.36
-2.953799 2.989187 -12.255651
23 21 26
2 2 81 -167.38 177.44 3 123 -161.17 181.15
0.305252 -3.505715 -13.323421
9 9 9
2 2 86 17.12 -172.97 3 97 -0.71 -168.59
0.802464 0.093665 -5.552283
238 230 239
2 2 91 89.61 9.24 3 104 112.87 -40.14
0.012367 0.224389 -5.452033
230 212 229
2 2 93 -20.92 27.21 3 143 13.88 -18.74
2.164252 -0.960840 -5.736778
202 197 106
2 2 116 262.00 -128.68 3 127 257.73 -168.63
1.151171 0.134325 -5.429778
189 123 137
2 2 124 141.04 14.78 3 138 161.04 -39.21
0.380176 0.470870 -5.277696
230 208 219
2 2 131 32.66 64.55 3 205 66.15 9.16
0.095842 0.685448 -5.325609
91 1 7
3 2 137 -8.95 94.82 3 215 28.71 41.25 4 152 38.05 23.87
1.479855 1.259005 -5.309392
169 119 130
2 2 144 191.32 176.85 3 161 218.52 107.31
0.767444 -5.114334 -14.983076
42 42 51
2 2 149 37.31 -223.53 3 174 14.27 -213.76
2.281716 -3.505873 -10.654297
37 33 48
3 2 151 146.01 -222.87 3 170 125.22 -224.90 4 249 26.71 190.63
2.281716 -3.505873 -10.654297
37 33 48
3 2 152 146.01 -222.87 3 171 125.22 -224.90 4 248 26.71 190.63
2.816225 -2.713196 -8.846658
60 49 63
2 2 153 217.41 -212.32 3 172 197.11 -222.75
2.519383 -2.598796 -9.696842
64 55 67
2 2 155 178.51 -183.56 3 176 159.80 -192.48
2.268797 -1.862696 -7.966569
188 174 148
2 2 156 195.32 -165.51 3 177 182.76 -183.28
0.443679 -3.290673 -13.104113
104 81 65
2 2 157 24.14 -165.61 3 179 7.61 -161.48
2.328869 -0.268958 -5.252934
224 181 194
2 2 166 312.78 -44.46 3 185 311.98 -101.19
2.328869 -0.268958 -5.252934
224 181 194
2 2 167 312.78 -44.46 3 186 311.98 -101.19
2.069661 -0.251293 -6.019679
220 184 47
2 2 169 239.95 -33.79 3 252 242.31 -79.42
0.646058 1.486690 -5.700573
67 1 0
3 2 205 66.82 195.43 3 225 100.56 138.78 4 188 -60.60 -66.07
2.533323 -3.027352 -9.748708
53 42 52
3 2 212 177.51 -212.50 3 230 157.50 -218.76 4 540 -4.38 199.53
2.526756 -3.017043 -9.721835
53 42 52
2 2 213 177.51 -212.50 3 231 157.50 -218.76
2.167333 -1.782537 -8.247649
178 171 140
2 2 216 180.26 -152.19 3 236 168.68 -169.11
1.455106 -2.599070 -12.393632
110 84 65
2 2 219 81.92 -138.55 3 238 65.54 -139.49
1.330056 -2.555318 -12.416936
18 29 45
2 2 220 74.84 -135.75 3 239 58.79 -136.63
1.962237 -2.146487 -11.469134
54 41 43
2 2 223 118.89 -124.42 3 243 103.31 -129.73
2.303828 -0.471288 -5.295823
225 190 208
3 2 231 305.70 -72.81 3 358 303.86 -125.58 4 769 -165.61 226.03
1.929216 0.311172 -6.216276
147 111 50
2 2 254 216.25 35.81 3 391 224.10 -12.52
0.563354 0.765660 -5.378714
148 19 29
2 2 267 58.65 105.65 3 419 91.34 48.15
1.605789 1.238935 -5.352774
69 30 30
2 2 285 207.37 172.15 3 308 232.51 102.95
2.224017 -3.755184 -10.757605
84 79 97
2 2 295 140.66 -236.11 3 458 119.32 -236.40
2.410298 -3.161586 -10.223491
98 89 106
3 2 303 160.97 -210.75 3 332 141.16 -214.76 4 532 9.60 188.90
2.690190 -2.678486 -9.137098
56 43 54
2 2 304 201.41 -202.36 3 333 182.01 -212.07
1.675725 -3.676371 -12.489587
10 10 12
2 2 305 92.77 -196.08 3 338 72.68 -193.74
1.681086 -3.689021 -12.527288
10 10 12
3 2 306 92.77 -196.08 3 339 72.68 -193.74 4 514 69.24 140.25
2.560371 -2.702745 -9.612452
59 47 61
2 2 308 182.63 -192.86 3 334 163.53 -201.30
2.560371 -2.702745 -9.612452
59 47 61
2 2 309 182.63 -192.86 3 335 163.53 -201.30
2.386710 -2.846532 -10.222809
59 52 64
2 2 311 160.22 -189.60 3 336 141.28 -195.60
2.386710 -2.846532 -10.222809
59 52 64
2 2 312 160.22 -189.60 3 337 141.28 -195.60
1.578554 -2.796453 -12.663101
47 38 45
2 2 317 87.18 -145.74 3 501 69.48 -146.04
1.885216 -2.309660 -11.657851
52 42 42
2 2 320 112.22 -131.85 3 511 96.48 -135.74
1.794246 -1.001714 -6.584983
203 182 70
2 2 324 186.60 -113.10 3 504 185.28 -144.29
2.304468 -0.472746 -5.296964
227 196 213
2 2 329 305.82 -73.03 3 357 303.86 -125.58
2.326181 -0.317102 -5.248650
236 188 201
2 2 333 312.35 -51.56 3 530 311.48 -107.36
2.330612 -0.264512 -5.226776
245 191 207
2 2 336 314.54 -44.25 3 532 314.05 -101.26
1.989191 -0.215045 -5.998820
114 69 10
2 2 340 231.15 -29.38 3 545 234.66 -75.46
-0.310223 -0.029154 -4.682468
229 178 190
2 2 351 -81.22 -12.29 3 550 -34.15 -67.57
-0.224731 0.202527 -4.568230
225 164 172
2 2 366 -69.38 26.86 3 562 -19.00 -34.46
0.555939 0.221022 -5.515282
125 4 14
2 2 367 56.04 27.13 3 387 83.17 -22.81
1.961824 0.264420 -6.232414
84 49 7
2 2 369 219.56 30.16 3 389 226.45 -17.81
-0.174235 0.402193 -4.572923
207 155 168
2 2 376 -60.68 61.23 3 576 -8.96 -2.60
2.016572 0.559718 -6.120835
176 139 90
2 2 379 230.34 66.54 3 404 239.67 14.31
0.461101 0.509267 -5.319523
156 27 44
2 2 380 43.91 69.33 3 583 77.11 14.40
-0.365344 0.526243 -4.516905
189 126 143
2 2 382 -94.96 83.67 3 406 -39.22 18.64
-0.365344 0.526243 -4.516905
189 126 143
2 2 383 -94.96 83.67 3 407 -39.22 18.64
0.397262 0.622702 -5.203481
219 197 209
2 2 385 35.37 87.81 3 587 71.30 29.82
0.523013 0.637511 -5.259697
246 224 228
2 2 387 53.37 88.81 3 413 87.91 31.29
0.523013 0.637511 -5.259697
246 224 228
2 2 388 53.37 88.81 3 414 87.91 31.29
-0.387396 0.568962 -4.501390
170 104 126
2 2 391 -99.15 91.51 3 411 -42.67 25.70
0.590732 0.736929 -5.412844
205 172 197
2 2 393 62.32 100.98 3 597 93.88 43.99
-0.459571 0.620939 -4.480728
233 178 193
2 2 394 -112.41 100.98 3 415 -54.28 34.91
-0.494241 0.649339 -4.481709
226 172 182
2 2 396 -118.40 105.92 3 417 -59.78 39.93
-0.720926 0.665168 -4.483502
229 167 180
2 2 400 -157.56 108.36 3 418 -97.19 44.51
1.190054 0.988087 -5.102201
184 132 143
2 2 407 156.33 144.22 3 433 187.08 74.75
2.657296 -2.941016 -9.340458
52 45 57
3 2 435 194.21 -216.48 3 468 173.73 -224.25 4 1096 -18.20 211.24
2.379566 -3.268770 -10.322475
101 97 119
3 2 439 157.38 -215.39 3 473 137.15 -218.90 4 737 14.43 190.74
2.319193 -3.264379 -10.429063
105 97 118
3 2 440 151.98 -212.68 3 477 131.91 -215.90 4 729 18.64 186.32
2.089952 -3.467086 -11.152023
53 51 65
2 2 443 128.26 -209.75 3 681 108.30 -210.51
2.073455 -3.407521 -11.170722
85 78 96
2 2 445 127.15 -205.75 3 479 107.39 -206.75
2.019268 -3.364862 -11.335020
39 35 49
3 2 448 122.30 -199.80 3 481 102.65 -200.85 4 706 42.29 160.37
2.631528 -2.598305 -9.404353
57 41 47
2 2 457 191.85 -190.12 3 482 173.05 -199.59
2.631528 -2.598305 -9.404353
57 41 47
2 2 458 191.85 -190.12 3 483 173.05 -199.59
2.284277 -2.779691 -10.580429
57 46 54
2 2 466 148.41 -178.20 3 715 130.25 -183.37
1.570127 -3.473414 -12.918541
88 85 103
2 2 467 84.71 -178.13 3 491 65.05 -175.89
2.295686 -1.944260 -7.891933
187 178 144
2 2 470 199.25 -174.62 3 484 186.24 -192.01
2.417374 -2.480153 -9.989351
67 55 65
2 2 473 166.44 -169.55 3 719 149.06 -177.76
1.627462 -3.092833 -12.695217
54 48 60
2 2 479 89.33 -161.39 3 495 70.88 -160.59
2.168064 -1.848137 -8.196390
113 98 80
2 2 480 181.37 -158.86 3 492 169.30 -175.69
2.008271 -2.363651 -11.373794
63 47 57
2 2 486 122.22 -139.07 3 506 106.26 -143.52
2.205904 -2.190947 -10.683180
121 118 134
2 2 488 142.76 -138.30 3 503 127.01 -145.65
2.004395 -0.732031 -6.133904
216 192 86
2 2 504 226.51 -90.97 3 516 225.43 -129.80
2.309717 -0.497978 -5.367392
221 70 104
2 2 511 302.36 -75.16 3 776 299.82 -126.60
2.306641 -0.424818 -5.335179
239 180 193
2 2 516 304.10 -65.50 3 786 302.36 -118.43
1.921829 -0.463579 -6.308702
228 191 78
2 2 519 211.36 -55.99 3 534 212.36 -96.18
2.084930 -0.377315 -5.954055
229 196 57
2 2 525 244.38 -50.19 3 535 245.49 -95.30
2.084930 -0.377315 -5.954055
229 196 57
2 2 526 244.38 -50.19 3 536 245.49 -95.30
0.865482 -0.278945 -5.346119
169 46 60
2 2 529 101.57 -44.80 3 806 122.99 -93.03
2.040119 -0.280917 -6.004372
97 62 2
2 2 532 236.96 -37.60 3 816 239.41 -83.00
2.334571 -0.214395 -5.209861
232 191 210
2 2 533 316.23 -37.25 3 800 316.37 -95.20
2.017289 -0.247435 -6.008612
120 75 14
2 2 535 234.10 -33.36 3 818 237.03 -79.04
2.334928 -0.168344 -5.244978
240 192 195
2 2 536 314.36 -30.09 3 543 314.59 -88.44
1.980563 0.277984 -6.190531
176 139 48
3 2 562 223.24 31.64 3 571 230.23 -16.56 4 660 -132.16 95.16
-0.157719 0.417467 -4.609455
171 123 144
2 2 577 -57.09 63.47 3 578 -6.30 0.06
-0.147384 0.441073 -4.631382
220 191 199
2 2 581 -54.82 67.32 3 581 -4.61 3.86
-0.717905 0.449261 -4.525152
173 160 195
2 2 583 -155.47 69.80 3 582 -97.38 9.23
0.270631 0.547418 -5.251950
73 21 45
2 2 585 16.33 75.88 3 900 52.52 20.62
0.466964 0.587118 -5.269133
243 214 219
2 2 588 45.23 81.45 3 586 79.42 24.65
0.278051 0.627285 -5.289000
71 6 13
2 2 591 17.56 87.17 3 588 53.52 31.59
-0.365035 0.563899 -4.522590
237 174 184
2 2 592 -94.59 90.27 3 909 -38.96 24.72
-0.606407 0.643383 -4.468627
228 165 173
2 2 597 -138.49 104.98 3 590 -78.56 39.97
-0.655637 0.715769 -4.488917
157 100 122
2 2 605 -146.00 117.20 3 601 -85.90 52.32
-3.846739 3.789250 -12.008852
146 93 86
2 2 619 -219.37 225.40 3 1037 -212.56 230.54
2.106122 -3.810616 -11.103517
51 45 59
2 2 630 129.33 -231.39 3 652 108.06 -230.93
2.143083 -3.748478 -10.979682
89 87 105
2 2 631 132.99 -230.54 3 653 111.97 -230.41
0.919055 -5.216392 -14.848813
48 48 57
2 2 632 44.39 -230.33 3 670 20.99 -220.50
2.134129 -3.640364 -10.951562
88 85 102
2 2 642 132.96 -224.55 3 662 112.23 -225.02
2.548484 -3.173648 -9.774264
59 54 71
3 2 650 177.79 -222.01 3 657 157.17 -227.37 4 752 -1.83 206.59
2.803821 -2.797005 -8.858035
56 47 62
2 2 658 215.96 -218.41 3 656 195.29 -228.32
2.273208 -3.351691 -10.643435
99 95 118
3 2 662 146.02 -213.47 3 677 125.70 -215.89 4 1030 24.36 183.36
2.218974 -3.398378 -10.863378
56 46 58
2 2 666 139.75 -211.56 3 680 119.47 -213.43
2.671634 -2.811790 -9.336816
117 110 126
3 2 674 195.65 -207.10 3 676 175.86 -215.80 4 1079 -21.93 204.46
2.250888 -3.161630 -10.585948
53 46 61
2 2 679 145.55 -202.65 3 686 126.14 -206.01
2.393849 -3.015382 -10.204680
68 59 74
2 2 680 160.55 -201.34 3 684 141.19 -206.34
2.058480 -3.329621 -11.289137
88 81 97
2 2 685 125.20 -198.62 3 692 105.54 -199.89
1.554417 -3.844143 -12.879954
36 26 32
3 2 688 83.72 -198.23 3 699 63.16 -194.66 4 959 78.44 137.18
2.376327 -2.940588 -10.243718
100 93 109
2 2 691 158.96 -195.50 3 691 139.88 -200.82
1.891291 -3.443013 -11.847770
52 47 68
2 2 692 109.94 -194.66 3 697 90.24 -194.35
1.891291 -3.443013 -11.847770
52 47 68
2 2 693 109.94 -194.66 3 698 90.24 -194.35
2.512954 -2.670452 -9.738039
47 34 47
2 2 698 177.02 -187.88 3 695 158.40 -195.99
2.003102 -3.214678 -11.530441
90 78 86
2 2 699 119.62 -187.25 3 708 100.44 -188.47
1.748644 -3.425751 -12.243507
44 36 49
3 2 701 99.03 -186.54 3 713 79.23 -185.60 4 957 61.11 136.28
2.321408 -2.781614 -10.336198
57 46 60
2 2 704 154.22 -183.06 3 705 135.92 -188.87
1.890609 -3.110592 -11.813481
57 49 60
2 2 712 110.54 -176.22 3 722 91.89 -177.18
1.887775 -3.028342 -11.764905
89 85 99
2 2 718 110.87 -172.28 3 726 92.51 -173.62
1.887775 -3.028342 -11.764905
89 85 99
2 2 719 110.87 -172.28 3 727 92.51 -173.62
2.366424 -2.443225 -10.217691
106 99 115
2 2 732 159.55 -162.69 3 732 142.33 -170.52
2.366424 -2.443225 -10.217691
106 99 115
2 2 733 159.55 -162.69 3 733 142.33 -170.52
2.287394 -2.479915 -10.441891
64 53 67
2 2 735 150.92 -161.17 3 737 133.91 -168.02
2.287394 -2.479915 -10.441891
64 53 67
2 2 737 150.92 -161.17 3 739 133.91 -168.02
1.194248 -3.138887 -14.161612
74 67 78
2 2 744 60.21 -144.47 3 756 41.51 -140.80
2.043054 -2.185658 -11.247692
68 55 68
2 2 751 126.06 -129.72 3 763 110.20 -135.63
2.165344 -0.958662 -5.738990
197 196 106
2 2 753 262.09 -128.30 3 736 257.72 -168.34
2.212534 -1.994767 -10.703503
71 60 79
2 2 758 143.18 -125.25 3 768 128.10 -133.39
2.079763 -1.991729 -10.965164
91 79 87
2 2 760 131.57 -121.43 3 771 116.60 -128.76
2.079763 -1.991729 -10.965164
91 79 87
2 2 761 131.57 -121.43 3 772 116.60 -128.76
1.924181 -2.034288 -11.547886
62 50 55
2 2 768 116.00 -116.61 3 782 100.72 -122.16
2.312289 -0.388919 -5.319734
233 187 193
2 2 790 305.85 -60.73 3 790 304.51 -114.35
2.095977 -0.187684 -5.933841
175 144 33
2 2 814 246.96 -26.55 3 823 249.66 -74.07
2.339970 -0.132920 -5.234898
237 192 205
2 2 816 315.69 -25.13 3 815 316.41 -84.07
2.024915 0.494461 -6.080122
139 84 16
2 2 860 233.06 58.93 3 882 241.65 6.49
-0.505049 0.433552 -4.517685
182 160 191
2 2 874 -119.09 67.46 3 878 -62.99 4.59
-0.676464 0.471445 -4.499649
147 198 228
2 2 884 -149.48 74.07 3 891 -90.92 12.30
-0.565920 0.581137 -4.496336
235 199 217
2 2 899 -130.40 93.51 3 916 -71.98 29.33
0.592688 0.777351 -5.389992
202 159 176
2 2 912 62.76 107.10 3 935 95.07 49.47
-0.479007 0.666669 -4.482130
146 87 107
2 2 915 -115.69 109.00 3 927 -57.13 42.65
0.464055 0.839811 -5.411432
203 132 150
2 2 921 44.08 115.48 3 941 78.22 58.93
-0.570264 0.731365 -4.493099
216 161 173
2 2 926 -131.13 119.89 3 938 -71.51 54.22
0.583163 0.963149 -5.444060
142 34 59
3 2 929 60.70 131.96 3 951 94.32 74.52 4 827 -35.39 3.81
-3.819730 3.320697 -11.917647
144 80 72
2 2 951 -220.47 200.44 3 985 -214.10 205.38
-5.262448 3.408989 -11.749467
128 72 58
2 2 958 -302.89 204.94 3 1001 -297.78 214.97
-5.262448 3.408989 -11.749467
128 72 58
2 2 959 -302.89 204.94 3 1002 -297.78 214.97
-5.413120 3.398740 -11.676495
125 72 64
2 2 960 -312.87 205.08 3 639 -307.92 215.61
-5.413120 3.398740 -11.676495
125 72 64
2 2 961 -312.87 205.08 3 640 -307.92 215.61
-3.747527 3.473120 -12.019637
129 57 41
2 2 963 -214.24 207.60 3 995 -207.86 212.45
-3.840610 3.492893 -12.081737
130 57 30
2 2 964 -218.02 207.66 3 996 -212.08 212.75
-4.946065 3.479271 -11.713960
130 72 56
2 2 975 -286.75 210.21 3 1006 -280.69 219.21
-3.714551 3.551096 -11.996353
132 53 30
2 2 980 -212.72 212.46 3 1005 -206.16 217.10
-4.824964 3.590393 -11.782602
134 72 65
2 2 985 -278.19 215.77 3 1023 -272.10 224.31
-4.783085 3.678059 -11.756723
135 75 58
2 2 992 -276.47 221.16 3 1036 -269.90 229.76
-3.429508 3.766938 -12.028866
143 85 86
2 2 994 -196.16 224.41 3 1033 -188.76 228.39
2.200478 -1.413627 -5.568842
214 38 63
2 2 21 272.41 -192.28 1 12 227.09 -203.48
0.742778 0.269039 -5.432875
204 29 53
2 2 24 83.26 34.57 1 21 83.16 23.48
0.742778 0.269039 -5.432875
204 29 53
2 2 25 83.26 34.57 1 22 83.16 23.48
-0.490172 -0.216911 -4.923519
235 183 196
2 2 48 -103.99 -41.03 1 48 -96.72 -40.27
-0.521389 0.517442 -4.504456
162 189 226
2 2 76 -122.33 82.88 1 87 -86.26 87.47
1.978017 0.993700 -5.799338
212 176 116
2 2 79 238.84 126.92 1 112 224.16 100.43
-3.276875 3.596642 -14.971858
29 26 34
2 2 145 -147.03 176.21 1 236 -238.78 219.95
0.827703 0.016014 -5.544639
81 4 10
2 2 176 93.12 -1.73 1 201 86.03 -11.36
-3.242143 3.974263 -17.469545
96 85 103
2 2 201 -121.84 166.74 1 233 -219.25 209.95
1.173726 -2.590776 -13.155253
25 29 49
2 2 222 63.02 -128.67 1 246 -40.48 -116.54
1.806802 -0.900448 -6.545646
203 178 60
2 2 225 189.45 -102.40 1 247 142.08 -111.25
1.240181 -0.025710 -5.234034
215 151 156
2 2 240 159.13 -9.23 1 271 156.10 -26.24
0.747950 0.086016 -5.596156
199 45 81
2 2 246 81.48 8.31 1 277 74.29 -0.45
0.378986 0.138008 -5.433556
204 42 82
2 2 249 31.55 15.74 1 280 30.99 9.92
0.758868 0.169421 -5.527505
111 13 20
2 2 252 83.99 19.65 1 282 79.87 10.50
-0.338569 0.380586 -4.536828
211 160 172
2 2 256 -89.76 58.23 1 213 -54.81 58.12
0.561450 0.804257 -5.431449
138 12 28
2 2 272 57.72 109.97 1 301 66.26 103.69
-0.619562 0.690840 -4.473852
224 165 176
3 2 274 -140.04 113.39 1 311 -101.75 123.93 4 309 143.18 31.62
1.949403 -2.277644 -11.647940
104 96 105
2 2 323 116.30 -130.11 1 349 19.13 -121.98
0.863207 0.033853 -5.521140
223 197 213
2 2 360 98.47 0.81 1 391 91.98 -9.74
2.022071 0.501555 -6.067576
149 93 24
3 2 375 233.21 60.11 1 404 206.43 39.43 4 490 -150.47 79.76
1.066650 0.553269 -5.350016
102 6 13
2 2 381 131.20 75.21 1 414 135.16 59.72
-0.516477 0.832604 -4.543218
158 124 143
2 2 406 -119.87 136.12 1 456 -79.85 146.72
2.766326 -2.951105 -9.013722
122 117 137
3 2 430 209.21 -226.02 1 471 116.53 -221.70 4 1129 -28.50 225.85
2.571531 -3.107375 -9.674234
117 111 132
2 2 433 181.29 -220.03 1 474 85.95 -214.53
2.181228 -2.931369 -10.869891
108 101 117
2 2 462 137.96 -182.43 1 490 39.99 -175.15
2.489801 -2.464508 -9.866269
120 114 129
2 2 471 173.58 -170.90 1 497 81.53 -166.86
2.424660 -2.489192 -10.022590
67 55 65
2 2 474 166.44 -169.55 1 499 73.78 -165.09
2.094816 -1.245940 -5.804488
201 153 45
2 2 477 248.95 -162.93 1 492 204.48 -173.70
2.094816 -1.245940 -5.804488
201 153 45
2 2 478 248.95 -162.93 1 493 204.48 -173.70
2.215596 -2.310333 -10.818817
74 53 61
2 2 482 141.61 -144.01 1 505 47.13 -137.86
2.010689 -0.700307 -6.126018
217 194 83
3 2 507 227.64 -87.05 1 355 186.23 -100.21 0 492 263.01 -79.71
2.045308 -0.606717 -6.058460
163 137 40
2 2 509 234.64 -76.91 1 359 194.67 -91.53
2.071199 -0.399524 -5.937470
225 194 63
3 2 521 243.48 -53.36 1 374 207.07 -69.64 0 510 256.49 -38.85
-0.558711 0.367768 -4.543213
245 237 249
2 2 573 -127.48 55.58 1 415 -96.33 60.15
1.049056 0.469705 -5.364890
201 41 74
2 2 576 128.27 63.00 1 408 130.78 48.06
2.761849 -3.060888 -9.194962
116 113 136
2 2 633 204.50 -229.20 1 649 110.59 -224.32
2.365954 -3.308745 -10.257995
51 47 63
3 2 656 157.41 -219.52 1 476 59.33 -212.59 4 1054 15.70 194.67
2.743242 -2.805977 -9.095164
115 100 121
2 2 663 205.97 -213.08 1 659 114.21 -209.22
2.621990 -2.911289 -9.452574
32 30 45
3 2 665 189.57 -211.68 1 660 96.00 -207.04 4 1080 -15.38 205.07
2.497589 -3.015462 -9.959989
115 109 126
2 2 675 171.45 -207.02 1 664 75.79 -201.04
2.243624 -3.169478 -10.730001
113 109 127
2 2 682 143.30 -200.12 1 674 44.43 -192.81
2.453374 -2.533779 -9.927783
67 61 76
2 2 714 169.86 -174.58 1 495 77.30 -170.03
2.286192 -2.712557 -10.546112
116 108 123
2 2 716 149.13 -174.57 1 681 53.38 -168.37
2.314401 -2.462596 -10.346800
104 104 123
2 2 734 154.14 -161.61 1 695 60.51 -156.66
2.391623 -2.350465 -10.078056
111 103 121
2 2 738 163.51 -159.06 1 696 71.57 -154.63
1.965349 -1.998904 -11.484690
107 91 101
2 2 770 119.06 -115.32 1 737 23.93 -108.06
2.301238 -0.449726 -5.302326
208 106 133
2 2 785 305.23 -69.61 1 750 274.17 -91.96
2.301238 -0.449726 -5.302326
208 106 133
2 2 786 305.23 -69.61 1 751 274.17 -91.96
2.294682 -0.396308 -5.327824
206 60 87
2 2 789 303.02 -61.59 1 755 272.44 -84.32
2.321225 -0.341354 -5.285294
208 95 123
2 2 791 309.38 -54.48 1 759 279.60 -78.24
2.099615 -0.364114 -5.913294
167 135 16
2 2 795 247.92 -49.07 1 771 212.35 -66.14
-0.529226 -0.196768 -4.852894
165 188 229
2 2 802 -112.26 -38.98 1 795 -102.50 -37.66
2.332032 -0.148071 -5.249041
215 80 98
2 2 810 313.71 -27.26 1 779 286.95 -53.38
2.332032 -0.148071 -5.249041
215 80 98
2 2 811 313.71 -27.26 1 780 286.95 -53.38
2.116977 0.004065 -5.868363
167 136 16
2 2 829 252.81 -2.53 1 820 222.23 -22.57
2.276195 0.107482 -5.384198
184 158 92
2 2 837 298.51 9.96 1 826 274.38 -16.94
-0.378444 0.418987 -4.562517
220 158 170
2 2 868 -95.92 64.33 1 872 -61.97 66.17
0.312215 0.600408 -5.257742
187 157 176
2 2 890 22.55 83.72 1 891 34.55 79.49
-0.456232 0.813766 -4.553111
132 93 111
2 2 931 -109.23 132.79 1 913 -69.09 141.45
-2.368462 2.904441 -11.822374
91 86 95
3 2 940 -139.81 179.47 1 641 -217.05 222.28 0 719 -261.35 -177.54
1.532114 0.357371 -5.801272
205 41 51
2 3 4 196.55 -9.27 1 7 165.17 27.80
-2.379567 1.548836 -12.174627
124 105 114
2 3 92 -134.94 98.53 1 91 -224.16 134.08
1.772936 -0.977988 -6.526621
226 207 90
2 3 98 185.19 -143.76 1 67 138.42 -119.55
-0.473675 0.318749 -4.635361
223 153 168
2 3 106 -57.41 -12.87 1 55 -82.49 49.34
-0.473675 0.318749 -4.635361
223 153 168
2 3 107 -57.41 -12.87 1 56 -82.49 49.34
1.297047 0.136962 -5.348945
132 26 23
2 3 137 182.90 -40.79 1 141 159.28 -2.54
0.964902 0.161343 -5.566622
135 14 22
2 3 139 133.55 -32.27 1 207 105.02 6.98
-0.611962 0.212559 -4.552792
223 160 168
2 3 140 -81.60 -29.70 1 105 -109.14 31.78
1.358662 1.165615 -5.195452
200 144 155
2 3 159 207.15 97.07 1 164 191.86 144.24
-1.806689 1.810918 -11.276311
121 100 115
3 3 164 -108.99 117.94 1 165 -191.81 154.82 4 102 167.91 -199.95
-0.250382 -0.086527 -4.863612
251 208 218
2 3 192 -25.01 -71.70 1 195 -53.45 -23.80
1.129142 0.085076 -5.312978
134 59 62
2 3 197 161.99 -47.27 1 202 138.55 -8.23
0.742266 -2.247677 -12.060612
150 127 125
2 3 246 29.60 -123.85 1 248 -55.19 -110.75
-0.499768 0.303261 -4.538468
217 152 166
2 3 271 -62.85 -16.36 1 210 -86.32 46.87
0.462916 0.588594 -5.285751
249 236 236
2 3 291 78.62 24.74 1 219 55.13 75.22
2.014053 -1.659399 -8.679729
197 186 164
2 3 353 148.64 -148.95 1 346 81.97 -132.60
1.802060 -0.913353 -6.534827
234 210 88
2 3 356 188.44 -136.91 1 352 141.91 -112.62
2.054981 -0.521342 -5.978824
243 216 80
3 3 360 239.62 -111.07 1 363 201.64 -82.99 4 528 -112.58 182.78
2.084295 -0.427324 -5.906893
190 158 35
4 3 363 247.12 -102.27 1 368 210.03 -74.06 4 527 -121.41 179.20 0 513 260.85 -37.52
2.086226 -0.426687 -5.907911
190 158 35
3 3 364 247.12 -102.27 1 369 210.03 -74.06 0 512 260.85 -37.52
-0.278523 0.337014 -4.528097
186 125 131
3 3 390 -26.55 -12.96 1 410 -44.20 49.12 4 662 104.36 98.95
-0.311241 0.393575 -4.530851
149 91 108
2 3 394 -31.26 -3.71 1 416 -49.48 60.53
-0.612164 0.720788 -4.490636
184 119 134
2 3 425 -78.53 52.72 1 447 -99.63 129.10
2.215733 -2.200262 -10.716398
153 149 170
2 3 502 127.01 -145.65 1 509 49.60 -132.96
1.986723 -0.705261 -6.155212
184 192 135
2 3 521 223.03 -126.00 1 520 182.01 -100.13
1.994089 -0.710786 -6.173392
184 192 135
3 3 522 223.03 -126.00 1 521 182.01 -100.13 0 789 259.52 -84.71
2.059222 -0.477765 -5.982703
246 219 83
4 3 531 240.43 -105.61 1 535 202.23 -78.27 4 719 -115.03 178.50 0 804 258.73 -49.23
1.148481 -0.244993 -5.234354
163 93 103
2 3 538 163.97 -93.08 1 543 140.30 -56.99
1.223236 -0.060040 -5.218226
156 83 91
2 3 549 176.42 -69.21 1 555 154.25 -31.41
-0.294242 0.318981 -4.529332
247 197 208
2 3 572 -29.30 -15.74 1 599 -47.49 46.04
2.482439 -2.867050 -9.908164
140 131 150
2 3 689 152.34 -204.40 1 673 76.98 -192.81
2.404767 -2.538048 -10.087758
128 115 128
2 3 717 146.29 -179.31 1 682 70.78 -166.98
2.265376 -2.677584 -10.579493
80 68 82
2 3 721 129.56 -177.30 1 683 51.70 -165.56
2.008738 -0.787379 -6.111405
200 170 46
2 3 761 226.26 -136.25 1 730 185.46 -110.77
2.008738 -0.787379 -6.111405
200 170 46
2 3 762 226.26 -136.25 1 731 185.46 -110.77
2.052341 -0.744526 -6.039349
200 173 44
4 3 767 234.59 -133.58 1 515 194.94 -107.28 4 1064 -101.35 199.54 0 794 274.38 -75.18
2.012939 -0.725061 -6.081503
196 170 45
2 3 769 228.65 -130.53 1 518 188.33 -104.20
2.012939 -0.725061 -6.081503
196 170 45
2 3 770 228.65 -130.53 1 519 188.33 -104.20
1.870468 -2.098257 -11.737744
74 49 49
2 3 780 95.61 -122.90 1 735 14.42 -110.13
2.085030 -0.395104 -5.903606
206 173 42
4 3 797 247.78 -98.58 1 540 210.73 -70.07 4 1019 -123.45 176.02 0 1231 259.16 -35.24
-0.633234 -0.302040 -5.090952
236 189 200
2 3 805 -80.25 -93.54 1 377 -122.74 -49.62
2.082153 -0.294145 -5.964594
206 171 32
2 3 814 245.64 -85.52 1 544 208.48 -56.72
-0.664433 -0.155833 -4.915791
157 204 237
2 3 821 -86.46 -77.35 1 805 -125.61 -28.81
-0.670179 -0.114718 -4.875166
119 141 190
2 3 824 -87.70 -72.36 1 563 -125.95 -22.47
0.912684 0.145041 -5.544024
150 41 66
2 3 855 127.54 -34.50 1 844 98.99 5.33
-0.635707 0.302012 -4.555487
228 166 183
3 3 864 -84.41 -15.02 1 601 -112.39 49.13 4 656 163.94 86.05
-0.436013 0.368123 -4.539702
202 130 146
3 3 870 -51.90 -6.35 1 870 -73.18 57.85 4 657 128.31 86.36
0.426278 0.579605 -5.245792
155 106 126
2 3 905 74.14 23.90 1 882 51.46 74.47
0.438030 0.600639 -5.255655
247 224 229
2 3 913 75.77 26.70 1 613 53.06 77.43
-0.764321 0.730756 -4.525012
249 196 203
2 3 939 -102.90 55.65 1 912 -128.83 133.46
1.565257 1.262653 -5.340834
189 140 135
2 3 960 228.02 106.48 1 915 209.51 150.69
0.909446 0.472444 -5.341632
213 195 202
2 2 97 108.15 63.29 4 163 -55.45 80.40
0.909446 0.472444 -5.341632
213 195 202
2 2 98 108.15 63.29 4 162 -55.45 80.40
2.469397 -3.077645 -9.998785
65 50 61
2 2 441 168.76 -210.12 4 1050 2.62 192.77
1.818509 -3.683811 -12.072587
90 91 111
2 2 446 103.67 -204.05 4 972 61.06 152.98
1.818509 -3.683811 -12.072587
90 91 111
2 2 447 103.67 -204.05 4 971 61.06 152.98
-0.271372 0.261088 -4.521164
225 173 182
2 2 566 -78.54 37.25 4 671 107.04 110.93
0.548888 0.968928 -5.437075
140 30 54
2 2 932 55.81 133.02 4 825 -31.71 1.88
1.549424 2.590524 -7.096892
141 136 153
2 3 69 169.59 220.75 4 63 -152.10 -166.35
-0.339625 0.374085 -4.528595
240 193 203
2 3 144 -36.23 -6.36 4 221 112.33 90.65
0.038143 0.619850 -5.303164
233 45 74
2 3 151 21.52 32.84 4 157 49.60 30.95
-2.741298 0.899034 -12.297941
117 96 105
2 3 217 -155.38 62.64 4 136 232.16 -163.92
0.643719 1.486997 -5.690916
96 5 3
2 3 226 100.56 138.78 4 187 -60.60 -66.07
2.326628 -0.497938 -5.277563
255 64 99
2 3 241 307.35 -129.47 4 384 -167.13 230.47
2.326628 -0.497938 -5.277563
255 64 99
2 3 242 307.35 -129.47 4 383 -167.13 230.47
0.238664 0.522360 -5.240798
104 39 63
2 3 282 48.42 17.45 4 213 26.10 54.28
0.861822 0.641288 -5.428128
234 44 79
2 3 292 128.44 29.41 4 478 -54.68 54.47
0.487996 0.786715 -5.403328
180 37 58
2 3 298 81.34 51.75 4 305 -15.85 23.56
1.163510 1.240500 -5.526238
75 43 27
2 3 310 169.35 105.30 4 148 -115.50 -9.97
2.511991 -3.201387 -9.880938
128 117 139
2 3 330 152.78 -226.23 4 542 1.83 203.83
1.108696 -0.226175 -5.228919
244 181 190
2 3 366 158.94 -90.69 4 523 -48.71 174.00
0.294421 0.506853 -5.248044
150 99 104
2 3 405 55.67 14.85 4 481 19.38 58.06
0.605876 0.852754 -5.424849
194 28 51
2 3 428 96.88 59.55 4 450 -33.40 19.13
1.450444 1.134594 -5.184996
185 130 132
2 3 435 219.19 91.87 4 455 -160.18 27.05
0.237516 1.095122 -5.474943
117 3 7
2 3 436 49.14 94.36 4 297 2.73 -28.30
0.612650 1.231216 -5.697046
78 0 0
2 3 440 94.63 106.54 4 435 -44.79 -36.22
-0.269089 1.554912 -9.167511
6 6 4
2 3 441 -15.00 110.04 4 408 71.02 -142.19
1.254706 2.253580 -7.710112
19 14 17
2 3 451 126.76 178.08 4 280 -94.39 -147.63
1.592466 -4.610042 -12.958269
92 88 103
2 3 465 61.93 -230.23 4 710 88.44 168.01
2.390994 -3.410940 -10.231337
126 118 137
2 3 466 138.50 -229.79 4 747 16.20 201.09
2.004733 -3.856718 -11.492450
117 113 130
2 3 469 98.05 -224.26 4 720 52.54 178.85
1.704265 -4.347765 -12.646198
60 44 54
2 3 470 70.58 -224.13 4 1000 78.83 166.12
1.951104 -3.226651 -11.574131
74 62 78
2 3 487 97.05 -188.17 4 700 44.55 146.47
1.990161 -0.800636 -6.150236
242 216 84
2 3 510 222.77 -136.61 4 742 -89.80 196.89
1.998918 -0.693478 -6.102157
240 220 94
2 3 519 226.78 -126.33 4 732 -96.26 190.30
0.523671 0.779494 -5.417759
230 194 214
2 3 599 85.71 50.48 4 625 -19.67 25.27
0.523671 0.779494 -5.417759
230 194 214
2 3 600 85.71 50.48 4 626 -19.67 25.27
-0.266605 1.502182 -9.194126
72 59 60
2 3 611 -15.23 105.73 4 572 72.11 -138.22
-0.551802 1.555963 -9.748867
14 12 15
2 3 612 -35.33 107.02 4 571 93.22 -151.98
1.528283 2.158399 -7.197377
115 95 82
2 3 628 162.97 176.77 4 575 -130.30 -126.17
1.528283 2.158399 -7.197377
115 95 82
2 3 629 162.97 176.77 4 576 -130.30 -126.17
2.503930 -3.248624 -9.956644
124 118 149
2 3 658 150.71 -227.19 4 1072 3.95 203.57
2.569637 -3.099181 -9.647516
146 138 160
2 3 661 161.29 -226.00 4 1086 -5.89 207.43
1.734662 -4.236693 -12.447373
106 103 119
2 3 666 73.76 -222.87 4 1001 75.06 166.74
2.650154 -2.909989 -9.409988
124 114 122
2 3 668 172.12 -220.26 4 1085 -17.73 206.89
2.196874 -3.134318 -10.795306
117 110 129
2 3 694 120.23 -199.66 4 1002 25.25 166.92
1.753216 -3.147812 -12.174375
110 102 119
2 3 731 81.07 -172.45 4 943 55.61 125.20
-0.625047 0.117874 -4.540681
236 173 188
2 3 847 -84.61 -45.18 4 928 170.89 114.65
-0.313291 0.418170 -4.561079
196 138 152
2 3 875 -31.33 0.97 4 910 105.89 83.17
0.513800 0.829031 -5.413115
235 153 173
2 3 940 84.87 57.18 4 853 -20.93 18.91
0.626204 0.957063 -5.444197
162 28 49
2 3 948 100.02 73.22 4 610 -40.34 6.25
0.506038 0.957518 -5.426910
223 201 224
2 3 952 84.46 74.31 4 824 -25.90 1.97
2.334889 -0.197174 -5.231543
227 157 174
2 1 125 287.89 -60.43 4 255 -185.11 203.54
2.366695 0.035536 -5.173860
221 180 195
3 1 134 299.21 -30.87 4 176 -204.51 182.96 0 193 289.91 69.99
2.318488 -0.267450 -5.241955
205 169 184
2 1 178 284.08 -69.47 4 256 -179.34 209.59
2.357846 -0.242564 -5.197071
213 36 57
2 1 179 292.25 -67.37 4 260 -186.99 211.10
2.344676 -0.120053 -5.206569
220 180 189
3 1 185 292.09 -50.83 4 252 -191.07 197.92 0 256 298.53 54.02
2.334065 -0.000444 -5.238347
214 39 53
3 1 192 290.56 -33.86 4 245 -194.25 183.46 0 261 286.03 61.14
2.369443 0.159092 -5.115574
220 188 205
2 1 199 307.17 -14.37 4 351 -213.08 174.48
2.379011 0.155286 -5.129392
220 188 205
3 1 200 307.17 -14.37 4 350 -213.08 174.48 0 376 283.35 84.37
2.337220 -0.426801 -5.260273
214 37 60
2 1 252 281.82 -90.23 4 377 -172.59 224.85
-3.070308 -0.681665 -14.755240
103 100 125
2 1 281 -251.51 9.66 4 594 245.45 -98.15
-0.463586 0.621573 -4.472229
220 167 180
2 1 303 -72.69 107.14 4 315 120.25 50.36
-0.705186 0.643247 -4.462471
158 96 117
2 1 309 -119.08 116.75 4 464 160.16 35.34
2.658341 -2.819536 -9.409457
87 79 92
2 1 336 100.76 -202.14 4 748 -19.81 201.87
2.064510 -0.623497 -5.995121
161 135 39
2 1 358 200.10 -94.84 4 738 -108.75 191.51
2.071035 -0.436396 -5.961253
213 182 65
2 1 370 205.42 -73.58 4 524 -118.40 176.44
2.343622 -0.051929 -5.218700
228 185 199
3 1 380 292.20 -41.50 4 731 -193.89 189.83 0 551 292.10 58.70
-3.097335 -0.717042 -14.948761
105 101 122
2 1 395 -251.05 8.55 4 595 245.45 -98.15
-2.161396 0.289800 -11.924983
30 23 27
2 1 412 -219.91 55.69 4 416 212.60 -115.95
-2.161396 0.289800 -11.924983
30 23 27
2 1 413 -219.91 55.69 4 415 212.60 -115.95
-0.505254 0.432679 -4.514593
168 140 174
2 1 425 -84.77 71.50 4 649 136.54 75.01
0.478980 1.016959 -5.430732
204 168 181
2 1 449 57.86 135.90 4 436 -25.26 -6.77
0.478980 1.016959 -5.430732
204 168 181
2 1 450 57.86 135.90 4 437 -25.26 -6.77
2.751137 -2.933536 -8.981124
81 74 89
2 1 470 116.53 -221.70 4 1130 -28.50 225.85
2.056197 -0.664321 -6.000588
159 131 35
2 1 522 198.31 -99.44 4 1056 -106.09 194.70
2.056197 -0.664321 -6.000588
159 131 35
2 1 523 198.31 -99.44 4 1055 -106.09 194.70
2.328545 -0.317291 -5.249397
226 180 196
2 1 539 283.62 -75.97 4 763 -177.66 214.44
2.334545 -0.262244 -5.230241
229 182 199
3 1 542 286.56 -69.43 4 1093 -181.77 210.53 0 858 307.78 39.72
2.346138 0.044526 -5.211417
229 167 175
3 1 558 294.75 -28.35 4 1026 -199.50 180.35 0 1336 285.05 67.36
2.346138 0.044526 -5.211417
229 167 175
3 1 559 294.75 -28.35 4 1025 -199.50 180.35 0 1337 285.05 67.36
2.386625 0.184052 -5.117759
208 43 65
3 1 570 309.38 -10.55 4 1014 -216.05 172.53 0 891 281.82 88.10
2.383661 0.273528 -5.079186
190 71 99
2 1 578 313.64 0.86 4 995 -222.74 164.73
-1.880156 0.398035 -11.484485
41 29 37
2 1 606 -204.51 61.39 4 586 197.96 -114.11
-1.783458 0.454851 -11.329587
39 29 37
2 1 608 -198.89 64.76 4 585 192.24 -114.60
-0.788321 0.590454 -4.482327
177 111 130
2 1 624 -136.46 107.93 4 634 176.59 38.47
0.460868 0.838113 -5.404774
183 112 129
2 1 627 53.82 110.73 4 845 -14.99 15.98
0.612253 0.908986 -5.435285
134 8 22
2 1 629 75.00 117.77 4 615 -36.24 11.84
2.648290 -2.738207 -9.313424
41 31 41
2 1 667 102.52 -198.88 4 1067 -22.83 200.97
2.029441 -0.791184 -6.102833
205 177 65
3 1 734 188.40 -110.59 4 1063 -95.62 199.50 0 1212 272.18 -84.42
2.344249 -0.214898 -5.218695
235 185 202
2 1 772 289.43 -63.10 4 1082 -186.01 206.54
2.337567 -0.132501 -5.226768
230 182 190
2 1 783 289.43 -51.86 4 1059 -189.13 197.40
2.360251 0.006040 -5.171619
190 82 110
3 1 799 298.82 -34.47 4 1038 -200.98 187.38 0 1338 291.45 68.10
2.360251 0.006040 -5.171619
190 82 110
3 1 800 298.82 -34.47 4 1037 -200.98 187.38 0 1339 291.45 68.10
2.388565 0.163365 -5.100568
232 168 187
3 1 829 310.73 -13.69 4 1020 -216.12 175.78 0 1371 285.15 87.82
2.381170 0.205989 -5.071444
249 156 168
2 1 835 312.94 -8.54 4 1016 -219.30 172.53
2.381170 0.205989 -5.071444
249 156 168
2 1 836 312.94 -8.54 4 1015 -219.30 172.53
0.992281 1.430185 -5.568439
190 117 131
2 1 917 125.50 180.34 4 819 -103.81 -41.30
2.339221 -0.193992 -5.233831
227 157 174
2 1 126 287.89 -60.43 0 185 302.13 45.35
2.323606 -0.133637 -5.279353
217 38 44
2 1 129 283.45 -51.63 0 187 293.24 46.42
2.370669 0.082936 -5.152376
231 165 180
2 1 136 302.98 -24.16 0 267 287.28 76.13
2.370669 0.082936 -5.152376
231 165 180
2 1 137 302.98 -24.16 0 266 287.28 76.13
2.346253 -0.118689 -5.207704
220 180 189
2 1 186 292.09 -50.83 0 255 298.53 54.02
2.382699 0.034920 -5.116390
208 46 66
2 1 267 306.29 -31.84 0 561 294.01 75.91
2.396009 0.138910 -5.090482
212 43 79
2 1 387 312.06 -17.35 0 887 288.13 86.70
2.078208 -0.459877 -5.924862
154 125 24
2 1 538 207.94 -77.23 0 807 262.35 -42.45
2.070003 -0.181887 -5.886124
164 134 26
2 1 548 213.48 -44.40 0 814 243.88 -17.69
2.247318 -0.187292 -5.480868
175 143 24
2 1 781 259.40 -53.61 0 1295 280.34 21.91
2.247318 -0.187292 -5.480868
175 143 24
2 1 782 259.40 -53.61 0 1294 280.34 21.91
2.357481 -0.038933 -5.187094
195 79 113
2 1 790 296.37 -40.53 0 1324 293.86 62.89
2.357481 -0.038933 -5.187094
195 79 113
2 1 791 296.37 -40.53 0 1325 293.86 62.89
2.353370 0.062516 -5.188709
199 74 90
2 1 811 297.62 -26.43 0 1341 285.76 70.96
2.451708 0.353820 -4.954848
250 148 75
2 4 242 -242.17 164.55 0 389 282.45 118.19
2.347900 0.098414 -5.209381
255 60 100
2 4 244 -202.63 174.78 0 196 280.80 72.25
2.411461 0.213886 -5.052234
255 64 106
2 4 349 -224.32 173.19 0 383 285.45 96.92
2.394501 0.155275 -5.066266
255 65 107
2 4 358 -217.97 179.22 0 379 288.36 90.88
-0.687085 1.204269 -6.892035
67 52 60
2 4 425 116.50 -106.22 0 306 -119.35 -211.52
2.472826 0.391888 -4.914346
228 109 50
2 4 518 -249.22 163.05 0 593 282.94 125.24
2.403509 0.268814 -5.072686
255 198 213
2 4 999 -225.34 165.60 0 1392 279.20 99.66
2.394806 0.212144 -5.111414
248 69 109
2 4 1009 -218.92 169.60 0 1375 280.02 91.55
